[0.039s] Invoking command in '/home/ros2/assignment/build/car_gazebo_plugin': CMAKE_PREFIX_PATH=/home/ros2/assignment/install/smartcar_msgs:/home/ros2/assignment/install/car_gazebo_plugin:/home/ros2/assignment/install/ackermann_msgs:/home/ros2/assignment/install/smart_car:/opt/ros/humble LD_LIBRARY_PATH=/home/ros2/assignment/install/smartcar_msgs/lib:/home/ros2/assignment/install/car_gazebo_plugin/lib:/home/ros2/assignment/install/ackermann_msgs/lib:/usr/lib/x86_64-linux-gnu/gazebo-11/plugins:/opt/ros/humble/opt/rviz_ogre_vendor/lib:/opt/ros/humble/lib/x86_64-linux-gnu:/opt/ros/humble/lib:/usr/lib/x86_64-linux-gnu/gazebo-11/plugins:/usr/lib/x86_64-linux-gnu/gazebo-11/plugins:/usr/lib/x86_64-linux-gnu/gazebo-11/plugins /usr/bin/cmake --build /home/ros2/assignment/build/car_gazebo_plugin -- -j8 -l8
[0.264s] [35m[1mConsolidate compiler generated dependencies of target car_gazebo_plugin[0m
[0.421s] [ 50%] [32mBuilding CXX object CMakeFiles/car_gazebo_plugin.dir/src/car_gazebo_plugin.cpp.o[0m
[38.630s] [100%] [32m[1mLinking CXX shared library libcar_gazebo_plugin.so[0m
[41.334s] [100%] Built target car_gazebo_plugin
[41.364s] Invoked command in '/home/ros2/assignment/build/car_gazebo_plugin' returned '0': CMAKE_PREFIX_PATH=/home/ros2/assignment/install/smartcar_msgs:/home/ros2/assignment/install/car_gazebo_plugin:/home/ros2/assignment/install/ackermann_msgs:/home/ros2/assignment/install/smart_car:/opt/ros/humble LD_LIBRARY_PATH=/home/ros2/assignment/install/smartcar_msgs/lib:/home/ros2/assignment/install/car_gazebo_plugin/lib:/home/ros2/assignment/install/ackermann_msgs/lib:/usr/lib/x86_64-linux-gnu/gazebo-11/plugins:/opt/ros/humble/opt/rviz_ogre_vendor/lib:/opt/ros/humble/lib/x86_64-linux-gnu:/opt/ros/humble/lib:/usr/lib/x86_64-linux-gnu/gazebo-11/plugins:/usr/lib/x86_64-linux-gnu/gazebo-11/plugins:/usr/lib/x86_64-linux-gnu/gazebo-11/plugins /usr/bin/cmake --build /home/ros2/assignment/build/car_gazebo_plugin -- -j8 -l8
[41.437s] Invoking command in '/home/ros2/assignment/build/car_gazebo_plugin': CMAKE_PREFIX_PATH=/home/ros2/assignment/install/smartcar_msgs:/home/ros2/assignment/install/car_gazebo_plugin:/home/ros2/assignment/install/ackermann_msgs:/home/ros2/assignment/install/smart_car:/opt/ros/humble LD_LIBRARY_PATH=/home/ros2/assignment/install/smartcar_msgs/lib:/home/ros2/assignment/install/car_gazebo_plugin/lib:/home/ros2/assignment/install/ackermann_msgs/lib:/usr/lib/x86_64-linux-gnu/gazebo-11/plugins:/opt/ros/humble/opt/rviz_ogre_vendor/lib:/opt/ros/humble/lib/x86_64-linux-gnu:/opt/ros/humble/lib:/usr/lib/x86_64-linux-gnu/gazebo-11/plugins:/usr/lib/x86_64-linux-gnu/gazebo-11/plugins:/usr/lib/x86_64-linux-gnu/gazebo-11/plugins /usr/bin/cmake --install /home/ros2/assignment/build/car_gazebo_plugin
[41.451s] -- Install configuration: ""
[41.453s] -- Execute custom install script
[41.456s] -- Up-to-date symlink: /home/ros2/assignment/install/car_gazebo_plugin/share/car_gazebo_plugin/environment/library_path.sh
[41.457s] -- Up-to-date symlink: /home/ros2/assignment/install/car_gazebo_plugin/share/car_gazebo_plugin/environment/library_path.dsv
[41.458s] -- Up-to-date symlink: /home/ros2/assignment/install/car_gazebo_plugin/lib/libcar_gazebo_plugin.so
[41.461s] -- Up-to-date symlink: /home/ros2/assignment/install/car_gazebo_plugin/share/car_gazebo_plugin//car_gazebo.launch.py
[41.464s] -- Up-to-date symlink: /home/ros2/assignment/install/car_gazebo_plugin/share/ament_index/resource_index/package_run_dependencies/car_gazebo_plugin
[41.465s] -- Up-to-date symlink: /home/ros2/assignment/install/car_gazebo_plugin/share/ament_index/resource_index/parent_prefix_path/car_gazebo_plugin
[41.467s] -- Up-to-date symlink: /home/ros2/assignment/install/car_gazebo_plugin/share/car_gazebo_plugin/environment/ament_prefix_path.sh
[41.468s] -- Up-to-date symlink: /home/ros2/assignment/install/car_gazebo_plugin/share/car_gazebo_plugin/environment/ament_prefix_path.dsv
[41.468s] -- Up-to-date symlink: /home/ros2/assignment/install/car_gazebo_plugin/share/car_gazebo_plugin/environment/path.sh
[41.469s] -- Up-to-date symlink: /home/ros2/assignment/install/car_gazebo_plugin/share/car_gazebo_plugin/environment/path.dsv
[41.469s] -- Up-to-date symlink: /home/ros2/assignment/install/car_gazebo_plugin/share/car_gazebo_plugin/local_setup.bash
[41.470s] -- Up-to-date symlink: /home/ros2/assignment/install/car_gazebo_plugin/share/car_gazebo_plugin/local_setup.sh
[41.471s] -- Up-to-date symlink: /home/ros2/assignment/install/car_gazebo_plugin/share/car_gazebo_plugin/local_setup.zsh
[41.471s] -- Up-to-date symlink: /home/ros2/assignment/install/car_gazebo_plugin/share/car_gazebo_plugin/local_setup.dsv
[41.471s] -- Symlinking: /home/ros2/assignment/install/car_gazebo_plugin/share/car_gazebo_plugin/package.dsv
[41.486s] -- Up-to-date symlink: /home/ros2/assignment/install/car_gazebo_plugin/share/ament_index/resource_index/packages/car_gazebo_plugin
[41.487s] -- Up-to-date symlink: /home/ros2/assignment/install/car_gazebo_plugin/share/car_gazebo_plugin/cmake/ament_cmake_export_libraries-extras.cmake
[41.488s] -- Up-to-date symlink: /home/ros2/assignment/install/car_gazebo_plugin/share/car_gazebo_plugin/cmake/ament_cmake_export_include_directories-extras.cmake
[41.489s] -- Up-to-date symlink: /home/ros2/assignment/install/car_gazebo_plugin/share/car_gazebo_plugin/cmake/ament_cmake_export_dependencies-extras.cmake
[41.490s] -- Up-to-date symlink: /home/ros2/assignment/install/car_gazebo_plugin/share/car_gazebo_plugin/cmake/car_gazebo_pluginConfig.cmake
[41.490s] -- Up-to-date symlink: /home/ros2/assignment/install/car_gazebo_plugin/share/car_gazebo_plugin/cmake/car_gazebo_pluginConfig-version.cmake
[41.490s] -- Up-to-date symlink: /home/ros2/assignment/install/car_gazebo_plugin/share/car_gazebo_plugin/package.xml
[41.494s] Invoked command in '/home/ros2/assignment/build/car_gazebo_plugin' returned '0': CMAKE_PREFIX_PATH=/home/ros2/assignment/install/smartcar_msgs:/home/ros2/assignment/install/car_gazebo_plugin:/home/ros2/assignment/install/ackermann_msgs:/home/ros2/assignment/install/smart_car:/opt/ros/humble LD_LIBRARY_PATH=/home/ros2/assignment/install/smartcar_msgs/lib:/home/ros2/assignment/install/car_gazebo_plugin/lib:/home/ros2/assignment/install/ackermann_msgs/lib:/usr/lib/x86_64-linux-gnu/gazebo-11/plugins:/opt/ros/humble/opt/rviz_ogre_vendor/lib:/opt/ros/humble/lib/x86_64-linux-gnu:/opt/ros/humble/lib:/usr/lib/x86_64-linux-gnu/gazebo-11/plugins:/usr/lib/x86_64-linux-gnu/gazebo-11/plugins:/usr/lib/x86_64-linux-gnu/gazebo-11/plugins /usr/bin/cmake --install /home/ros2/assignment/build/car_gazebo_plugin
