[0.043s] Invoking command in '/home/ros2/assignment/build/smart_car': CMAKE_PREFIX_PATH=/home/ros2/assignment/install/smartcar_msgs:/home/ros2/assignment/install/car_gazebo_plugin:/home/ros2/assignment/install/ackermann_msgs:/home/ros2/assignment/install/smart_car:/opt/ros/humble LD_LIBRARY_PATH=/home/ros2/assignment/install/smartcar_msgs/lib:/home/ros2/assignment/install/car_gazebo_plugin/lib:/home/ros2/assignment/install/ackermann_msgs/lib:/usr/lib/x86_64-linux-gnu/gazebo-11/plugins:/opt/ros/humble/opt/rviz_ogre_vendor/lib:/opt/ros/humble/lib/x86_64-linux-gnu:/opt/ros/humble/lib:/usr/lib/x86_64-linux-gnu/gazebo-11/plugins /usr/bin/cmake --build /home/ros2/assignment/build/smart_car -- -j8 -l8
[0.291s] Invoked command in '/home/ros2/assignment/build/smart_car' returned '0': CMAKE_PREFIX_PATH=/home/ros2/assignment/install/smartcar_msgs:/home/ros2/assignment/install/car_gazebo_plugin:/home/ros2/assignment/install/ackermann_msgs:/home/ros2/assignment/install/smart_car:/opt/ros/humble LD_LIBRARY_PATH=/home/ros2/assignment/install/smartcar_msgs/lib:/home/ros2/assignment/install/car_gazebo_plugin/lib:/home/ros2/assignment/install/ackermann_msgs/lib:/usr/lib/x86_64-linux-gnu/gazebo-11/plugins:/opt/ros/humble/opt/rviz_ogre_vendor/lib:/opt/ros/humble/lib/x86_64-linux-gnu:/opt/ros/humble/lib:/usr/lib/x86_64-linux-gnu/gazebo-11/plugins /usr/bin/cmake --build /home/ros2/assignment/build/smart_car -- -j8 -l8
[0.374s] Invoking command in '/home/ros2/assignment/build/smart_car': CMAKE_PREFIX_PATH=/home/ros2/assignment/install/smartcar_msgs:/home/ros2/assignment/install/car_gazebo_plugin:/home/ros2/assignment/install/ackermann_msgs:/home/ros2/assignment/install/smart_car:/opt/ros/humble LD_LIBRARY_PATH=/home/ros2/assignment/install/smartcar_msgs/lib:/home/ros2/assignment/install/car_gazebo_plugin/lib:/home/ros2/assignment/install/ackermann_msgs/lib:/usr/lib/x86_64-linux-gnu/gazebo-11/plugins:/opt/ros/humble/opt/rviz_ogre_vendor/lib:/opt/ros/humble/lib/x86_64-linux-gnu:/opt/ros/humble/lib:/usr/lib/x86_64-linux-gnu/gazebo-11/plugins /usr/bin/cmake --install /home/ros2/assignment/build/smart_car
[0.386s] -- Install configuration: ""
[0.388s] -- Execute custom install script
[0.392s] -- Up-to-date symlink: /home/ros2/assignment/install/smart_car/share/smart_car/launch/gazebo.launch.py
[0.393s] -- Up-to-date symlink: /home/ros2/assignment/install/smart_car/share/smart_car/launch/smartcar.launch.py
[0.394s] -- Up-to-date symlink: /home/ros2/assignment/install/smart_car/share/smart_car/urdf/smartcar.urdf
[0.394s] -- Up-to-date symlink: /home/ros2/assignment/install/smart_car/share/smart_car/urdf/smartcar.urdf.xacro
[0.395s] -- Up-to-date symlink: /home/ros2/assignment/install/smart_car/share/smart_car/rviz/smartcar.rviz
[0.397s] -- Up-to-date symlink: /home/ros2/assignment/install/smart_car/lib/smart_car/wheel_odometry.py
[0.397s] -- Up-to-date symlink: /home/ros2/assignment/install/smart_car/lib/smart_car/joint_state_publisher.py
[0.401s] -- Up-to-date symlink: /home/ros2/assignment/install/smart_car/share/ament_index/resource_index/package_run_dependencies/smart_car
[0.402s] -- Up-to-date symlink: /home/ros2/assignment/install/smart_car/share/ament_index/resource_index/parent_prefix_path/smart_car
[0.405s] -- Up-to-date symlink: /home/ros2/assignment/install/smart_car/share/smart_car/environment/ament_prefix_path.sh
[0.405s] -- Up-to-date symlink: /home/ros2/assignment/install/smart_car/share/smart_car/environment/ament_prefix_path.dsv
[0.406s] -- Up-to-date symlink: /home/ros2/assignment/install/smart_car/share/smart_car/environment/path.sh
[0.407s] -- Up-to-date symlink: /home/ros2/assignment/install/smart_car/share/smart_car/environment/path.dsv
[0.408s] -- Up-to-date symlink: /home/ros2/assignment/install/smart_car/share/smart_car/local_setup.bash
[0.408s] -- Up-to-date symlink: /home/ros2/assignment/install/smart_car/share/smart_car/local_setup.sh
[0.409s] -- Up-to-date symlink: /home/ros2/assignment/install/smart_car/share/smart_car/local_setup.zsh
[0.409s] -- Up-to-date symlink: /home/ros2/assignment/install/smart_car/share/smart_car/local_setup.dsv
[0.409s] -- Symlinking: /home/ros2/assignment/install/smart_car/share/smart_car/package.dsv
[0.426s] -- Up-to-date symlink: /home/ros2/assignment/install/smart_car/share/ament_index/resource_index/packages/smart_car
[0.427s] -- Up-to-date symlink: /home/ros2/assignment/install/smart_car/share/smart_car/cmake/smart_carConfig.cmake
[0.428s] -- Up-to-date symlink: /home/ros2/assignment/install/smart_car/share/smart_car/cmake/smart_carConfig-version.cmake
[0.428s] -- Up-to-date symlink: /home/ros2/assignment/install/smart_car/share/smart_car/package.xml
[0.433s] Invoked command in '/home/ros2/assignment/build/smart_car' returned '0': CMAKE_PREFIX_PATH=/home/ros2/assignment/install/smartcar_msgs:/home/ros2/assignment/install/car_gazebo_plugin:/home/ros2/assignment/install/ackermann_msgs:/home/ros2/assignment/install/smart_car:/opt/ros/humble LD_LIBRARY_PATH=/home/ros2/assignment/install/smartcar_msgs/lib:/home/ros2/assignment/install/car_gazebo_plugin/lib:/home/ros2/assignment/install/ackermann_msgs/lib:/usr/lib/x86_64-linux-gnu/gazebo-11/plugins:/opt/ros/humble/opt/rviz_ogre_vendor/lib:/opt/ros/humble/lib/x86_64-linux-gnu:/opt/ros/humble/lib:/usr/lib/x86_64-linux-gnu/gazebo-11/plugins /usr/bin/cmake --install /home/ros2/assignment/build/smart_car
