[  9%] Built target smartcar_msgs__cpp
[ 12%] Built target smartcar_msgs__rosidl_generator_c
[ 12%] Built target ament_cmake_python_copy_smartcar_msgs
[35m[1mConsolidate compiler generated dependencies of target smartcar_msgs__rosidl_typesupport_fastrtps_cpp[0m
[35m[1mConsolidate compiler generated dependencies of target smartcar_msgs__rosidl_typesupport_fastrtps_c[0m
[35m[1mConsolidate compiler generated dependencies of target smartcar_msgs__rosidl_typesupport_introspection_cpp[0m
[35m[1mConsolidate compiler generated dependencies of target smartcar_msgs__rosidl_typesupport_cpp[0m
[ 22%] Built target smartcar_msgs__rosidl_typesupport_c
[ 32%] Built target smartcar_msgs__rosidl_typesupport_introspection_c
[ 41%] Built target smartcar_msgs__rosidl_typesupport_fastrtps_c
[ 51%] Built target smartcar_msgs__rosidl_typesupport_introspection_cpp
[ 61%] Built target smartcar_msgs__rosidl_typesupport_fastrtps_cpp
[ 70%] Built target smartcar_msgs__rosidl_typesupport_cpp
[ 70%] Built target smartcar_msgs
[ 74%] Built target smartcar_msgs__py
[35m[1mConsolidate compiler generated dependencies of target smartcar_msgs__rosidl_generator_py[0m
[ 80%] Built target smartcar_msgs__rosidl_generator_py
[35m[1mConsolidate compiler generated dependencies of target smartcar_msgs__rosidl_typesupport_c__pyext[0m
[35m[1mConsolidate compiler generated dependencies of target smartcar_msgs__rosidl_typesupport_introspection_c__pyext[0m
[35m[1mConsolidate compiler generated dependencies of target smartcar_msgs__rosidl_typesupport_fastrtps_c__pyext[0m
[100%] Built target smartcar_msgs__rosidl_typesupport_c__pyext
[100%] Built target smartcar_msgs__rosidl_typesupport_introspection_c__pyext
[100%] Built target smartcar_msgs__rosidl_typesupport_fastrtps_c__pyext
running egg_info
writing smartcar_msgs.egg-info/PKG-INFO
writing dependency_links to smartcar_msgs.egg-info/dependency_links.txt
writing top-level names to smartcar_msgs.egg-info/top_level.txt
reading manifest file 'smartcar_msgs.egg-info/SOURCES.txt'
writing manifest file 'smartcar_msgs.egg-info/SOURCES.txt'
[100%] Built target ament_cmake_python_build_smartcar_msgs_egg
