[0.038s] Invoking command in '/home/ros2/assignment/build/smartcar_msgs': CMAKE_PREFIX_PATH=${CMAKE_PREFIX_PATH}:/opt/ros/humble /usr/bin/cmake --build /home/ros2/assignment/build/smartcar_msgs -- -j8 -l8
[0.123s] [  9%] Built target smartcar_msgs__cpp
[0.127s] [ 12%] Built target smartcar_msgs__rosidl_generator_c
[0.149s] [ 12%] Built target ament_cmake_python_copy_smartcar_msgs
[0.150s] [35m[1mConsolidate compiler generated dependencies of target smartcar_msgs__rosidl_typesupport_fastrtps_cpp[0m
[0.155s] [35m[1mConsolidate compiler generated dependencies of target smartcar_msgs__rosidl_typesupport_fastrtps_c[0m
[0.155s] [35m[1mConsolidate compiler generated dependencies of target smartcar_msgs__rosidl_typesupport_introspection_cpp[0m
[0.168s] [35m[1mConsolidate compiler generated dependencies of target smartcar_msgs__rosidl_typesupport_cpp[0m
[0.169s] [ 22%] Built target smartcar_msgs__rosidl_typesupport_c
[0.176s] [ 32%] Built target smartcar_msgs__rosidl_typesupport_introspection_c
[0.184s] [ 41%] Built target smartcar_msgs__rosidl_typesupport_fastrtps_c
[0.184s] [ 51%] Built target smartcar_msgs__rosidl_typesupport_introspection_cpp
[0.188s] [ 61%] Built target smartcar_msgs__rosidl_typesupport_fastrtps_cpp
[0.192s] [ 70%] Built target smartcar_msgs__rosidl_typesupport_cpp
[0.230s] [ 70%] Built target smartcar_msgs
[0.267s] [ 74%] Built target smartcar_msgs__py
[0.285s] [35m[1mConsolidate compiler generated dependencies of target smartcar_msgs__rosidl_generator_py[0m
[0.310s] [ 80%] Built target smartcar_msgs__rosidl_generator_py
[0.331s] [35m[1mConsolidate compiler generated dependencies of target smartcar_msgs__rosidl_typesupport_c__pyext[0m
[0.331s] [35m[1mConsolidate compiler generated dependencies of target smartcar_msgs__rosidl_typesupport_introspection_c__pyext[0m
[0.332s] [35m[1mConsolidate compiler generated dependencies of target smartcar_msgs__rosidl_typesupport_fastrtps_c__pyext[0m
[0.352s] [100%] Built target smartcar_msgs__rosidl_typesupport_c__pyext
[0.352s] [100%] Built target smartcar_msgs__rosidl_typesupport_introspection_c__pyext
[0.352s] [100%] Built target smartcar_msgs__rosidl_typesupport_fastrtps_c__pyext
[0.593s] running egg_info
[0.594s] writing smartcar_msgs.egg-info/PKG-INFO
[0.595s] writing dependency_links to smartcar_msgs.egg-info/dependency_links.txt
[0.595s] writing top-level names to smartcar_msgs.egg-info/top_level.txt
[0.599s] reading manifest file 'smartcar_msgs.egg-info/SOURCES.txt'
[0.600s] writing manifest file 'smartcar_msgs.egg-info/SOURCES.txt'
[0.647s] [100%] Built target ament_cmake_python_build_smartcar_msgs_egg
