[  3%] Built target smartcar_msgs__cpp
[ 12%] Built target smartcar_msgs__rosidl_generator_c
[ 12%] Built target ament_cmake_python_copy_smartcar_msgs
[ 22%] Built target smartcar_msgs__rosidl_typesupport_cpp
[ 32%] Built target smartcar_msgs__rosidl_typesupport_introspection_cpp
[ 41%] Built target smartcar_msgs__rosidl_typesupport_fastrtps_cpp
[ 51%] Built target smartcar_msgs__rosidl_typesupport_fastrtps_c
[ 61%] Built target smartcar_msgs__rosidl_typesupport_c
[ 70%] Built target smartcar_msgs__rosidl_typesupport_introspection_c
[ 70%] Built target smartcar_msgs
[ 74%] Built target smartcar_msgs__py
[ 80%] Built target smartcar_msgs__rosidl_generator_py
[100%] Built target smartcar_msgs__rosidl_typesupport_introspection_c__pyext
[100%] Built target smartcar_msgs__rosidl_typesupport_c__pyext
[100%] Built target smartcar_msgs__rosidl_typesupport_fastrtps_c__pyext
running egg_info
writing smartcar_msgs.egg-info/PKG-INFO
writing dependency_links to smartcar_msgs.egg-info/dependency_links.txt
writing top-level names to smartcar_msgs.egg-info/top_level.txt
reading manifest file 'smartcar_msgs.egg-info/SOURCES.txt'
writing manifest file 'smartcar_msgs.egg-info/SOURCES.txt'
[100%] Built target ament_cmake_python_build_smartcar_msgs_egg
