[0.036s] Invoking command in '/home/ros2/assignment/build/smartcar_msgs': CMAKE_PREFIX_PATH=${CMAKE_PREFIX_PATH}:/opt/ros/humble /usr/bin/cmake --build /home/ros2/assignment/build/smartcar_msgs -- -j8 -l8
[0.149s] [  3%] Built target smartcar_msgs__cpp
[0.172s] [ 12%] Built target smartcar_msgs__rosidl_generator_c
[0.209s] [ 12%] Built target ament_cmake_python_copy_smartcar_msgs
[0.222s] [ 22%] Built target smartcar_msgs__rosidl_typesupport_cpp
[0.239s] [ 32%] Built target smartcar_msgs__rosidl_typesupport_introspection_cpp
[0.241s] [ 41%] Built target smartcar_msgs__rosidl_typesupport_fastrtps_cpp
[0.247s] [ 51%] Built target smartcar_msgs__rosidl_typesupport_fastrtps_c
[0.260s] [ 61%] Built target smartcar_msgs__rosidl_typesupport_c
[0.260s] [ 70%] Built target smartcar_msgs__rosidl_typesupport_introspection_c
[0.302s] [ 70%] Built target smartcar_msgs
[0.351s] [ 74%] Built target smartcar_msgs__py
[0.398s] [ 80%] Built target smartcar_msgs__rosidl_generator_py
[0.447s] [100%] Built target smartcar_msgs__rosidl_typesupport_introspection_c__pyext
[0.447s] [100%] Built target smartcar_msgs__rosidl_typesupport_c__pyext
[0.447s] [100%] Built target smartcar_msgs__rosidl_typesupport_fastrtps_c__pyext
[0.737s] running egg_info
[0.738s] writing smartcar_msgs.egg-info/PKG-INFO
[0.739s] writing dependency_links to smartcar_msgs.egg-info/dependency_links.txt
[0.739s] writing top-level names to smartcar_msgs.egg-info/top_level.txt
[0.743s] reading manifest file 'smartcar_msgs.egg-info/SOURCES.txt'
[0.744s] writing manifest file 'smartcar_msgs.egg-info/SOURCES.txt'
[0.791s] [100%] Built target ament_cmake_python_build_smartcar_msgs_egg
