[0.024s] Invoking command in '/home/ros2/assignment/build/smart_car': CMAKE_PREFIX_PATH=${CMAKE_PREFIX_PATH}:/opt/ros/humble LD_LIBRARY_PATH=/home/ros2/assignment/install/smartcar_msgs/lib:/usr/lib/x86_64-linux-gnu/gazebo-11/plugins:/opt/ros/humble/opt/rviz_ogre_vendor/lib:/opt/ros/humble/lib/x86_64-linux-gnu:/opt/ros/humble/lib:/usr/lib/x86_64-linux-gnu/gazebo-11/plugins /usr/bin/cmake /home/ros2/assignment/src/smart_car -DAMENT_CMAKE_SYMLINK_INSTALL=1 -DCMAKE_INSTALL_PREFIX=/home/ros2/assignment/install/smart_car
[0.142s] -- The C compiler identification is GNU 11.4.0
[0.260s] -- The CXX compiler identification is GNU 11.4.0
[0.277s] -- Detecting C compiler ABI info
[0.379s] -- Detecting C compiler ABI info - done
[0.395s] -- Check for working C compiler: /usr/lib/ccache/gcc - skipped
[0.395s] -- Detecting C compile features
[0.396s] -- Detecting C compile features - done
[0.403s] -- Detecting CXX compiler ABI info
[0.532s] -- Detecting CXX compiler ABI info - done
[0.548s] -- Check for working CXX compiler: /usr/lib/ccache/g++ - skipped
[0.549s] -- Detecting CXX compile features
[0.550s] -- Detecting CXX compile features - done
[0.554s] -- Found ament_cmake: 1.3.10 (/opt/ros/humble/share/ament_cmake/cmake)
[0.801s] -- Found Python3: /usr/bin/python3 (found version "3.10.12") found components: Interpreter 
[0.906s] -- Override CMake install command with custom implementation using symlinks instead of copying resources
[0.952s] -- Found rclcpp: 16.0.10 (/opt/ros/humble/share/rclcpp/cmake)
[1.047s] -- Found rosidl_generator_c: 3.1.5 (/opt/ros/humble/share/rosidl_generator_c/cmake)
[1.056s] -- Found rosidl_adapter: 3.1.5 (/opt/ros/humble/share/rosidl_adapter/cmake)
[1.070s] -- Found rosidl_generator_cpp: 3.1.5 (/opt/ros/humble/share/rosidl_generator_cpp/cmake)
[1.091s] -- Using all available rosidl_typesupport_c: rosidl_typesupport_fastrtps_c;rosidl_typesupport_introspection_c
[1.118s] -- Using all available rosidl_typesupport_cpp: rosidl_typesupport_fastrtps_cpp;rosidl_typesupport_introspection_cpp
[1.227s] -- Found rmw_implementation_cmake: 6.1.2 (/opt/ros/humble/share/rmw_implementation_cmake/cmake)
[1.234s] -- Found rmw_cyclonedds_cpp: 1.3.4 (/opt/ros/humble/share/rmw_cyclonedds_cpp/cmake)
[1.297s] -- Using RMW implementation 'rmw_cyclonedds_cpp' as default
[1.319s] -- Looking for pthread.h
[1.421s] -- Looking for pthread.h - found
[1.421s] -- Performing Test CMAKE_HAVE_LIBC_PTHREAD
[1.531s] -- Performing Test CMAKE_HAVE_LIBC_PTHREAD - Success
[1.532s] -- Found Threads: TRUE  
[1.672s] -- Found smartcar_msgs: 0.0.0 (/home/ros2/assignment/install/smartcar_msgs/share/smartcar_msgs/cmake)
[1.799s] -- Configuring done
[1.806s] -- Generating done
[1.809s] -- Build files have been written to: /home/ros2/assignment/build/smart_car
[1.822s] Invoked command in '/home/ros2/assignment/build/smart_car' returned '0': CMAKE_PREFIX_PATH=${CMAKE_PREFIX_PATH}:/opt/ros/humble LD_LIBRARY_PATH=/home/ros2/assignment/install/smartcar_msgs/lib:/usr/lib/x86_64-linux-gnu/gazebo-11/plugins:/opt/ros/humble/opt/rviz_ogre_vendor/lib:/opt/ros/humble/lib/x86_64-linux-gnu:/opt/ros/humble/lib:/usr/lib/x86_64-linux-gnu/gazebo-11/plugins /usr/bin/cmake /home/ros2/assignment/src/smart_car -DAMENT_CMAKE_SYMLINK_INSTALL=1 -DCMAKE_INSTALL_PREFIX=/home/ros2/assignment/install/smart_car
[1.826s] Invoking command in '/home/ros2/assignment/build/smart_car': CMAKE_PREFIX_PATH=${CMAKE_PREFIX_PATH}:/opt/ros/humble LD_LIBRARY_PATH=/home/ros2/assignment/install/smartcar_msgs/lib:/usr/lib/x86_64-linux-gnu/gazebo-11/plugins:/opt/ros/humble/opt/rviz_ogre_vendor/lib:/opt/ros/humble/lib/x86_64-linux-gnu:/opt/ros/humble/lib:/usr/lib/x86_64-linux-gnu/gazebo-11/plugins /usr/bin/cmake --build /home/ros2/assignment/build/smart_car -- -j8 -l8
[1.887s] Invoked command in '/home/ros2/assignment/build/smart_car' returned '0': CMAKE_PREFIX_PATH=${CMAKE_PREFIX_PATH}:/opt/ros/humble LD_LIBRARY_PATH=/home/ros2/assignment/install/smartcar_msgs/lib:/usr/lib/x86_64-linux-gnu/gazebo-11/plugins:/opt/ros/humble/opt/rviz_ogre_vendor/lib:/opt/ros/humble/lib/x86_64-linux-gnu:/opt/ros/humble/lib:/usr/lib/x86_64-linux-gnu/gazebo-11/plugins /usr/bin/cmake --build /home/ros2/assignment/build/smart_car -- -j8 -l8
[1.929s] Invoking command in '/home/ros2/assignment/build/smart_car': CMAKE_PREFIX_PATH=${CMAKE_PREFIX_PATH}:/opt/ros/humble LD_LIBRARY_PATH=/home/ros2/assignment/install/smartcar_msgs/lib:/usr/lib/x86_64-linux-gnu/gazebo-11/plugins:/opt/ros/humble/opt/rviz_ogre_vendor/lib:/opt/ros/humble/lib/x86_64-linux-gnu:/opt/ros/humble/lib:/usr/lib/x86_64-linux-gnu/gazebo-11/plugins /usr/bin/cmake --install /home/ros2/assignment/build/smart_car
[1.940s] -- Install configuration: ""
[1.941s] -- Execute custom install script
[1.942s] -- Symlinking: /home/ros2/assignment/install/smart_car/share/smart_car/launch/gazebo.launch.py
[1.956s] -- Symlinking: /home/ros2/assignment/install/smart_car/share/smart_car/launch/smartcar.launch.py
[1.971s] -- Symlinking: /home/ros2/assignment/install/smart_car/share/smart_car/urdf/smartcar.urdf
[1.985s] -- Symlinking: /home/ros2/assignment/install/smart_car/share/smart_car/urdf/smartcar.urdf.xacro
[2.000s] -- Symlinking: /home/ros2/assignment/install/smart_car/share/smart_car/rviz/smartcar.rviz
[2.015s] -- Symlinking: /home/ros2/assignment/install/smart_car/lib/smart_car/wheel_odometry.py
[2.029s] -- Symlinking: /home/ros2/assignment/install/smart_car/lib/smart_car/joint_state_publisher.py
[2.043s] -- Symlinking: /home/ros2/assignment/install/smart_car/share/ament_index/resource_index/package_run_dependencies/smart_car
[2.058s] -- Symlinking: /home/ros2/assignment/install/smart_car/share/ament_index/resource_index/parent_prefix_path/smart_car
[2.071s] -- Symlinking: /home/ros2/assignment/install/smart_car/share/smart_car/environment/ament_prefix_path.sh
[2.085s] -- Symlinking: /home/ros2/assignment/install/smart_car/share/smart_car/environment/ament_prefix_path.dsv
[2.099s] -- Symlinking: /home/ros2/assignment/install/smart_car/share/smart_car/environment/path.sh
[2.114s] -- Symlinking: /home/ros2/assignment/install/smart_car/share/smart_car/environment/path.dsv
[2.128s] -- Symlinking: /home/ros2/assignment/install/smart_car/share/smart_car/local_setup.bash
[2.141s] -- Symlinking: /home/ros2/assignment/install/smart_car/share/smart_car/local_setup.sh
[2.156s] -- Symlinking: /home/ros2/assignment/install/smart_car/share/smart_car/local_setup.zsh
[2.169s] -- Symlinking: /home/ros2/assignment/install/smart_car/share/smart_car/local_setup.dsv
[2.183s] -- Symlinking: /home/ros2/assignment/install/smart_car/share/smart_car/package.dsv
[2.198s] -- Symlinking: /home/ros2/assignment/install/smart_car/share/ament_index/resource_index/packages/smart_car
[2.213s] -- Symlinking: /home/ros2/assignment/install/smart_car/share/smart_car/cmake/smart_carConfig.cmake
[2.228s] -- Symlinking: /home/ros2/assignment/install/smart_car/share/smart_car/cmake/smart_carConfig-version.cmake
[2.244s] -- Symlinking: /home/ros2/assignment/install/smart_car/share/smart_car/package.xml
[2.263s] Invoked command in '/home/ros2/assignment/build/smart_car' returned '0': CMAKE_PREFIX_PATH=${CMAKE_PREFIX_PATH}:/opt/ros/humble LD_LIBRARY_PATH=/home/ros2/assignment/install/smartcar_msgs/lib:/usr/lib/x86_64-linux-gnu/gazebo-11/plugins:/opt/ros/humble/opt/rviz_ogre_vendor/lib:/opt/ros/humble/lib/x86_64-linux-gnu:/opt/ros/humble/lib:/usr/lib/x86_64-linux-gnu/gazebo-11/plugins /usr/bin/cmake --install /home/ros2/assignment/build/smart_car
