[0.525s] DEBUG:colcon:Command line arguments: ['/usr/bin/colcon', 'build']
[0.525s] DEBUG:colcon:Parsed command line arguments: Namespace(log_base=None, log_level=None, verb_name='build', build_base='build', install_base='install', merge_install=False, symlink_install=False, test_result_base=None, continue_on_error=False, executor='parallel', parallel_workers=8, event_handlers=None, ignore_user_meta=False, metas=['./colcon.meta'], base_paths=['.'], packages_ignore=None, packages_ignore_regex=None, paths=None, packages_up_to=None, packages_up_to_regex=None, packages_above=None, packages_above_and_dependencies=None, packages_above_depth=None, packages_select_by_dep=None, packages_skip_by_dep=None, packages_skip_up_to=None, packages_select_build_failed=False, packages_skip_build_finished=False, packages_select_test_failures=False, packages_skip_test_passed=False, packages_select=None, packages_skip=None, packages_select_regex=None, packages_skip_regex=None, packages_start=None, packages_end=None, allow_overriding=[], cmake_args=None, cmake_target=None, cmake_target_skip_unavailable=False, cmake_clean_cache=False, cmake_clean_first=False, cmake_force_configure=False, ament_cmake_args=None, catkin_cmake_args=None, catkin_skip_building_tests=False, mixin_files=None, mixin=None, verb_parser=<colcon_mixin.mixin.mixin_argument.MixinArgumentDecorator object at 0x74857c9ff070>, verb_extension=<colcon_core.verb.build.BuildVerb object at 0x74857c9febc0>, main=<bound method BuildVerb.main of <colcon_core.verb.build.BuildVerb object at 0x74857c9febc0>>, mixin_verb=('build',))
[1.014s] Level 1:colcon.colcon_core.package_discovery:discover_packages(colcon_meta) check parameters
[1.014s] Level 1:colcon.colcon_core.package_discovery:discover_packages(recursive) check parameters
[1.014s] Level 1:colcon.colcon_core.package_discovery:discover_packages(ignore) check parameters
[1.014s] Level 1:colcon.colcon_core.package_discovery:discover_packages(path) check parameters
[1.014s] Level 1:colcon.colcon_core.package_discovery:discover_packages(colcon_meta) discover
[1.014s] Level 1:colcon.colcon_core.package_discovery:discover_packages(recursive) discover
[1.015s] INFO:colcon.colcon_core.package_discovery:Crawling recursively for packages in '/home/ros2/assignment'
[1.015s] Level 1:colcon.colcon_core.package_identification:_identify(.) by extensions ['ignore', 'ignore_ament_install']
[1.015s] Level 1:colcon.colcon_core.package_identification:_identify(.) by extension 'ignore'
[1.015s] Level 1:colcon.colcon_core.package_identification:_identify(.) by extension 'ignore_ament_install'
[1.015s] Level 1:colcon.colcon_core.package_identification:_identify(.) by extensions ['colcon_pkg']
[1.015s] Level 1:colcon.colcon_core.package_identification:_identify(.) by extension 'colcon_pkg'
[1.015s] Level 1:colcon.colcon_core.package_identification:_identify(.) by extensions ['colcon_meta']
[1.015s] Level 1:colcon.colcon_core.package_identification:_identify(.) by extension 'colcon_meta'
[1.015s] Level 1:colcon.colcon_core.package_identification:_identify(.) by extensions ['ros']
[1.015s] Level 1:colcon.colcon_core.package_identification:_identify(.) by extension 'ros'
[1.034s] Level 1:colcon.colcon_core.package_identification:_identify(.) by extensions ['cmake', 'python']
[1.034s] Level 1:colcon.colcon_core.package_identification:_identify(.) by extension 'cmake'
[1.034s] Level 1:colcon.colcon_core.package_identification:_identify(.) by extension 'python'
[1.034s] Level 1:colcon.colcon_core.package_identification:_identify(.) by extensions ['python_setup_py']
[1.035s] Level 1:colcon.colcon_core.package_identification:_identify(.) by extension 'python_setup_py'
[1.035s] Level 1:colcon.colcon_core.package_identification:_identify(build) by extensions ['ignore', 'ignore_ament_install']
[1.035s] Level 1:colcon.colcon_core.package_identification:_identify(build) by extension 'ignore'
[1.035s] Level 1:colcon.colcon_core.package_identification:_identify(build) ignored
[1.035s] Level 1:colcon.colcon_core.package_identification:_identify(install) by extensions ['ignore', 'ignore_ament_install']
[1.035s] Level 1:colcon.colcon_core.package_identification:_identify(install) by extension 'ignore'
[1.035s] Level 1:colcon.colcon_core.package_identification:_identify(install) ignored
[1.036s] Level 1:colcon.colcon_core.package_identification:_identify(log) by extensions ['ignore', 'ignore_ament_install']
[1.036s] Level 1:colcon.colcon_core.package_identification:_identify(log) by extension 'ignore'
[1.036s] Level 1:colcon.colcon_core.package_identification:_identify(log) ignored
[1.036s] Level 1:colcon.colcon_core.package_identification:_identify(scripts) by extensions ['ignore', 'ignore_ament_install']
[1.036s] Level 1:colcon.colcon_core.package_identification:_identify(scripts) by extension 'ignore'
[1.036s] Level 1:colcon.colcon_core.package_identification:_identify(scripts) by extension 'ignore_ament_install'
[1.036s] Level 1:colcon.colcon_core.package_identification:_identify(scripts) by extensions ['colcon_pkg']
[1.036s] Level 1:colcon.colcon_core.package_identification:_identify(scripts) by extension 'colcon_pkg'
[1.036s] Level 1:colcon.colcon_core.package_identification:_identify(scripts) by extensions ['colcon_meta']
[1.036s] Level 1:colcon.colcon_core.package_identification:_identify(scripts) by extension 'colcon_meta'
[1.036s] Level 1:colcon.colcon_core.package_identification:_identify(scripts) by extensions ['ros']
[1.036s] Level 1:colcon.colcon_core.package_identification:_identify(scripts) by extension 'ros'
[1.037s] Level 1:colcon.colcon_core.package_identification:_identify(scripts) by extensions ['cmake', 'python']
[1.037s] Level 1:colcon.colcon_core.package_identification:_identify(scripts) by extension 'cmake'
[1.037s] Level 1:colcon.colcon_core.package_identification:_identify(scripts) by extension 'python'
[1.037s] Level 1:colcon.colcon_core.package_identification:_identify(scripts) by extensions ['python_setup_py']
[1.037s] Level 1:colcon.colcon_core.package_identification:_identify(scripts) by extension 'python_setup_py'
[1.037s] Level 1:colcon.colcon_core.package_identification:_identify(scripts/scripts) by extensions ['ignore', 'ignore_ament_install']
[1.037s] Level 1:colcon.colcon_core.package_identification:_identify(scripts/scripts) by extension 'ignore'
[1.037s] Level 1:colcon.colcon_core.package_identification:_identify(scripts/scripts) by extension 'ignore_ament_install'
[1.037s] Level 1:colcon.colcon_core.package_identification:_identify(scripts/scripts) by extensions ['colcon_pkg']
[1.037s] Level 1:colcon.colcon_core.package_identification:_identify(scripts/scripts) by extension 'colcon_pkg'
[1.037s] Level 1:colcon.colcon_core.package_identification:_identify(scripts/scripts) by extensions ['colcon_meta']
[1.037s] Level 1:colcon.colcon_core.package_identification:_identify(scripts/scripts) by extension 'colcon_meta'
[1.037s] Level 1:colcon.colcon_core.package_identification:_identify(scripts/scripts) by extensions ['ros']
[1.037s] Level 1:colcon.colcon_core.package_identification:_identify(scripts/scripts) by extension 'ros'
[1.038s] Level 1:colcon.colcon_core.package_identification:_identify(scripts/scripts) by extensions ['cmake', 'python']
[1.038s] Level 1:colcon.colcon_core.package_identification:_identify(scripts/scripts) by extension 'cmake'
[1.038s] Level 1:colcon.colcon_core.package_identification:_identify(scripts/scripts) by extension 'python'
[1.038s] Level 1:colcon.colcon_core.package_identification:_identify(scripts/scripts) by extensions ['python_setup_py']
[1.038s] Level 1:colcon.colcon_core.package_identification:_identify(scripts/scripts) by extension 'python_setup_py'
[1.038s] Level 1:colcon.colcon_core.package_identification:_identify(src) by extensions ['ignore', 'ignore_ament_install']
[1.038s] Level 1:colcon.colcon_core.package_identification:_identify(src) by extension 'ignore'
[1.038s] Level 1:colcon.colcon_core.package_identification:_identify(src) by extension 'ignore_ament_install'
[1.038s] Level 1:colcon.colcon_core.package_identification:_identify(src) by extensions ['colcon_pkg']
[1.038s] Level 1:colcon.colcon_core.package_identification:_identify(src) by extension 'colcon_pkg'
[1.038s] Level 1:colcon.colcon_core.package_identification:_identify(src) by extensions ['colcon_meta']
[1.038s] Level 1:colcon.colcon_core.package_identification:_identify(src) by extension 'colcon_meta'
[1.038s] Level 1:colcon.colcon_core.package_identification:_identify(src) by extensions ['ros']
[1.039s] Level 1:colcon.colcon_core.package_identification:_identify(src) by extension 'ros'
[1.039s] Level 1:colcon.colcon_core.package_identification:_identify(src) by extensions ['cmake', 'python']
[1.039s] Level 1:colcon.colcon_core.package_identification:_identify(src) by extension 'cmake'
[1.039s] Level 1:colcon.colcon_core.package_identification:_identify(src) by extension 'python'
[1.039s] Level 1:colcon.colcon_core.package_identification:_identify(src) by extensions ['python_setup_py']
[1.039s] Level 1:colcon.colcon_core.package_identification:_identify(src) by extension 'python_setup_py'
[1.039s] Level 1:colcon.colcon_core.package_identification:_identify(src/car_gazebo_plugin) by extensions ['ignore', 'ignore_ament_install']
[1.039s] Level 1:colcon.colcon_core.package_identification:_identify(src/car_gazebo_plugin) by extension 'ignore'
[1.039s] Level 1:colcon.colcon_core.package_identification:_identify(src/car_gazebo_plugin) by extension 'ignore_ament_install'
[1.039s] Level 1:colcon.colcon_core.package_identification:_identify(src/car_gazebo_plugin) by extensions ['colcon_pkg']
[1.039s] Level 1:colcon.colcon_core.package_identification:_identify(src/car_gazebo_plugin) by extension 'colcon_pkg'
[1.039s] Level 1:colcon.colcon_core.package_identification:_identify(src/car_gazebo_plugin) by extensions ['colcon_meta']
[1.039s] Level 1:colcon.colcon_core.package_identification:_identify(src/car_gazebo_plugin) by extension 'colcon_meta'
[1.039s] Level 1:colcon.colcon_core.package_identification:_identify(src/car_gazebo_plugin) by extensions ['ros']
[1.040s] Level 1:colcon.colcon_core.package_identification:_identify(src/car_gazebo_plugin) by extension 'ros'
[1.046s] DEBUG:colcon.colcon_core.package_identification:Package 'src/car_gazebo_plugin' with type 'ros.ament_cmake' and name 'car_gazebo_plugin'
[1.046s] Level 1:colcon.colcon_core.package_identification:_identify(src/smart_car) by extensions ['ignore', 'ignore_ament_install']
[1.046s] Level 1:colcon.colcon_core.package_identification:_identify(src/smart_car) by extension 'ignore'
[1.046s] Level 1:colcon.colcon_core.package_identification:_identify(src/smart_car) by extension 'ignore_ament_install'
[1.047s] Level 1:colcon.colcon_core.package_identification:_identify(src/smart_car) by extensions ['colcon_pkg']
[1.047s] Level 1:colcon.colcon_core.package_identification:_identify(src/smart_car) by extension 'colcon_pkg'
[1.047s] Level 1:colcon.colcon_core.package_identification:_identify(src/smart_car) by extensions ['colcon_meta']
[1.047s] Level 1:colcon.colcon_core.package_identification:_identify(src/smart_car) by extension 'colcon_meta'
[1.047s] Level 1:colcon.colcon_core.package_identification:_identify(src/smart_car) by extensions ['ros']
[1.047s] Level 1:colcon.colcon_core.package_identification:_identify(src/smart_car) by extension 'ros'
[1.049s] DEBUG:colcon.colcon_core.package_identification:Package 'src/smart_car' with type 'ros.ament_cmake' and name 'smart_car'
[1.049s] Level 1:colcon.colcon_core.package_identification:_identify(src/smartcar_msgs) by extensions ['ignore', 'ignore_ament_install']
[1.049s] Level 1:colcon.colcon_core.package_identification:_identify(src/smartcar_msgs) by extension 'ignore'
[1.049s] Level 1:colcon.colcon_core.package_identification:_identify(src/smartcar_msgs) by extension 'ignore_ament_install'
[1.049s] Level 1:colcon.colcon_core.package_identification:_identify(src/smartcar_msgs) by extensions ['colcon_pkg']
[1.049s] Level 1:colcon.colcon_core.package_identification:_identify(src/smartcar_msgs) by extension 'colcon_pkg'
[1.049s] Level 1:colcon.colcon_core.package_identification:_identify(src/smartcar_msgs) by extensions ['colcon_meta']
[1.049s] Level 1:colcon.colcon_core.package_identification:_identify(src/smartcar_msgs) by extension 'colcon_meta'
[1.049s] Level 1:colcon.colcon_core.package_identification:_identify(src/smartcar_msgs) by extensions ['ros']
[1.049s] Level 1:colcon.colcon_core.package_identification:_identify(src/smartcar_msgs) by extension 'ros'
[1.051s] DEBUG:colcon.colcon_core.package_identification:Package 'src/smartcar_msgs' with type 'ros.ament_cmake' and name 'smartcar_msgs'
[1.051s] Level 1:colcon.colcon_core.package_discovery:discover_packages(recursive) using defaults
[1.051s] Level 1:colcon.colcon_core.package_discovery:discover_packages(ignore) discover
[1.051s] Level 1:colcon.colcon_core.package_discovery:discover_packages(ignore) using defaults
[1.051s] Level 1:colcon.colcon_core.package_discovery:discover_packages(path) discover
[1.051s] Level 1:colcon.colcon_core.package_discovery:discover_packages(path) using defaults
[1.125s] Level 1:colcon.colcon_core.package_discovery:discover_packages(prefix_path) check parameters
[1.125s] Level 1:colcon.colcon_core.package_discovery:discover_packages(prefix_path) discover
[1.133s] DEBUG:colcon.colcon_installed_package_information.package_discovery:Found 358 installed packages in /opt/ros/humble
[1.138s] Level 1:colcon.colcon_core.package_discovery:discover_packages(prefix_path) using defaults
[1.258s] Level 5:colcon.colcon_core.verb:set package 'smartcar_msgs' build argument 'cmake_args' from command line to 'None'
[1.258s] Level 5:colcon.colcon_core.verb:set package 'smartcar_msgs' build argument 'cmake_target' from command line to 'None'
[1.258s] Level 5:colcon.colcon_core.verb:set package 'smartcar_msgs' build argument 'cmake_target_skip_unavailable' from command line to 'False'
[1.258s] Level 5:colcon.colcon_core.verb:set package 'smartcar_msgs' build argument 'cmake_clean_cache' from command line to 'False'
[1.258s] Level 5:colcon.colcon_core.verb:set package 'smartcar_msgs' build argument 'cmake_clean_first' from command line to 'False'
[1.258s] Level 5:colcon.colcon_core.verb:set package 'smartcar_msgs' build argument 'cmake_force_configure' from command line to 'False'
[1.258s] Level 5:colcon.colcon_core.verb:set package 'smartcar_msgs' build argument 'ament_cmake_args' from command line to 'None'
[1.258s] Level 5:colcon.colcon_core.verb:set package 'smartcar_msgs' build argument 'catkin_cmake_args' from command line to 'None'
[1.258s] Level 5:colcon.colcon_core.verb:set package 'smartcar_msgs' build argument 'catkin_skip_building_tests' from command line to 'False'
[1.259s] DEBUG:colcon.colcon_core.verb:Building package 'smartcar_msgs' with the following arguments: {'ament_cmake_args': None, 'build_base': '/home/ros2/assignment/build/smartcar_msgs', 'catkin_cmake_args': None, 'catkin_skip_building_tests': False, 'cmake_args': None, 'cmake_clean_cache': False, 'cmake_clean_first': False, 'cmake_force_configure': False, 'cmake_target': None, 'cmake_target_skip_unavailable': False, 'install_base': '/home/ros2/assignment/install/smartcar_msgs', 'merge_install': False, 'path': '/home/ros2/assignment/src/smartcar_msgs', 'symlink_install': False, 'test_result_base': None}
[1.259s] Level 5:colcon.colcon_core.verb:set package 'car_gazebo_plugin' build argument 'cmake_args' from command line to 'None'
[1.259s] Level 5:colcon.colcon_core.verb:set package 'car_gazebo_plugin' build argument 'cmake_target' from command line to 'None'
[1.259s] Level 5:colcon.colcon_core.verb:set package 'car_gazebo_plugin' build argument 'cmake_target_skip_unavailable' from command line to 'False'
[1.259s] Level 5:colcon.colcon_core.verb:set package 'car_gazebo_plugin' build argument 'cmake_clean_cache' from command line to 'False'
[1.259s] Level 5:colcon.colcon_core.verb:set package 'car_gazebo_plugin' build argument 'cmake_clean_first' from command line to 'False'
[1.259s] Level 5:colcon.colcon_core.verb:set package 'car_gazebo_plugin' build argument 'cmake_force_configure' from command line to 'False'
[1.259s] Level 5:colcon.colcon_core.verb:set package 'car_gazebo_plugin' build argument 'ament_cmake_args' from command line to 'None'
[1.260s] Level 5:colcon.colcon_core.verb:set package 'car_gazebo_plugin' build argument 'catkin_cmake_args' from command line to 'None'
[1.260s] Level 5:colcon.colcon_core.verb:set package 'car_gazebo_plugin' build argument 'catkin_skip_building_tests' from command line to 'False'
[1.260s] DEBUG:colcon.colcon_core.verb:Building package 'car_gazebo_plugin' with the following arguments: {'ament_cmake_args': None, 'build_base': '/home/ros2/assignment/build/car_gazebo_plugin', 'catkin_cmake_args': None, 'catkin_skip_building_tests': False, 'cmake_args': None, 'cmake_clean_cache': False, 'cmake_clean_first': False, 'cmake_force_configure': False, 'cmake_target': None, 'cmake_target_skip_unavailable': False, 'install_base': '/home/ros2/assignment/install/car_gazebo_plugin', 'merge_install': False, 'path': '/home/ros2/assignment/src/car_gazebo_plugin', 'symlink_install': False, 'test_result_base': None}
[1.260s] Level 5:colcon.colcon_core.verb:set package 'smart_car' build argument 'cmake_args' from command line to 'None'
[1.260s] Level 5:colcon.colcon_core.verb:set package 'smart_car' build argument 'cmake_target' from command line to 'None'
[1.260s] Level 5:colcon.colcon_core.verb:set package 'smart_car' build argument 'cmake_target_skip_unavailable' from command line to 'False'
[1.260s] Level 5:colcon.colcon_core.verb:set package 'smart_car' build argument 'cmake_clean_cache' from command line to 'False'
[1.260s] Level 5:colcon.colcon_core.verb:set package 'smart_car' build argument 'cmake_clean_first' from command line to 'False'
[1.260s] Level 5:colcon.colcon_core.verb:set package 'smart_car' build argument 'cmake_force_configure' from command line to 'False'
[1.260s] Level 5:colcon.colcon_core.verb:set package 'smart_car' build argument 'ament_cmake_args' from command line to 'None'
[1.261s] Level 5:colcon.colcon_core.verb:set package 'smart_car' build argument 'catkin_cmake_args' from command line to 'None'
[1.261s] Level 5:colcon.colcon_core.verb:set package 'smart_car' build argument 'catkin_skip_building_tests' from command line to 'False'
[1.261s] DEBUG:colcon.colcon_core.verb:Building package 'smart_car' with the following arguments: {'ament_cmake_args': None, 'build_base': '/home/ros2/assignment/build/smart_car', 'catkin_cmake_args': None, 'catkin_skip_building_tests': False, 'cmake_args': None, 'cmake_clean_cache': False, 'cmake_clean_first': False, 'cmake_force_configure': False, 'cmake_target': None, 'cmake_target_skip_unavailable': False, 'install_base': '/home/ros2/assignment/install/smart_car', 'merge_install': False, 'path': '/home/ros2/assignment/src/smart_car', 'symlink_install': False, 'test_result_base': None}
[1.261s] INFO:colcon.colcon_core.executor:Executing jobs using 'parallel' executor
[1.262s] DEBUG:colcon.colcon_parallel_executor.executor.parallel:run_until_complete
[1.263s] INFO:colcon.colcon_ros.task.ament_cmake.build:Building ROS package in '/home/ros2/assignment/src/smartcar_msgs' with build type 'ament_cmake'
[1.263s] INFO:colcon.colcon_cmake.task.cmake.build:Building CMake package in '/home/ros2/assignment/src/smartcar_msgs'
[1.273s] INFO:colcon.colcon_core.plugin_system:Skipping extension 'colcon_core.shell.bat': Not used on non-Windows systems
[1.273s] INFO:colcon.colcon_core.shell:Skip shell extension 'powershell' for command environment: Not usable outside of PowerShell
[1.273s] DEBUG:colcon.colcon_core.shell:Skip shell extension 'dsv' for command environment
[1.296s] DEBUG:colcon.colcon_core.event_handler.log_command:Invoking command in '/home/ros2/assignment/build/smartcar_msgs': CMAKE_PREFIX_PATH=/opt/ros/humble /usr/bin/cmake /home/ros2/assignment/src/smartcar_msgs -DCMAKE_INSTALL_PREFIX=/home/ros2/assignment/install/smartcar_msgs
[2.992s] DEBUG:colcon.colcon_core.event_handler.log_command:Invoked command in '/home/ros2/assignment/build/smartcar_msgs' returned '0': CMAKE_PREFIX_PATH=/opt/ros/humble /usr/bin/cmake /home/ros2/assignment/src/smartcar_msgs -DCMAKE_INSTALL_PREFIX=/home/ros2/assignment/install/smartcar_msgs
[2.995s] DEBUG:colcon.colcon_core.event_handler.log_command:Invoking command in '/home/ros2/assignment/build/smartcar_msgs': CMAKE_PREFIX_PATH=/opt/ros/humble /usr/bin/cmake --build /home/ros2/assignment/build/smartcar_msgs -- -j8 -l8
[3.667s] DEBUG:colcon.colcon_core.event_handler.log_command:Invoked command in '/home/ros2/assignment/build/smartcar_msgs' returned '0': CMAKE_PREFIX_PATH=/opt/ros/humble /usr/bin/cmake --build /home/ros2/assignment/build/smartcar_msgs -- -j8 -l8
[3.790s] DEBUG:colcon.colcon_core.event_handler.log_command:Invoking command in '/home/ros2/assignment/build/smartcar_msgs': CMAKE_PREFIX_PATH=/opt/ros/humble /usr/bin/cmake --install /home/ros2/assignment/build/smartcar_msgs
[3.929s] Level 1:colcon.colcon_core.environment:create_environment_scripts_only(smartcar_msgs)
[3.930s] DEBUG:colcon.colcon_core.event_handler.log_command:Invoked command in '/home/ros2/assignment/build/smartcar_msgs' returned '0': CMAKE_PREFIX_PATH=/opt/ros/humble /usr/bin/cmake --install /home/ros2/assignment/build/smartcar_msgs
[3.940s] Level 1:colcon.colcon_core.environment:checking '/home/ros2/assignment/install/smartcar_msgs' for CMake module files
[3.941s] Level 1:colcon.colcon_core.environment:checking '/home/ros2/assignment/install/smartcar_msgs' for CMake config files
[3.942s] Level 1:colcon.colcon_core.shell:create_environment_hook('smartcar_msgs', 'cmake_prefix_path')
[3.942s] INFO:colcon.colcon_core.shell:Creating environment hook '/home/ros2/assignment/install/smartcar_msgs/share/smartcar_msgs/hook/cmake_prefix_path.ps1'
[3.944s] INFO:colcon.colcon_core.shell:Creating environment descriptor '/home/ros2/assignment/install/smartcar_msgs/share/smartcar_msgs/hook/cmake_prefix_path.dsv'
[3.946s] INFO:colcon.colcon_core.shell:Creating environment hook '/home/ros2/assignment/install/smartcar_msgs/share/smartcar_msgs/hook/cmake_prefix_path.sh'
[3.947s] Level 1:colcon.colcon_core.environment:checking '/home/ros2/assignment/install/smartcar_msgs/lib'
[3.948s] Level 1:colcon.colcon_core.shell:create_environment_hook('smartcar_msgs', 'ld_library_path_lib')
[3.948s] INFO:colcon.colcon_core.shell:Creating environment hook '/home/ros2/assignment/install/smartcar_msgs/share/smartcar_msgs/hook/ld_library_path_lib.ps1'
[3.949s] INFO:colcon.colcon_core.shell:Creating environment descriptor '/home/ros2/assignment/install/smartcar_msgs/share/smartcar_msgs/hook/ld_library_path_lib.dsv'
[3.949s] INFO:colcon.colcon_core.shell:Creating environment hook '/home/ros2/assignment/install/smartcar_msgs/share/smartcar_msgs/hook/ld_library_path_lib.sh'
[3.950s] Level 1:colcon.colcon_core.environment:checking '/home/ros2/assignment/install/smartcar_msgs/bin'
[3.950s] Level 1:colcon.colcon_core.environment:checking '/home/ros2/assignment/install/smartcar_msgs/lib/pkgconfig/smartcar_msgs.pc'
[3.950s] Level 1:colcon.colcon_core.environment:checking '/home/ros2/assignment/install/smartcar_msgs/lib/python3.10/site-packages'
[3.950s] Level 1:colcon.colcon_core.environment:checking '/home/ros2/assignment/install/smartcar_msgs/bin'
[3.951s] INFO:colcon.colcon_core.shell:Creating package script '/home/ros2/assignment/install/smartcar_msgs/share/smartcar_msgs/package.ps1'
[3.953s] INFO:colcon.colcon_core.shell:Creating package descriptor '/home/ros2/assignment/install/smartcar_msgs/share/smartcar_msgs/package.dsv'
[3.954s] INFO:colcon.colcon_core.shell:Creating package script '/home/ros2/assignment/install/smartcar_msgs/share/smartcar_msgs/package.sh'
[3.956s] INFO:colcon.colcon_core.shell:Creating package script '/home/ros2/assignment/install/smartcar_msgs/share/smartcar_msgs/package.bash'
[3.958s] INFO:colcon.colcon_core.shell:Creating package script '/home/ros2/assignment/install/smartcar_msgs/share/smartcar_msgs/package.zsh'
[3.960s] Level 1:colcon.colcon_core.environment:create_file_with_runtime_dependencies(/home/ros2/assignment/install/smartcar_msgs/share/colcon-core/packages/smartcar_msgs)
[4.063s] Level 1:colcon.colcon_core.environment:create_environment_scripts_only(smartcar_msgs)
[4.063s] Level 1:colcon.colcon_core.environment:checking '/home/ros2/assignment/install/smartcar_msgs' for CMake module files
[4.065s] Level 1:colcon.colcon_core.environment:checking '/home/ros2/assignment/install/smartcar_msgs' for CMake config files
[4.065s] Level 1:colcon.colcon_core.shell:create_environment_hook('smartcar_msgs', 'cmake_prefix_path')
[4.066s] INFO:colcon.colcon_core.shell:Creating environment hook '/home/ros2/assignment/install/smartcar_msgs/share/smartcar_msgs/hook/cmake_prefix_path.ps1'
[4.067s] INFO:colcon.colcon_core.shell:Creating environment descriptor '/home/ros2/assignment/install/smartcar_msgs/share/smartcar_msgs/hook/cmake_prefix_path.dsv'
[4.067s] INFO:colcon.colcon_core.shell:Creating environment hook '/home/ros2/assignment/install/smartcar_msgs/share/smartcar_msgs/hook/cmake_prefix_path.sh'
[4.068s] Level 1:colcon.colcon_core.environment:checking '/home/ros2/assignment/install/smartcar_msgs/lib'
[4.068s] Level 1:colcon.colcon_core.shell:create_environment_hook('smartcar_msgs', 'ld_library_path_lib')
[4.069s] INFO:colcon.colcon_core.shell:Creating environment hook '/home/ros2/assignment/install/smartcar_msgs/share/smartcar_msgs/hook/ld_library_path_lib.ps1'
[4.069s] INFO:colcon.colcon_core.shell:Creating environment descriptor '/home/ros2/assignment/install/smartcar_msgs/share/smartcar_msgs/hook/ld_library_path_lib.dsv'
[4.070s] INFO:colcon.colcon_core.shell:Creating environment hook '/home/ros2/assignment/install/smartcar_msgs/share/smartcar_msgs/hook/ld_library_path_lib.sh'
[4.070s] Level 1:colcon.colcon_core.environment:checking '/home/ros2/assignment/install/smartcar_msgs/bin'
[4.070s] Level 1:colcon.colcon_core.environment:checking '/home/ros2/assignment/install/smartcar_msgs/lib/pkgconfig/smartcar_msgs.pc'
[4.071s] Level 1:colcon.colcon_core.environment:checking '/home/ros2/assignment/install/smartcar_msgs/lib/python3.10/site-packages'
[4.071s] Level 1:colcon.colcon_core.environment:checking '/home/ros2/assignment/install/smartcar_msgs/bin'
[4.071s] INFO:colcon.colcon_core.shell:Creating package script '/home/ros2/assignment/install/smartcar_msgs/share/smartcar_msgs/package.ps1'
[4.072s] INFO:colcon.colcon_core.shell:Creating package descriptor '/home/ros2/assignment/install/smartcar_msgs/share/smartcar_msgs/package.dsv'
[4.073s] INFO:colcon.colcon_core.shell:Creating package script '/home/ros2/assignment/install/smartcar_msgs/share/smartcar_msgs/package.sh'
[4.074s] INFO:colcon.colcon_core.shell:Creating package script '/home/ros2/assignment/install/smartcar_msgs/share/smartcar_msgs/package.bash'
[4.074s] INFO:colcon.colcon_core.shell:Creating package script '/home/ros2/assignment/install/smartcar_msgs/share/smartcar_msgs/package.zsh'
[4.075s] Level 1:colcon.colcon_core.environment:create_file_with_runtime_dependencies(/home/ros2/assignment/install/smartcar_msgs/share/colcon-core/packages/smartcar_msgs)
[4.075s] INFO:colcon.colcon_ros.task.ament_cmake.build:Building ROS package in '/home/ros2/assignment/src/car_gazebo_plugin' with build type 'ament_cmake'
[4.075s] INFO:colcon.colcon_cmake.task.cmake.build:Building CMake package in '/home/ros2/assignment/src/car_gazebo_plugin'
[4.076s] INFO:colcon.colcon_core.shell:Skip shell extension 'powershell' for command environment: Not usable outside of PowerShell
[4.076s] DEBUG:colcon.colcon_core.shell:Skip shell extension 'dsv' for command environment
[4.083s] INFO:colcon.colcon_ros.task.ament_cmake.build:Building ROS package in '/home/ros2/assignment/src/smart_car' with build type 'ament_cmake'
[4.083s] INFO:colcon.colcon_cmake.task.cmake.build:Building CMake package in '/home/ros2/assignment/src/smart_car'
[4.084s] INFO:colcon.colcon_core.shell:Skip shell extension 'powershell' for command environment: Not usable outside of PowerShell
[4.084s] DEBUG:colcon.colcon_core.shell:Skip shell extension 'dsv' for command environment
[4.101s] DEBUG:colcon.colcon_core.event_handler.log_command:Invoking command in '/home/ros2/assignment/build/car_gazebo_plugin': AMENT_PREFIX_PATH=/home/ros2/assignment/install/smartcar_msgs:${AMENT_PREFIX_PATH} CMAKE_PREFIX_PATH=/home/ros2/assignment/install/smartcar_msgs:/opt/ros/humble LD_LIBRARY_PATH=/home/ros2/assignment/install/smartcar_msgs/lib:/usr/lib/x86_64-linux-gnu/gazebo-11/plugins:/opt/ros/humble/opt/rviz_ogre_vendor/lib:/opt/ros/humble/lib/x86_64-linux-gnu:/opt/ros/humble/lib:/usr/lib/x86_64-linux-gnu/gazebo-11/plugins:/usr/lib/x86_64-linux-gnu/gazebo-11/plugins:/usr/lib/x86_64-linux-gnu/gazebo-11/plugins PYTHONPATH=/home/ros2/assignment/install/smartcar_msgs/local/lib/python3.10/dist-packages:${PYTHONPATH} /usr/bin/cmake /home/ros2/assignment/src/car_gazebo_plugin -DCMAKE_INSTALL_PREFIX=/home/ros2/assignment/install/car_gazebo_plugin
[4.106s] DEBUG:colcon.colcon_core.event_handler.log_command:Invoking command in '/home/ros2/assignment/build/smart_car': AMENT_PREFIX_PATH=/home/ros2/assignment/install/smartcar_msgs:${AMENT_PREFIX_PATH} CMAKE_PREFIX_PATH=/home/ros2/assignment/install/smartcar_msgs:/opt/ros/humble LD_LIBRARY_PATH=/home/ros2/assignment/install/smartcar_msgs/lib:/usr/lib/x86_64-linux-gnu/gazebo-11/plugins:/opt/ros/humble/opt/rviz_ogre_vendor/lib:/opt/ros/humble/lib/x86_64-linux-gnu:/opt/ros/humble/lib:/usr/lib/x86_64-linux-gnu/gazebo-11/plugins:/usr/lib/x86_64-linux-gnu/gazebo-11/plugins:/usr/lib/x86_64-linux-gnu/gazebo-11/plugins PYTHONPATH=/home/ros2/assignment/install/smartcar_msgs/local/lib/python3.10/dist-packages:${PYTHONPATH} /usr/bin/cmake /home/ros2/assignment/src/smart_car -DCMAKE_INSTALL_PREFIX=/home/ros2/assignment/install/smart_car
[4.905s] DEBUG:colcon.colcon_core.event_handler.log_command:Invoked command in '/home/ros2/assignment/build/smart_car' returned '0': AMENT_PREFIX_PATH=/home/ros2/assignment/install/smartcar_msgs:${AMENT_PREFIX_PATH} CMAKE_PREFIX_PATH=/home/ros2/assignment/install/smartcar_msgs:/opt/ros/humble LD_LIBRARY_PATH=/home/ros2/assignment/install/smartcar_msgs/lib:/usr/lib/x86_64-linux-gnu/gazebo-11/plugins:/opt/ros/humble/opt/rviz_ogre_vendor/lib:/opt/ros/humble/lib/x86_64-linux-gnu:/opt/ros/humble/lib:/usr/lib/x86_64-linux-gnu/gazebo-11/plugins:/usr/lib/x86_64-linux-gnu/gazebo-11/plugins:/usr/lib/x86_64-linux-gnu/gazebo-11/plugins PYTHONPATH=/home/ros2/assignment/install/smartcar_msgs/local/lib/python3.10/dist-packages:${PYTHONPATH} /usr/bin/cmake /home/ros2/assignment/src/smart_car -DCMAKE_INSTALL_PREFIX=/home/ros2/assignment/install/smart_car
[4.908s] DEBUG:colcon.colcon_core.event_handler.log_command:Invoking command in '/home/ros2/assignment/build/smart_car': AMENT_PREFIX_PATH=/home/ros2/assignment/install/smartcar_msgs:${AMENT_PREFIX_PATH} CMAKE_PREFIX_PATH=/home/ros2/assignment/install/smartcar_msgs:/opt/ros/humble LD_LIBRARY_PATH=/home/ros2/assignment/install/smartcar_msgs/lib:/usr/lib/x86_64-linux-gnu/gazebo-11/plugins:/opt/ros/humble/opt/rviz_ogre_vendor/lib:/opt/ros/humble/lib/x86_64-linux-gnu:/opt/ros/humble/lib:/usr/lib/x86_64-linux-gnu/gazebo-11/plugins:/usr/lib/x86_64-linux-gnu/gazebo-11/plugins:/usr/lib/x86_64-linux-gnu/gazebo-11/plugins PYTHONPATH=/home/ros2/assignment/install/smartcar_msgs/local/lib/python3.10/dist-packages:${PYTHONPATH} /usr/bin/cmake --build /home/ros2/assignment/build/smart_car -- -j8 -l8
[4.971s] DEBUG:colcon.colcon_core.event_handler.log_command:Invoked command in '/home/ros2/assignment/build/smart_car' returned '0': AMENT_PREFIX_PATH=/home/ros2/assignment/install/smartcar_msgs:${AMENT_PREFIX_PATH} CMAKE_PREFIX_PATH=/home/ros2/assignment/install/smartcar_msgs:/opt/ros/humble LD_LIBRARY_PATH=/home/ros2/assignment/install/smartcar_msgs/lib:/usr/lib/x86_64-linux-gnu/gazebo-11/plugins:/opt/ros/humble/opt/rviz_ogre_vendor/lib:/opt/ros/humble/lib/x86_64-linux-gnu:/opt/ros/humble/lib:/usr/lib/x86_64-linux-gnu/gazebo-11/plugins:/usr/lib/x86_64-linux-gnu/gazebo-11/plugins:/usr/lib/x86_64-linux-gnu/gazebo-11/plugins PYTHONPATH=/home/ros2/assignment/install/smartcar_msgs/local/lib/python3.10/dist-packages:${PYTHONPATH} /usr/bin/cmake --build /home/ros2/assignment/build/smart_car -- -j8 -l8
[5.010s] DEBUG:colcon.colcon_core.event_handler.log_command:Invoking command in '/home/ros2/assignment/build/smart_car': AMENT_PREFIX_PATH=/home/ros2/assignment/install/smartcar_msgs:${AMENT_PREFIX_PATH} CMAKE_PREFIX_PATH=/home/ros2/assignment/install/smartcar_msgs:/opt/ros/humble LD_LIBRARY_PATH=/home/ros2/assignment/install/smartcar_msgs/lib:/usr/lib/x86_64-linux-gnu/gazebo-11/plugins:/opt/ros/humble/opt/rviz_ogre_vendor/lib:/opt/ros/humble/lib/x86_64-linux-gnu:/opt/ros/humble/lib:/usr/lib/x86_64-linux-gnu/gazebo-11/plugins:/usr/lib/x86_64-linux-gnu/gazebo-11/plugins:/usr/lib/x86_64-linux-gnu/gazebo-11/plugins PYTHONPATH=/home/ros2/assignment/install/smartcar_msgs/local/lib/python3.10/dist-packages:${PYTHONPATH} /usr/bin/cmake --install /home/ros2/assignment/build/smart_car
[5.053s] Level 1:colcon.colcon_core.environment:create_environment_scripts_only(smart_car)
[5.054s] Level 1:colcon.colcon_core.environment:checking '/home/ros2/assignment/install/smart_car' for CMake module files
[5.055s] DEBUG:colcon.colcon_core.event_handler.log_command:Invoked command in '/home/ros2/assignment/build/smart_car' returned '0': AMENT_PREFIX_PATH=/home/ros2/assignment/install/smartcar_msgs:${AMENT_PREFIX_PATH} CMAKE_PREFIX_PATH=/home/ros2/assignment/install/smartcar_msgs:/opt/ros/humble LD_LIBRARY_PATH=/home/ros2/assignment/install/smartcar_msgs/lib:/usr/lib/x86_64-linux-gnu/gazebo-11/plugins:/opt/ros/humble/opt/rviz_ogre_vendor/lib:/opt/ros/humble/lib/x86_64-linux-gnu:/opt/ros/humble/lib:/usr/lib/x86_64-linux-gnu/gazebo-11/plugins:/usr/lib/x86_64-linux-gnu/gazebo-11/plugins:/usr/lib/x86_64-linux-gnu/gazebo-11/plugins PYTHONPATH=/home/ros2/assignment/install/smartcar_msgs/local/lib/python3.10/dist-packages:${PYTHONPATH} /usr/bin/cmake --install /home/ros2/assignment/build/smart_car
[5.056s] Level 1:colcon.colcon_core.environment:checking '/home/ros2/assignment/install/smart_car' for CMake config files
[5.056s] Level 1:colcon.colcon_core.shell:create_environment_hook('smart_car', 'cmake_prefix_path')
[5.057s] INFO:colcon.colcon_core.shell:Creating environment hook '/home/ros2/assignment/install/smart_car/share/smart_car/hook/cmake_prefix_path.ps1'
[5.058s] INFO:colcon.colcon_core.shell:Creating environment descriptor '/home/ros2/assignment/install/smart_car/share/smart_car/hook/cmake_prefix_path.dsv'
[5.058s] INFO:colcon.colcon_core.shell:Creating environment hook '/home/ros2/assignment/install/smart_car/share/smart_car/hook/cmake_prefix_path.sh'
[5.059s] Level 1:colcon.colcon_core.environment:checking '/home/ros2/assignment/install/smart_car/lib'
[5.059s] Level 1:colcon.colcon_core.environment:checking '/home/ros2/assignment/install/smart_car/bin'
[5.059s] Level 1:colcon.colcon_core.environment:checking '/home/ros2/assignment/install/smart_car/lib/pkgconfig/smart_car.pc'
[5.059s] Level 1:colcon.colcon_core.environment:checking '/home/ros2/assignment/install/smart_car/lib/python3.10/site-packages'
[5.060s] Level 1:colcon.colcon_core.environment:checking '/home/ros2/assignment/install/smart_car/bin'
[5.060s] INFO:colcon.colcon_core.shell:Creating package script '/home/ros2/assignment/install/smart_car/share/smart_car/package.ps1'
[5.061s] INFO:colcon.colcon_core.shell:Creating package descriptor '/home/ros2/assignment/install/smart_car/share/smart_car/package.dsv'
[5.061s] INFO:colcon.colcon_core.shell:Creating package script '/home/ros2/assignment/install/smart_car/share/smart_car/package.sh'
[5.062s] INFO:colcon.colcon_core.shell:Creating package script '/home/ros2/assignment/install/smart_car/share/smart_car/package.bash'
[5.062s] INFO:colcon.colcon_core.shell:Creating package script '/home/ros2/assignment/install/smart_car/share/smart_car/package.zsh'
[5.062s] Level 1:colcon.colcon_core.environment:create_file_with_runtime_dependencies(/home/ros2/assignment/install/smart_car/share/colcon-core/packages/smart_car)
[5.099s] Level 1:colcon.colcon_core.environment:create_environment_scripts_only(smart_car)
[5.100s] Level 1:colcon.colcon_core.environment:checking '/home/ros2/assignment/install/smart_car' for CMake module files
[5.101s] Level 1:colcon.colcon_core.environment:checking '/home/ros2/assignment/install/smart_car' for CMake config files
[5.102s] Level 1:colcon.colcon_core.shell:create_environment_hook('smart_car', 'cmake_prefix_path')
[5.103s] INFO:colcon.colcon_core.shell:Creating environment hook '/home/ros2/assignment/install/smart_car/share/smart_car/hook/cmake_prefix_path.ps1'
[5.103s] INFO:colcon.colcon_core.shell:Creating environment descriptor '/home/ros2/assignment/install/smart_car/share/smart_car/hook/cmake_prefix_path.dsv'
[5.104s] INFO:colcon.colcon_core.shell:Creating environment hook '/home/ros2/assignment/install/smart_car/share/smart_car/hook/cmake_prefix_path.sh'
[5.105s] Level 1:colcon.colcon_core.environment:checking '/home/ros2/assignment/install/smart_car/lib'
[5.105s] Level 1:colcon.colcon_core.environment:checking '/home/ros2/assignment/install/smart_car/bin'
[5.105s] Level 1:colcon.colcon_core.environment:checking '/home/ros2/assignment/install/smart_car/lib/pkgconfig/smart_car.pc'
[5.105s] Level 1:colcon.colcon_core.environment:checking '/home/ros2/assignment/install/smart_car/lib/python3.10/site-packages'
[5.106s] Level 1:colcon.colcon_core.environment:checking '/home/ros2/assignment/install/smart_car/bin'
[5.106s] INFO:colcon.colcon_core.shell:Creating package script '/home/ros2/assignment/install/smart_car/share/smart_car/package.ps1'
[5.107s] INFO:colcon.colcon_core.shell:Creating package descriptor '/home/ros2/assignment/install/smart_car/share/smart_car/package.dsv'
[5.108s] INFO:colcon.colcon_core.shell:Creating package script '/home/ros2/assignment/install/smart_car/share/smart_car/package.sh'
[5.108s] INFO:colcon.colcon_core.shell:Creating package script '/home/ros2/assignment/install/smart_car/share/smart_car/package.bash'
[5.109s] INFO:colcon.colcon_core.shell:Creating package script '/home/ros2/assignment/install/smart_car/share/smart_car/package.zsh'
[5.110s] Level 1:colcon.colcon_core.environment:create_file_with_runtime_dependencies(/home/ros2/assignment/install/smart_car/share/colcon-core/packages/smart_car)
[6.513s] DEBUG:colcon.colcon_core.event_handler.log_command:Invoked command in '/home/ros2/assignment/build/car_gazebo_plugin' returned '0': AMENT_PREFIX_PATH=/home/ros2/assignment/install/smartcar_msgs:${AMENT_PREFIX_PATH} CMAKE_PREFIX_PATH=/home/ros2/assignment/install/smartcar_msgs:/opt/ros/humble LD_LIBRARY_PATH=/home/ros2/assignment/install/smartcar_msgs/lib:/usr/lib/x86_64-linux-gnu/gazebo-11/plugins:/opt/ros/humble/opt/rviz_ogre_vendor/lib:/opt/ros/humble/lib/x86_64-linux-gnu:/opt/ros/humble/lib:/usr/lib/x86_64-linux-gnu/gazebo-11/plugins:/usr/lib/x86_64-linux-gnu/gazebo-11/plugins:/usr/lib/x86_64-linux-gnu/gazebo-11/plugins PYTHONPATH=/home/ros2/assignment/install/smartcar_msgs/local/lib/python3.10/dist-packages:${PYTHONPATH} /usr/bin/cmake /home/ros2/assignment/src/car_gazebo_plugin -DCMAKE_INSTALL_PREFIX=/home/ros2/assignment/install/car_gazebo_plugin
[6.517s] DEBUG:colcon.colcon_core.event_handler.log_command:Invoking command in '/home/ros2/assignment/build/car_gazebo_plugin': AMENT_PREFIX_PATH=/home/ros2/assignment/install/smartcar_msgs:${AMENT_PREFIX_PATH} CMAKE_PREFIX_PATH=/home/ros2/assignment/install/smartcar_msgs:/opt/ros/humble LD_LIBRARY_PATH=/home/ros2/assignment/install/smartcar_msgs/lib:/usr/lib/x86_64-linux-gnu/gazebo-11/plugins:/opt/ros/humble/opt/rviz_ogre_vendor/lib:/opt/ros/humble/lib/x86_64-linux-gnu:/opt/ros/humble/lib:/usr/lib/x86_64-linux-gnu/gazebo-11/plugins:/usr/lib/x86_64-linux-gnu/gazebo-11/plugins:/usr/lib/x86_64-linux-gnu/gazebo-11/plugins PYTHONPATH=/home/ros2/assignment/install/smartcar_msgs/local/lib/python3.10/dist-packages:${PYTHONPATH} /usr/bin/cmake --build /home/ros2/assignment/build/car_gazebo_plugin -- -j8 -l8
[50.341s] DEBUG:colcon.colcon_core.event_handler.log_command:Invoked command in '/home/ros2/assignment/build/car_gazebo_plugin' returned '0': AMENT_PREFIX_PATH=/home/ros2/assignment/install/smartcar_msgs:${AMENT_PREFIX_PATH} CMAKE_PREFIX_PATH=/home/ros2/assignment/install/smartcar_msgs:/opt/ros/humble LD_LIBRARY_PATH=/home/ros2/assignment/install/smartcar_msgs/lib:/usr/lib/x86_64-linux-gnu/gazebo-11/plugins:/opt/ros/humble/opt/rviz_ogre_vendor/lib:/opt/ros/humble/lib/x86_64-linux-gnu:/opt/ros/humble/lib:/usr/lib/x86_64-linux-gnu/gazebo-11/plugins:/usr/lib/x86_64-linux-gnu/gazebo-11/plugins:/usr/lib/x86_64-linux-gnu/gazebo-11/plugins PYTHONPATH=/home/ros2/assignment/install/smartcar_msgs/local/lib/python3.10/dist-packages:${PYTHONPATH} /usr/bin/cmake --build /home/ros2/assignment/build/car_gazebo_plugin -- -j8 -l8
[50.386s] DEBUG:colcon.colcon_core.event_handler.log_command:Invoking command in '/home/ros2/assignment/build/car_gazebo_plugin': AMENT_PREFIX_PATH=/home/ros2/assignment/install/smartcar_msgs:${AMENT_PREFIX_PATH} CMAKE_PREFIX_PATH=/home/ros2/assignment/install/smartcar_msgs:/opt/ros/humble LD_LIBRARY_PATH=/home/ros2/assignment/install/smartcar_msgs/lib:/usr/lib/x86_64-linux-gnu/gazebo-11/plugins:/opt/ros/humble/opt/rviz_ogre_vendor/lib:/opt/ros/humble/lib/x86_64-linux-gnu:/opt/ros/humble/lib:/usr/lib/x86_64-linux-gnu/gazebo-11/plugins:/usr/lib/x86_64-linux-gnu/gazebo-11/plugins:/usr/lib/x86_64-linux-gnu/gazebo-11/plugins PYTHONPATH=/home/ros2/assignment/install/smartcar_msgs/local/lib/python3.10/dist-packages:${PYTHONPATH} /usr/bin/cmake --install /home/ros2/assignment/build/car_gazebo_plugin
[50.427s] Level 1:colcon.colcon_core.environment:create_environment_scripts_only(car_gazebo_plugin)
[50.428s] Level 1:colcon.colcon_core.environment:checking '/home/ros2/assignment/install/car_gazebo_plugin' for CMake module files
[50.429s] DEBUG:colcon.colcon_core.event_handler.log_command:Invoked command in '/home/ros2/assignment/build/car_gazebo_plugin' returned '0': AMENT_PREFIX_PATH=/home/ros2/assignment/install/smartcar_msgs:${AMENT_PREFIX_PATH} CMAKE_PREFIX_PATH=/home/ros2/assignment/install/smartcar_msgs:/opt/ros/humble LD_LIBRARY_PATH=/home/ros2/assignment/install/smartcar_msgs/lib:/usr/lib/x86_64-linux-gnu/gazebo-11/plugins:/opt/ros/humble/opt/rviz_ogre_vendor/lib:/opt/ros/humble/lib/x86_64-linux-gnu:/opt/ros/humble/lib:/usr/lib/x86_64-linux-gnu/gazebo-11/plugins:/usr/lib/x86_64-linux-gnu/gazebo-11/plugins:/usr/lib/x86_64-linux-gnu/gazebo-11/plugins PYTHONPATH=/home/ros2/assignment/install/smartcar_msgs/local/lib/python3.10/dist-packages:${PYTHONPATH} /usr/bin/cmake --install /home/ros2/assignment/build/car_gazebo_plugin
[50.430s] Level 1:colcon.colcon_core.environment:checking '/home/ros2/assignment/install/car_gazebo_plugin' for CMake config files
[50.431s] Level 1:colcon.colcon_core.shell:create_environment_hook('car_gazebo_plugin', 'cmake_prefix_path')
[50.431s] INFO:colcon.colcon_core.shell:Creating environment hook '/home/ros2/assignment/install/car_gazebo_plugin/share/car_gazebo_plugin/hook/cmake_prefix_path.ps1'
[50.432s] INFO:colcon.colcon_core.shell:Creating environment descriptor '/home/ros2/assignment/install/car_gazebo_plugin/share/car_gazebo_plugin/hook/cmake_prefix_path.dsv'
[50.433s] INFO:colcon.colcon_core.shell:Creating environment hook '/home/ros2/assignment/install/car_gazebo_plugin/share/car_gazebo_plugin/hook/cmake_prefix_path.sh'
[50.433s] Level 1:colcon.colcon_core.environment:checking '/home/ros2/assignment/install/car_gazebo_plugin/lib'
[50.433s] Level 1:colcon.colcon_core.shell:create_environment_hook('car_gazebo_plugin', 'ld_library_path_lib')
[50.434s] INFO:colcon.colcon_core.shell:Creating environment hook '/home/ros2/assignment/install/car_gazebo_plugin/share/car_gazebo_plugin/hook/ld_library_path_lib.ps1'
[50.434s] INFO:colcon.colcon_core.shell:Creating environment descriptor '/home/ros2/assignment/install/car_gazebo_plugin/share/car_gazebo_plugin/hook/ld_library_path_lib.dsv'
[50.435s] INFO:colcon.colcon_core.shell:Creating environment hook '/home/ros2/assignment/install/car_gazebo_plugin/share/car_gazebo_plugin/hook/ld_library_path_lib.sh'
[50.435s] Level 1:colcon.colcon_core.environment:checking '/home/ros2/assignment/install/car_gazebo_plugin/bin'
[50.435s] Level 1:colcon.colcon_core.environment:checking '/home/ros2/assignment/install/car_gazebo_plugin/lib/pkgconfig/car_gazebo_plugin.pc'
[50.436s] Level 1:colcon.colcon_core.environment:checking '/home/ros2/assignment/install/car_gazebo_plugin/lib/python3.10/site-packages'
[50.436s] Level 1:colcon.colcon_core.environment:checking '/home/ros2/assignment/install/car_gazebo_plugin/bin'
[50.437s] INFO:colcon.colcon_core.shell:Creating package script '/home/ros2/assignment/install/car_gazebo_plugin/share/car_gazebo_plugin/package.ps1'
[50.437s] INFO:colcon.colcon_core.shell:Creating package descriptor '/home/ros2/assignment/install/car_gazebo_plugin/share/car_gazebo_plugin/package.dsv'
[50.438s] INFO:colcon.colcon_core.shell:Creating package script '/home/ros2/assignment/install/car_gazebo_plugin/share/car_gazebo_plugin/package.sh'
[50.439s] INFO:colcon.colcon_core.shell:Creating package script '/home/ros2/assignment/install/car_gazebo_plugin/share/car_gazebo_plugin/package.bash'
[50.439s] INFO:colcon.colcon_core.shell:Creating package script '/home/ros2/assignment/install/car_gazebo_plugin/share/car_gazebo_plugin/package.zsh'
[50.440s] Level 1:colcon.colcon_core.environment:create_file_with_runtime_dependencies(/home/ros2/assignment/install/car_gazebo_plugin/share/colcon-core/packages/car_gazebo_plugin)
[50.482s] Level 1:colcon.colcon_core.environment:create_environment_scripts_only(car_gazebo_plugin)
[50.483s] Level 1:colcon.colcon_core.environment:checking '/home/ros2/assignment/install/car_gazebo_plugin' for CMake module files
[50.484s] Level 1:colcon.colcon_core.environment:checking '/home/ros2/assignment/install/car_gazebo_plugin' for CMake config files
[50.485s] Level 1:colcon.colcon_core.shell:create_environment_hook('car_gazebo_plugin', 'cmake_prefix_path')
[50.486s] INFO:colcon.colcon_core.shell:Creating environment hook '/home/ros2/assignment/install/car_gazebo_plugin/share/car_gazebo_plugin/hook/cmake_prefix_path.ps1'
[50.487s] INFO:colcon.colcon_core.shell:Creating environment descriptor '/home/ros2/assignment/install/car_gazebo_plugin/share/car_gazebo_plugin/hook/cmake_prefix_path.dsv'
[50.487s] INFO:colcon.colcon_core.shell:Creating environment hook '/home/ros2/assignment/install/car_gazebo_plugin/share/car_gazebo_plugin/hook/cmake_prefix_path.sh'
[50.488s] Level 1:colcon.colcon_core.environment:checking '/home/ros2/assignment/install/car_gazebo_plugin/lib'
[50.488s] Level 1:colcon.colcon_core.shell:create_environment_hook('car_gazebo_plugin', 'ld_library_path_lib')
[50.489s] INFO:colcon.colcon_core.shell:Creating environment hook '/home/ros2/assignment/install/car_gazebo_plugin/share/car_gazebo_plugin/hook/ld_library_path_lib.ps1'
[50.489s] INFO:colcon.colcon_core.shell:Creating environment descriptor '/home/ros2/assignment/install/car_gazebo_plugin/share/car_gazebo_plugin/hook/ld_library_path_lib.dsv'
[50.490s] INFO:colcon.colcon_core.shell:Creating environment hook '/home/ros2/assignment/install/car_gazebo_plugin/share/car_gazebo_plugin/hook/ld_library_path_lib.sh'
[50.490s] Level 1:colcon.colcon_core.environment:checking '/home/ros2/assignment/install/car_gazebo_plugin/bin'
[50.491s] Level 1:colcon.colcon_core.environment:checking '/home/ros2/assignment/install/car_gazebo_plugin/lib/pkgconfig/car_gazebo_plugin.pc'
[50.491s] Level 1:colcon.colcon_core.environment:checking '/home/ros2/assignment/install/car_gazebo_plugin/lib/python3.10/site-packages'
[50.491s] Level 1:colcon.colcon_core.environment:checking '/home/ros2/assignment/install/car_gazebo_plugin/bin'
[50.492s] INFO:colcon.colcon_core.shell:Creating package script '/home/ros2/assignment/install/car_gazebo_plugin/share/car_gazebo_plugin/package.ps1'
[50.493s] INFO:colcon.colcon_core.shell:Creating package descriptor '/home/ros2/assignment/install/car_gazebo_plugin/share/car_gazebo_plugin/package.dsv'
[50.494s] INFO:colcon.colcon_core.shell:Creating package script '/home/ros2/assignment/install/car_gazebo_plugin/share/car_gazebo_plugin/package.sh'
[50.494s] INFO:colcon.colcon_core.shell:Creating package script '/home/ros2/assignment/install/car_gazebo_plugin/share/car_gazebo_plugin/package.bash'
[50.495s] INFO:colcon.colcon_core.shell:Creating package script '/home/ros2/assignment/install/car_gazebo_plugin/share/car_gazebo_plugin/package.zsh'
[50.495s] Level 1:colcon.colcon_core.environment:create_file_with_runtime_dependencies(/home/ros2/assignment/install/car_gazebo_plugin/share/colcon-core/packages/car_gazebo_plugin)
[50.496s] DEBUG:colcon.colcon_parallel_executor.executor.parallel:closing loop
[50.497s] DEBUG:colcon.colcon_parallel_executor.executor.parallel:loop closed
[50.497s] DEBUG:colcon.colcon_parallel_executor.executor.parallel:run_until_complete finished with '0'
[50.497s] DEBUG:colcon.colcon_core.event_reactor:joining thread
[50.510s] INFO:colcon.colcon_core.plugin_system:Skipping extension 'colcon_notification.desktop_notification.terminal_notifier': Not used on non-Darwin systems
[50.510s] INFO:colcon.colcon_core.plugin_system:Skipping extension 'colcon_notification.desktop_notification.win32': Not used on non-Windows systems
[50.510s] INFO:colcon.colcon_notification.desktop_notification:Sending desktop notification using 'notify2'
[50.531s] DEBUG:colcon.colcon_core.event_reactor:joined thread
[50.532s] INFO:colcon.colcon_core.shell:Creating prefix script '/home/ros2/assignment/install/local_setup.ps1'
[50.535s] INFO:colcon.colcon_core.shell:Creating prefix util module '/home/ros2/assignment/install/_local_setup_util_ps1.py'
[50.538s] INFO:colcon.colcon_core.shell:Creating prefix chain script '/home/ros2/assignment/install/setup.ps1'
[50.540s] INFO:colcon.colcon_core.shell:Creating prefix script '/home/ros2/assignment/install/local_setup.sh'
[50.542s] INFO:colcon.colcon_core.shell:Creating prefix util module '/home/ros2/assignment/install/_local_setup_util_sh.py'
[50.543s] INFO:colcon.colcon_core.shell:Creating prefix chain script '/home/ros2/assignment/install/setup.sh'
[50.545s] INFO:colcon.colcon_core.shell:Creating prefix script '/home/ros2/assignment/install/local_setup.bash'
[50.546s] INFO:colcon.colcon_core.shell:Creating prefix chain script '/home/ros2/assignment/install/setup.bash'
[50.549s] INFO:colcon.colcon_core.shell:Creating prefix script '/home/ros2/assignment/install/local_setup.zsh'
[50.551s] INFO:colcon.colcon_core.shell:Creating prefix chain script '/home/ros2/assignment/install/setup.zsh'
