[0.032s] Invoking command in '/home/ros2/assignment/build/smartcar_msgs': CMAKE_PREFIX_PATH=/opt/ros/humble /usr/bin/cmake /home/ros2/assignment/src/smartcar_msgs -DCMAKE_INSTALL_PREFIX=/home/ros2/assignment/install/smartcar_msgs
[0.064s] -- Found ament_cmake: 1.3.10 (/opt/ros/humble/share/ament_cmake/cmake)
[0.268s] -- Override CMake install command with custom implementation using symlinks instead of copying resources
[0.306s] -- Found rosidl_default_generators: 1.2.0 (/opt/ros/humble/share/rosidl_default_generators/cmake)
[0.312s] -- Using all available rosidl_typesupport_c: rosidl_typesupport_fastrtps_c;rosidl_typesupport_introspection_c
[0.321s] -- Found rosidl_adapter: 3.1.5 (/opt/ros/humble/share/rosidl_adapter/cmake)
[0.405s] -- Using all available rosidl_typesupport_cpp: rosidl_typesupport_fastrtps_cpp;rosidl_typesupport_introspection_cpp
[0.853s] -- Found ament_cmake_ros: 0.10.0 (/opt/ros/humble/share/ament_cmake_ros/cmake)
[1.149s] -- Using all available rosidl_typesupport_c: rosidl_typesupport_fastrtps_c;rosidl_typesupport_introspection_c
[1.527s] -- Using all available rosidl_typesupport_cpp: rosidl_typesupport_fastrtps_cpp;rosidl_typesupport_introspection_cpp
[1.569s] -- Found python_cmake_module: 0.10.0 (/opt/ros/humble/share/python_cmake_module/cmake)
[1.606s] -- Using PYTHON_EXECUTABLE: /usr/bin/python3
[1.606s] -- Using PYTHON_INCLUDE_DIRS: /usr/include/python3.10
[1.606s] -- Using PYTHON_LIBRARIES: /usr/lib/x86_64-linux-gnu/libpython3.10.so
[1.649s] -- Configuring done
[1.707s] -- Generating done
[1.714s] -- Build files have been written to: /home/ros2/assignment/build/smartcar_msgs
[1.727s] Invoked command in '/home/ros2/assignment/build/smartcar_msgs' returned '0': CMAKE_PREFIX_PATH=/opt/ros/humble /usr/bin/cmake /home/ros2/assignment/src/smartcar_msgs -DCMAKE_INSTALL_PREFIX=/home/ros2/assignment/install/smartcar_msgs
[1.730s] Invoking command in '/home/ros2/assignment/build/smartcar_msgs': CMAKE_PREFIX_PATH=/opt/ros/humble /usr/bin/cmake --build /home/ros2/assignment/build/smartcar_msgs -- -j8 -l8
[1.811s] [35m[1mConsolidate compiler generated dependencies of target smartcar_msgs__rosidl_generator_c[0m
[1.841s] [  3%] Built target smartcar_msgs__cpp
[1.851s] [ 12%] Built target smartcar_msgs__rosidl_generator_c
[1.862s] [ 12%] Built target ament_cmake_python_symlink_smartcar_msgs
[1.864s] [35m[1mConsolidate compiler generated dependencies of target smartcar_msgs__rosidl_typesupport_cpp[0m
[1.868s] [35m[1mConsolidate compiler generated dependencies of target smartcar_msgs__rosidl_typesupport_fastrtps_cpp[0m
[1.869s] [35m[1mConsolidate compiler generated dependencies of target smartcar_msgs__rosidl_typesupport_introspection_cpp[0m
[1.878s] [35m[1mConsolidate compiler generated dependencies of target smartcar_msgs__rosidl_typesupport_fastrtps_c[0m
[1.882s] [35m[1mConsolidate compiler generated dependencies of target smartcar_msgs__rosidl_typesupport_c[0m
[1.882s] [35m[1mConsolidate compiler generated dependencies of target smartcar_msgs__rosidl_typesupport_introspection_c[0m
[1.909s] [ 22%] Built target smartcar_msgs__rosidl_typesupport_introspection_cpp
[1.911s] [ 32%] Built target smartcar_msgs__rosidl_typesupport_fastrtps_cpp
[1.913s] [ 41%] Built target smartcar_msgs__rosidl_typesupport_c
[1.913s] [ 54%] Built target smartcar_msgs__rosidl_typesupport_fastrtps_c
[1.914s] [ 61%] Built target smartcar_msgs__rosidl_typesupport_cpp
[1.915s] [ 70%] Built target smartcar_msgs__rosidl_typesupport_introspection_c
[1.954s] [ 70%] Built target smartcar_msgs
[1.989s] [ 74%] Built target smartcar_msgs__py
[2.008s] [35m[1mConsolidate compiler generated dependencies of target smartcar_msgs__rosidl_generator_py[0m
[2.037s] [ 80%] Built target smartcar_msgs__rosidl_generator_py
[2.056s] [35m[1mConsolidate compiler generated dependencies of target smartcar_msgs__rosidl_typesupport_c__pyext[0m
[2.056s] [35m[1mConsolidate compiler generated dependencies of target smartcar_msgs__rosidl_typesupport_fastrtps_c__pyext[0m
[2.057s] [35m[1mConsolidate compiler generated dependencies of target smartcar_msgs__rosidl_typesupport_introspection_c__pyext[0m
[2.078s] [ 93%] Built target smartcar_msgs__rosidl_typesupport_introspection_c__pyext
[2.078s] [ 93%] Built target smartcar_msgs__rosidl_typesupport_c__pyext
[2.078s] [100%] Built target smartcar_msgs__rosidl_typesupport_fastrtps_c__pyext
[2.329s] running egg_info
[2.330s] writing smartcar_msgs.egg-info/PKG-INFO
[2.331s] writing dependency_links to smartcar_msgs.egg-info/dependency_links.txt
[2.331s] writing top-level names to smartcar_msgs.egg-info/top_level.txt
[2.337s] reading manifest file 'smartcar_msgs.egg-info/SOURCES.txt'
[2.337s] writing manifest file 'smartcar_msgs.egg-info/SOURCES.txt'
[2.382s] [100%] Built target ament_cmake_python_build_smartcar_msgs_egg
[2.403s] Invoked command in '/home/ros2/assignment/build/smartcar_msgs' returned '0': CMAKE_PREFIX_PATH=/opt/ros/humble /usr/bin/cmake --build /home/ros2/assignment/build/smartcar_msgs -- -j8 -l8
[2.525s] Invoking command in '/home/ros2/assignment/build/smartcar_msgs': CMAKE_PREFIX_PATH=/opt/ros/humble /usr/bin/cmake --install /home/ros2/assignment/build/smartcar_msgs
[2.539s] -- Install configuration: ""
[2.540s] -- Execute custom install script
[2.541s] -- Up-to-date symlink: /home/ros2/assignment/install/smartcar_msgs/share/ament_index/resource_index/rosidl_interfaces/smartcar_msgs
[2.542s] -- Up-to-date symlink: /home/ros2/assignment/install/smartcar_msgs/include/smartcar_msgs/smartcar_msgs/msg/detail/status__functions.h
[2.542s] -- Up-to-date symlink: /home/ros2/assignment/install/smartcar_msgs/include/smartcar_msgs/smartcar_msgs/msg/detail/status__struct.h
[2.543s] -- Up-to-date symlink: /home/ros2/assignment/install/smartcar_msgs/include/smartcar_msgs/smartcar_msgs/msg/detail/status__type_support.h
[2.543s] -- Up-to-date symlink: /home/ros2/assignment/install/smartcar_msgs/include/smartcar_msgs/smartcar_msgs/msg/rosidl_generator_c__visibility_control.h
[2.544s] -- Up-to-date symlink: /home/ros2/assignment/install/smartcar_msgs/include/smartcar_msgs/smartcar_msgs/msg/status.h
[2.544s] -- Up-to-date symlink: /home/ros2/assignment/install/smartcar_msgs/share/smartcar_msgs/environment/library_path.sh
[2.545s] -- Up-to-date symlink: /home/ros2/assignment/install/smartcar_msgs/share/smartcar_msgs/environment/library_path.dsv
[2.546s] -- Up-to-date symlink: /home/ros2/assignment/install/smartcar_msgs/include/smartcar_msgs/smartcar_msgs/msg/detail/status__rosidl_typesupport_fastrtps_c.h
[2.546s] -- Up-to-date symlink: /home/ros2/assignment/install/smartcar_msgs/include/smartcar_msgs/smartcar_msgs/msg/rosidl_typesupport_fastrtps_c__visibility_control.h
[2.547s] -- Up-to-date symlink: /home/ros2/assignment/install/smartcar_msgs/include/smartcar_msgs/smartcar_msgs/msg/detail/status__rosidl_typesupport_introspection_c.h
[2.548s] -- Up-to-date symlink: /home/ros2/assignment/install/smartcar_msgs/include/smartcar_msgs/smartcar_msgs/msg/rosidl_typesupport_introspection_c__visibility_control.h
[2.549s] -- Up-to-date symlink: /home/ros2/assignment/install/smartcar_msgs/include/smartcar_msgs/smartcar_msgs/msg/detail/status__builder.hpp
[2.549s] -- Up-to-date symlink: /home/ros2/assignment/install/smartcar_msgs/include/smartcar_msgs/smartcar_msgs/msg/detail/status__struct.hpp
[2.550s] -- Up-to-date symlink: /home/ros2/assignment/install/smartcar_msgs/include/smartcar_msgs/smartcar_msgs/msg/detail/status__traits.hpp
[2.550s] -- Up-to-date symlink: /home/ros2/assignment/install/smartcar_msgs/include/smartcar_msgs/smartcar_msgs/msg/status.hpp
[2.552s] -- Up-to-date symlink: /home/ros2/assignment/install/smartcar_msgs/include/smartcar_msgs/smartcar_msgs/msg/detail/status__rosidl_typesupport_fastrtps_cpp.hpp
[2.552s] -- Up-to-date symlink: /home/ros2/assignment/install/smartcar_msgs/include/smartcar_msgs/smartcar_msgs/msg/rosidl_typesupport_fastrtps_cpp__visibility_control.h
[2.553s] -- Up-to-date symlink: /home/ros2/assignment/install/smartcar_msgs/include/smartcar_msgs/smartcar_msgs/msg/detail/status__rosidl_typesupport_introspection_cpp.hpp
[2.554s] -- Up-to-date symlink: /home/ros2/assignment/install/smartcar_msgs/share/smartcar_msgs/environment/pythonpath.sh
[2.554s] -- Up-to-date symlink: /home/ros2/assignment/install/smartcar_msgs/share/smartcar_msgs/environment/pythonpath.dsv
[2.555s] -- Up-to-date symlink: /home/ros2/assignment/install/smartcar_msgs/local/lib/python3.10/dist-packages/smartcar_msgs-0.0.0-py3.10.egg-info/PKG-INFO
[2.556s] -- Up-to-date symlink: /home/ros2/assignment/install/smartcar_msgs/local/lib/python3.10/dist-packages/smartcar_msgs-0.0.0-py3.10.egg-info/SOURCES.txt
[2.557s] -- Up-to-date symlink: /home/ros2/assignment/install/smartcar_msgs/local/lib/python3.10/dist-packages/smartcar_msgs-0.0.0-py3.10.egg-info/dependency_links.txt
[2.557s] -- Up-to-date symlink: /home/ros2/assignment/install/smartcar_msgs/local/lib/python3.10/dist-packages/smartcar_msgs-0.0.0-py3.10.egg-info/top_level.txt
[2.559s] -- Up-to-date symlink: /home/ros2/assignment/install/smartcar_msgs/local/lib/python3.10/dist-packages/smartcar_msgs/__init__.py
[2.559s] -- Up-to-date symlink: /home/ros2/assignment/install/smartcar_msgs/local/lib/python3.10/dist-packages/smartcar_msgs/_smartcar_msgs_s.ep.rosidl_typesupport_c.c
[2.559s] -- Up-to-date symlink: /home/ros2/assignment/install/smartcar_msgs/local/lib/python3.10/dist-packages/smartcar_msgs/_smartcar_msgs_s.ep.rosidl_typesupport_fastrtps_c.c
[2.560s] -- Up-to-date symlink: /home/ros2/assignment/install/smartcar_msgs/local/lib/python3.10/dist-packages/smartcar_msgs/_smartcar_msgs_s.ep.rosidl_typesupport_introspection_c.c
[2.561s] -- Up-to-date symlink: /home/ros2/assignment/install/smartcar_msgs/local/lib/python3.10/dist-packages/smartcar_msgs/libsmartcar_msgs__rosidl_generator_py.so
[2.561s] -- Up-to-date symlink: /home/ros2/assignment/install/smartcar_msgs/local/lib/python3.10/dist-packages/smartcar_msgs/msg/__init__.py
[2.562s] -- Up-to-date symlink: /home/ros2/assignment/install/smartcar_msgs/local/lib/python3.10/dist-packages/smartcar_msgs/msg/_status.py
[2.562s] -- Up-to-date symlink: /home/ros2/assignment/install/smartcar_msgs/local/lib/python3.10/dist-packages/smartcar_msgs/msg/_status_s.c
[2.563s] -- Up-to-date symlink: /home/ros2/assignment/install/smartcar_msgs/local/lib/python3.10/dist-packages/smartcar_msgs/smartcar_msgs_s__rosidl_typesupport_c.cpython-310-x86_64-linux-gnu.so
[2.563s] -- Up-to-date symlink: /home/ros2/assignment/install/smartcar_msgs/local/lib/python3.10/dist-packages/smartcar_msgs/smartcar_msgs_s__rosidl_typesupport_fastrtps_c.cpython-310-x86_64-linux-gnu.so
[2.564s] -- Up-to-date symlink: /home/ros2/assignment/install/smartcar_msgs/local/lib/python3.10/dist-packages/smartcar_msgs/smartcar_msgs_s__rosidl_typesupport_introspection_c.cpython-310-x86_64-linux-gnu.so
[2.564s] -- Up-to-date symlink: /home/ros2/assignment/install/smartcar_msgs/local/lib/python3.10/dist-packages/smartcar_msgs/smartcar_msgs_s__rosidl_typesupport_fastrtps_c.cpython-310-x86_64-linux-gnu.so
[2.565s] -- Up-to-date symlink: /home/ros2/assignment/install/smartcar_msgs/local/lib/python3.10/dist-packages/smartcar_msgs/smartcar_msgs_s__rosidl_typesupport_introspection_c.cpython-310-x86_64-linux-gnu.so
[2.565s] -- Up-to-date symlink: /home/ros2/assignment/install/smartcar_msgs/local/lib/python3.10/dist-packages/smartcar_msgs/smartcar_msgs_s__rosidl_typesupport_c.cpython-310-x86_64-linux-gnu.so
[2.566s] -- Up-to-date symlink: /home/ros2/assignment/install/smartcar_msgs/share/smartcar_msgs/msg/Status.idl
[2.566s] -- Up-to-date symlink: /home/ros2/assignment/install/smartcar_msgs/share/smartcar_msgs/msg/Status.msg
[2.567s] -- Up-to-date symlink: /home/ros2/assignment/install/smartcar_msgs/share/ament_index/resource_index/package_run_dependencies/smartcar_msgs
[2.567s] -- Up-to-date symlink: /home/ros2/assignment/install/smartcar_msgs/share/ament_index/resource_index/parent_prefix_path/smartcar_msgs
[2.568s] -- Up-to-date symlink: /home/ros2/assignment/install/smartcar_msgs/share/smartcar_msgs/environment/ament_prefix_path.sh
[2.568s] -- Up-to-date symlink: /home/ros2/assignment/install/smartcar_msgs/share/smartcar_msgs/environment/ament_prefix_path.dsv
[2.569s] -- Up-to-date symlink: /home/ros2/assignment/install/smartcar_msgs/share/smartcar_msgs/environment/path.sh
[2.569s] -- Up-to-date symlink: /home/ros2/assignment/install/smartcar_msgs/share/smartcar_msgs/environment/path.dsv
[2.570s] -- Up-to-date symlink: /home/ros2/assignment/install/smartcar_msgs/share/smartcar_msgs/local_setup.bash
[2.570s] -- Up-to-date symlink: /home/ros2/assignment/install/smartcar_msgs/share/smartcar_msgs/local_setup.sh
[2.571s] -- Up-to-date symlink: /home/ros2/assignment/install/smartcar_msgs/share/smartcar_msgs/local_setup.zsh
[2.571s] -- Up-to-date symlink: /home/ros2/assignment/install/smartcar_msgs/share/smartcar_msgs/local_setup.dsv
[2.572s] -- Symlinking: /home/ros2/assignment/install/smartcar_msgs/share/smartcar_msgs/package.dsv
[2.589s] -- Up-to-date symlink: /home/ros2/assignment/install/smartcar_msgs/share/ament_index/resource_index/packages/smartcar_msgs
[2.590s] -- Up-to-date symlink: /home/ros2/assignment/install/smartcar_msgs/share/smartcar_msgs/cmake/rosidl_cmake-extras.cmake
[2.590s] -- Up-to-date symlink: /home/ros2/assignment/install/smartcar_msgs/share/smartcar_msgs/cmake/ament_cmake_export_include_directories-extras.cmake
[2.591s] -- Up-to-date symlink: /home/ros2/assignment/install/smartcar_msgs/share/smartcar_msgs/cmake/ament_cmake_export_libraries-extras.cmake
[2.592s] -- Up-to-date symlink: /home/ros2/assignment/install/smartcar_msgs/share/smartcar_msgs/cmake/ament_cmake_export_targets-extras.cmake
[2.592s] -- Up-to-date symlink: /home/ros2/assignment/install/smartcar_msgs/share/smartcar_msgs/cmake/rosidl_cmake_export_typesupport_targets-extras.cmake
[2.593s] -- Up-to-date symlink: /home/ros2/assignment/install/smartcar_msgs/share/smartcar_msgs/cmake/ament_cmake_export_dependencies-extras.cmake
[2.594s] -- Up-to-date symlink: /home/ros2/assignment/install/smartcar_msgs/share/smartcar_msgs/cmake/rosidl_cmake_export_typesupport_libraries-extras.cmake
[2.594s] -- Up-to-date symlink: /home/ros2/assignment/install/smartcar_msgs/share/smartcar_msgs/cmake/smartcar_msgsConfig.cmake
[2.595s] -- Up-to-date symlink: /home/ros2/assignment/install/smartcar_msgs/share/smartcar_msgs/cmake/smartcar_msgsConfig-version.cmake
[2.595s] -- Up-to-date symlink: /home/ros2/assignment/install/smartcar_msgs/share/smartcar_msgs/package.xml
[2.596s] -- Up-to-date: /home/ros2/assignment/install/smartcar_msgs/lib/libsmartcar_msgs__rosidl_generator_c.so
[2.596s] -- Up-to-date: /home/ros2/assignment/install/smartcar_msgs/lib/libsmartcar_msgs__rosidl_typesupport_fastrtps_c.so
[2.597s] -- Up-to-date: /home/ros2/assignment/install/smartcar_msgs/lib/libsmartcar_msgs__rosidl_typesupport_introspection_c.so
[2.597s] -- Up-to-date: /home/ros2/assignment/install/smartcar_msgs/lib/libsmartcar_msgs__rosidl_typesupport_c.so
[2.598s] -- Up-to-date: /home/ros2/assignment/install/smartcar_msgs/lib/libsmartcar_msgs__rosidl_typesupport_fastrtps_cpp.so
[2.599s] -- Up-to-date: /home/ros2/assignment/install/smartcar_msgs/lib/libsmartcar_msgs__rosidl_typesupport_introspection_cpp.so
[2.600s] -- Up-to-date: /home/ros2/assignment/install/smartcar_msgs/lib/libsmartcar_msgs__rosidl_typesupport_cpp.so
[2.652s] Listing '/home/ros2/assignment/install/smartcar_msgs/local/lib/python3.10/dist-packages/smartcar_msgs'...
[2.652s] Compiling '/home/ros2/assignment/install/smartcar_msgs/local/lib/python3.10/dist-packages/smartcar_msgs/__init__.py'...
[2.652s] Listing '/home/ros2/assignment/install/smartcar_msgs/local/lib/python3.10/dist-packages/smartcar_msgs/msg'...
[2.660s] -- Up-to-date: /home/ros2/assignment/install/smartcar_msgs/lib/libsmartcar_msgs__rosidl_generator_py.so
[2.660s] -- Up-to-date: /home/ros2/assignment/install/smartcar_msgs/share/smartcar_msgs/cmake/export_smartcar_msgs__rosidl_generator_cExport.cmake
[2.660s] -- Up-to-date: /home/ros2/assignment/install/smartcar_msgs/share/smartcar_msgs/cmake/export_smartcar_msgs__rosidl_generator_cExport-noconfig.cmake
[2.660s] -- Up-to-date: /home/ros2/assignment/install/smartcar_msgs/share/smartcar_msgs/cmake/export_smartcar_msgs__rosidl_typesupport_fastrtps_cExport.cmake
[2.661s] -- Up-to-date: /home/ros2/assignment/install/smartcar_msgs/share/smartcar_msgs/cmake/export_smartcar_msgs__rosidl_typesupport_fastrtps_cExport-noconfig.cmake
[2.661s] -- Up-to-date: /home/ros2/assignment/install/smartcar_msgs/share/smartcar_msgs/cmake/smartcar_msgs__rosidl_typesupport_introspection_cExport.cmake
[2.661s] -- Up-to-date: /home/ros2/assignment/install/smartcar_msgs/share/smartcar_msgs/cmake/smartcar_msgs__rosidl_typesupport_introspection_cExport-noconfig.cmake
[2.661s] -- Up-to-date: /home/ros2/assignment/install/smartcar_msgs/share/smartcar_msgs/cmake/smartcar_msgs__rosidl_typesupport_cExport.cmake
[2.661s] -- Up-to-date: /home/ros2/assignment/install/smartcar_msgs/share/smartcar_msgs/cmake/smartcar_msgs__rosidl_typesupport_cExport-noconfig.cmake
[2.662s] -- Up-to-date: /home/ros2/assignment/install/smartcar_msgs/share/smartcar_msgs/cmake/export_smartcar_msgs__rosidl_generator_cppExport.cmake
[2.662s] -- Up-to-date: /home/ros2/assignment/install/smartcar_msgs/share/smartcar_msgs/cmake/export_smartcar_msgs__rosidl_typesupport_fastrtps_cppExport.cmake
[2.662s] -- Up-to-date: /home/ros2/assignment/install/smartcar_msgs/share/smartcar_msgs/cmake/export_smartcar_msgs__rosidl_typesupport_fastrtps_cppExport-noconfig.cmake
[2.662s] -- Up-to-date: /home/ros2/assignment/install/smartcar_msgs/share/smartcar_msgs/cmake/smartcar_msgs__rosidl_typesupport_introspection_cppExport.cmake
[2.662s] -- Up-to-date: /home/ros2/assignment/install/smartcar_msgs/share/smartcar_msgs/cmake/smartcar_msgs__rosidl_typesupport_introspection_cppExport-noconfig.cmake
[2.662s] -- Up-to-date: /home/ros2/assignment/install/smartcar_msgs/share/smartcar_msgs/cmake/smartcar_msgs__rosidl_typesupport_cppExport.cmake
[2.662s] -- Up-to-date: /home/ros2/assignment/install/smartcar_msgs/share/smartcar_msgs/cmake/smartcar_msgs__rosidl_typesupport_cppExport-noconfig.cmake
[2.663s] -- Up-to-date: /home/ros2/assignment/install/smartcar_msgs/share/smartcar_msgs/cmake/export_smartcar_msgs__rosidl_generator_pyExport.cmake
[2.663s] -- Up-to-date: /home/ros2/assignment/install/smartcar_msgs/share/smartcar_msgs/cmake/export_smartcar_msgs__rosidl_generator_pyExport-noconfig.cmake
[2.666s] Invoked command in '/home/ros2/assignment/build/smartcar_msgs' returned '0': CMAKE_PREFIX_PATH=/opt/ros/humble /usr/bin/cmake --install /home/ros2/assignment/build/smartcar_msgs
