[0.028s] Invoking command in '/home/ros2/assignment/build/car_gazebo_plugin': CMAKE_PREFIX_PATH=${CMAKE_PREFIX_PATH}:/opt/ros/humble LD_LIBRARY_PATH=/home/ros2/assignment/install/smartcar_msgs/lib:/usr/lib/x86_64-linux-gnu/gazebo-11/plugins:/opt/ros/humble/opt/rviz_ogre_vendor/lib:/opt/ros/humble/lib/x86_64-linux-gnu:/opt/ros/humble/lib:/usr/lib/x86_64-linux-gnu/gazebo-11/plugins /usr/bin/cmake /home/ros2/assignment/src/car_gazebo_plugin -DAMENT_CMAKE_SYMLINK_INSTALL=1 -DCMAKE_INSTALL_PREFIX=/home/ros2/assignment/install/car_gazebo_plugin
[0.149s] -- The C compiler identification is GNU 11.4.0
[0.268s] -- The CXX compiler identification is GNU 11.4.0
[0.287s] -- Detecting C compiler ABI info
[0.390s] -- Detecting C compiler ABI info - done
[0.406s] -- Check for working C compiler: /usr/lib/ccache/gcc - skipped
[0.406s] -- Detecting C compile features
[0.407s] -- Detecting C compile features - done
[0.413s] -- Detecting CXX compiler ABI info
[0.539s] -- Detecting CXX compiler ABI info - done
[0.557s] -- Check for working CXX compiler: /usr/lib/ccache/g++ - skipped
[0.558s] -- Detecting CXX compile features
[0.559s] -- Detecting CXX compile features - done
[0.563s] -- Found ament_cmake: 1.3.10 (/opt/ros/humble/share/ament_cmake/cmake)
[0.811s] -- Found Python3: /usr/bin/python3 (found version "3.10.12") found components: Interpreter 
[0.915s] -- Override CMake install command with custom implementation using symlinks instead of copying resources
[0.978s] [33mCMake Warning (dev) at /usr/share/cmake-3.22/Modules/FindPackageHandleStandardArgs.cmake:438 (message):
[0.978s]   The package name passed to `find_package_handle_standard_args` (PkgConfig)
[0.978s]   does not match the name of the calling package (gazebo).  This can lead to
[0.979s]   problems in calling code that expects `find_package` result variables
[0.979s]   (e.g., `_FOUND`) to follow a certain pattern.
[0.979s] Call Stack (most recent call first):
[0.979s]   /usr/share/cmake-3.22/Modules/FindPkgConfig.cmake:99 (find_package_handle_standard_args)
[0.979s]   /usr/lib/x86_64-linux-gnu/cmake/gazebo/gazebo-config.cmake:72 (include)
[0.979s]   CMakeLists.txt:16 (find_package)
[0.979s] This warning is for project developers.  Use -Wno-dev to suppress it.
[0.979s] [0m
[0.979s] -- Found PkgConfig: /usr/bin/pkg-config (found version "0.29.2") 
[0.985s] -- Checking for module 'bullet>=2.82'
[1.014s] --   Found bullet, version 3.05
[1.218s] -- Found fcl: /usr/include (found suitable version "0.7.0", minimum required is "0.5.0") 
[1.307s] -- Found assimp: /usr/include (found version "5.2.0") 
[1.359s] -- Found DART: /usr/include (Required is at least version "6.6") found components: dart 
[1.627s] -- Found Boost: /usr/lib/x86_64-linux-gnu/cmake/Boost-1.74.0/BoostConfig.cmake (found suitable version "1.74.0", minimum required is "1.40.0") found components: thread system filesystem program_options regex iostreams date_time 
[1.671s] -- Found Protobuf: /usr/lib/x86_64-linux-gnu/libprotobuf.so (found version "3.12.4") 
[1.682s] -- Looking for ignition-math6 -- found version 6.15.1
[1.698s] -- Searching for dependencies of ignition-math6
[1.703s] -- Looking for OGRE...
[1.703s] -- OGRE_PREFIX_WATCH changed.
[1.712s] -- Checking for module 'OGRE'
[1.735s] --   Found OGRE, version 1.9.0
[1.794s] -- Found Ogre Ghadamon (1.9.0)
[1.819s] -- Found OGRE: optimized;/usr/lib/x86_64-linux-gnu/libOgreMain.so;debug;/usr/lib/x86_64-linux-gnu/libOgreMain.so
[1.836s] -- Looking for OGRE_Paging...
[1.850s] -- Found OGRE_Paging: optimized;/usr/lib/x86_64-linux-gnu/libOgrePaging.so;debug;/usr/lib/x86_64-linux-gnu/libOgrePaging.so
[1.850s] -- Looking for OGRE_Terrain...
[1.863s] -- Found OGRE_Terrain: optimized;/usr/lib/x86_64-linux-gnu/libOgreTerrain.so;debug;/usr/lib/x86_64-linux-gnu/libOgreTerrain.so
[1.863s] -- Looking for OGRE_Property...
[1.876s] -- Found OGRE_Property: optimized;/usr/lib/x86_64-linux-gnu/libOgreProperty.so;debug;/usr/lib/x86_64-linux-gnu/libOgreProperty.so
[1.876s] -- Looking for OGRE_RTShaderSystem...
[1.890s] -- Found OGRE_RTShaderSystem: optimized;/usr/lib/x86_64-linux-gnu/libOgreRTShaderSystem.so;debug;/usr/lib/x86_64-linux-gnu/libOgreRTShaderSystem.so
[1.890s] -- Looking for OGRE_Volume...
[1.904s] -- Found OGRE_Volume: optimized;/usr/lib/x86_64-linux-gnu/libOgreVolume.so;debug;/usr/lib/x86_64-linux-gnu/libOgreVolume.so
[1.904s] -- Looking for OGRE_Overlay...
[1.921s] -- Found OGRE_Overlay: optimized;/usr/lib/x86_64-linux-gnu/libOgreOverlay.so;debug;/usr/lib/x86_64-linux-gnu/libOgreOverlay.so
[2.223s] -- Looking for ignition-math6 -- found version 6.15.1
[2.229s] -- Looking for ignition-transport8 -- found version 8.2.1
[2.229s] -- Searching for dependencies of ignition-transport8
[2.257s] -- Found Protobuf: /usr/lib/x86_64-linux-gnu/libprotobuf.so (found suitable version "3.12.4", minimum required is "3") 
[2.274s] -- Config-file not installed for ZeroMQ -- checking for pkg-config
[2.284s] -- Checking for module 'libzmq >= 4'
[2.313s] --   Found libzmq , version 4.3.4
[2.382s] -- Found ZeroMQ: TRUE (Required is at least version "4") 
[2.393s] -- Checking for module 'uuid'
[2.419s] --   Found uuid, version 2.37.2
[2.479s] -- Found UUID: TRUE  
[2.484s] -- Looking for ignition-msgs5 -- found version 5.8.1
[2.485s] -- Searching for dependencies of ignition-msgs5
[2.514s] -- Looking for ignition-math6 -- found version 6.15.1
[2.524s] -- Checking for module 'tinyxml2'
[2.546s] --   Found tinyxml2, version 9.0.0
[2.602s] -- Looking for ignition-msgs5 -- found version 5.8.1
[2.607s] -- Looking for ignition-common3 -- found version 3.14.0
[2.608s] -- Searching for dependencies of ignition-common3
[2.609s] -- Looking for dlfcn.h - found
[2.611s] -- Looking for libdl - found
[2.614s] -- Found DL: TRUE  
[2.637s] -- Found tinyobjloader: /usr/lib/x86_64-linux-gnu/cmake/tinyobjloader/tinyobjloader-config.cmake (found version "2.0.0") 
[2.639s] -- Searching for <ignition-common3> component [graphics]
[2.643s] -- Looking for ignition-common3-graphics -- found version 3.14.0
[2.644s] -- Searching for dependencies of ignition-common3-graphics
[2.644s] -- Looking for ignition-math6 -- found version 6.15.1
[2.651s] -- Looking for ignition-fuel_tools4 -- found version 4.4.0
[2.651s] -- Searching for dependencies of ignition-fuel_tools4
[2.796s] -- Found CURL: /usr/lib/x86_64-linux-gnu/libcurl.so (found version "7.81.0")  
[2.814s] -- Checking for module 'jsoncpp'
[2.840s] --   Found jsoncpp, version 1.9.5
[2.901s] -- Found JSONCPP: TRUE  
[2.915s] -- Checking for module 'libzip'
[2.937s] --   Found libzip, version 1.7.3
[2.991s] -- Found ZIP: TRUE  
[2.992s] -- Looking for ignition-common3 -- found version 3.14.0
[2.993s] -- Looking for ignition-math6 -- found version 6.15.1
[2.993s] -- Looking for ignition-msgs5 -- found version 5.8.1
[3.006s] -- Found gazebo_ros: 3.7.0 (/opt/ros/humble/share/gazebo_ros/cmake)
[3.069s] -- Found rosidl_generator_c: 3.1.5 (/opt/ros/humble/share/rosidl_generator_c/cmake)
[3.077s] -- Found rosidl_adapter: 3.1.5 (/opt/ros/humble/share/rosidl_adapter/cmake)
[3.091s] -- Found rosidl_generator_cpp: 3.1.5 (/opt/ros/humble/share/rosidl_generator_cpp/cmake)
[3.111s] -- Using all available rosidl_typesupport_c: rosidl_typesupport_fastrtps_c;rosidl_typesupport_introspection_c
[3.140s] -- Using all available rosidl_typesupport_cpp: rosidl_typesupport_fastrtps_cpp;rosidl_typesupport_introspection_cpp
[3.216s] -- Found rmw_implementation_cmake: 6.1.2 (/opt/ros/humble/share/rmw_implementation_cmake/cmake)
[3.220s] -- Found rmw_cyclonedds_cpp: 1.3.4 (/opt/ros/humble/share/rmw_cyclonedds_cpp/cmake)
[3.257s] -- Using RMW implementation 'rmw_cyclonedds_cpp' as default
[3.271s] -- Found Threads: TRUE  
[3.378s] -- Gazebo version: 11.10
[3.379s] -- Checking for module 'tbb'
[3.400s] --   Found tbb, version 2021.5.0
[3.462s] -- Found sensor_msgs: 4.2.4 (/opt/ros/humble/share/sensor_msgs/cmake)
[3.547s] -- Found nav_msgs: 4.2.4 (/opt/ros/humble/share/nav_msgs/cmake)
[3.593s] -- Found ackermann_msgs: 2.0.2 (/opt/ros/humble/share/ackermann_msgs/cmake)
[3.632s] -- Found tf2: 0.25.7 (/opt/ros/humble/share/tf2/cmake)
[3.656s] -- Found tf2_ros: 0.25.7 (/opt/ros/humble/share/tf2_ros/cmake)
[3.889s] -- Found smartcar_msgs: 0.0.0 (/home/ros2/assignment/install/smartcar_msgs/share/smartcar_msgs/cmake)
[4.027s] -- Configuring done
[4.119s] -- Generating done
[4.125s] -- Build files have been written to: /home/ros2/assignment/build/car_gazebo_plugin
[4.155s] Invoked command in '/home/ros2/assignment/build/car_gazebo_plugin' returned '0': CMAKE_PREFIX_PATH=${CMAKE_PREFIX_PATH}:/opt/ros/humble LD_LIBRARY_PATH=/home/ros2/assignment/install/smartcar_msgs/lib:/usr/lib/x86_64-linux-gnu/gazebo-11/plugins:/opt/ros/humble/opt/rviz_ogre_vendor/lib:/opt/ros/humble/lib/x86_64-linux-gnu:/opt/ros/humble/lib:/usr/lib/x86_64-linux-gnu/gazebo-11/plugins /usr/bin/cmake /home/ros2/assignment/src/car_gazebo_plugin -DAMENT_CMAKE_SYMLINK_INSTALL=1 -DCMAKE_INSTALL_PREFIX=/home/ros2/assignment/install/car_gazebo_plugin
[4.159s] Invoking command in '/home/ros2/assignment/build/car_gazebo_plugin': CMAKE_PREFIX_PATH=${CMAKE_PREFIX_PATH}:/opt/ros/humble LD_LIBRARY_PATH=/home/ros2/assignment/install/smartcar_msgs/lib:/usr/lib/x86_64-linux-gnu/gazebo-11/plugins:/opt/ros/humble/opt/rviz_ogre_vendor/lib:/opt/ros/humble/lib/x86_64-linux-gnu:/opt/ros/humble/lib:/usr/lib/x86_64-linux-gnu/gazebo-11/plugins /usr/bin/cmake --build /home/ros2/assignment/build/car_gazebo_plugin -- -j8 -l8
[4.247s] [ 50%] [32mBuilding CXX object CMakeFiles/car_gazebo_plugin.dir/src/car_gazebo_plugin.cpp.o[0m
[5.010s] [100%] [32m[1mLinking CXX shared library libcar_gazebo_plugin.so[0m
[7.581s] [100%] Built target car_gazebo_plugin
[7.600s] Invoked command in '/home/ros2/assignment/build/car_gazebo_plugin' returned '0': CMAKE_PREFIX_PATH=${CMAKE_PREFIX_PATH}:/opt/ros/humble LD_LIBRARY_PATH=/home/ros2/assignment/install/smartcar_msgs/lib:/usr/lib/x86_64-linux-gnu/gazebo-11/plugins:/opt/ros/humble/opt/rviz_ogre_vendor/lib:/opt/ros/humble/lib/x86_64-linux-gnu:/opt/ros/humble/lib:/usr/lib/x86_64-linux-gnu/gazebo-11/plugins /usr/bin/cmake --build /home/ros2/assignment/build/car_gazebo_plugin -- -j8 -l8
[7.650s] Invoking command in '/home/ros2/assignment/build/car_gazebo_plugin': CMAKE_PREFIX_PATH=${CMAKE_PREFIX_PATH}:/opt/ros/humble LD_LIBRARY_PATH=/home/ros2/assignment/install/smartcar_msgs/lib:/usr/lib/x86_64-linux-gnu/gazebo-11/plugins:/opt/ros/humble/opt/rviz_ogre_vendor/lib:/opt/ros/humble/lib/x86_64-linux-gnu:/opt/ros/humble/lib:/usr/lib/x86_64-linux-gnu/gazebo-11/plugins /usr/bin/cmake --install /home/ros2/assignment/build/car_gazebo_plugin
[7.662s] -- Install configuration: ""
[7.663s] -- Execute custom install script
[7.663s] -- Symlinking: /home/ros2/assignment/install/car_gazebo_plugin/share/car_gazebo_plugin/environment/library_path.sh
[7.678s] -- Symlinking: /home/ros2/assignment/install/car_gazebo_plugin/share/car_gazebo_plugin/environment/library_path.dsv
[7.693s] -- Symlinking: /home/ros2/assignment/install/car_gazebo_plugin/lib/libcar_gazebo_plugin.so
[7.706s] -- Symlinking: /home/ros2/assignment/install/car_gazebo_plugin/share/car_gazebo_plugin//car_gazebo.launch.py
[7.721s] -- Symlinking: /home/ros2/assignment/install/car_gazebo_plugin/share/ament_index/resource_index/package_run_dependencies/car_gazebo_plugin
[7.735s] -- Symlinking: /home/ros2/assignment/install/car_gazebo_plugin/share/ament_index/resource_index/parent_prefix_path/car_gazebo_plugin
[7.749s] -- Symlinking: /home/ros2/assignment/install/car_gazebo_plugin/share/car_gazebo_plugin/environment/ament_prefix_path.sh
[7.762s] -- Symlinking: /home/ros2/assignment/install/car_gazebo_plugin/share/car_gazebo_plugin/environment/ament_prefix_path.dsv
[7.777s] -- Symlinking: /home/ros2/assignment/install/car_gazebo_plugin/share/car_gazebo_plugin/environment/path.sh
[7.792s] -- Symlinking: /home/ros2/assignment/install/car_gazebo_plugin/share/car_gazebo_plugin/environment/path.dsv
[7.806s] -- Symlinking: /home/ros2/assignment/install/car_gazebo_plugin/share/car_gazebo_plugin/local_setup.bash
[7.820s] -- Symlinking: /home/ros2/assignment/install/car_gazebo_plugin/share/car_gazebo_plugin/local_setup.sh
[7.836s] -- Symlinking: /home/ros2/assignment/install/car_gazebo_plugin/share/car_gazebo_plugin/local_setup.zsh
[7.850s] -- Symlinking: /home/ros2/assignment/install/car_gazebo_plugin/share/car_gazebo_plugin/local_setup.dsv
[7.865s] -- Symlinking: /home/ros2/assignment/install/car_gazebo_plugin/share/car_gazebo_plugin/package.dsv
[7.879s] -- Symlinking: /home/ros2/assignment/install/car_gazebo_plugin/share/ament_index/resource_index/packages/car_gazebo_plugin
[7.893s] -- Symlinking: /home/ros2/assignment/install/car_gazebo_plugin/share/car_gazebo_plugin/cmake/ament_cmake_export_libraries-extras.cmake
[7.908s] -- Symlinking: /home/ros2/assignment/install/car_gazebo_plugin/share/car_gazebo_plugin/cmake/ament_cmake_export_include_directories-extras.cmake
[7.924s] -- Symlinking: /home/ros2/assignment/install/car_gazebo_plugin/share/car_gazebo_plugin/cmake/ament_cmake_export_dependencies-extras.cmake
[7.939s] -- Symlinking: /home/ros2/assignment/install/car_gazebo_plugin/share/car_gazebo_plugin/cmake/car_gazebo_pluginConfig.cmake
[7.954s] -- Symlinking: /home/ros2/assignment/install/car_gazebo_plugin/share/car_gazebo_plugin/cmake/car_gazebo_pluginConfig-version.cmake
[7.968s] -- Symlinking: /home/ros2/assignment/install/car_gazebo_plugin/share/car_gazebo_plugin/package.xml
[7.988s] Invoked command in '/home/ros2/assignment/build/car_gazebo_plugin' returned '0': CMAKE_PREFIX_PATH=${CMAKE_PREFIX_PATH}:/opt/ros/humble LD_LIBRARY_PATH=/home/ros2/assignment/install/smartcar_msgs/lib:/usr/lib/x86_64-linux-gnu/gazebo-11/plugins:/opt/ros/humble/opt/rviz_ogre_vendor/lib:/opt/ros/humble/lib/x86_64-linux-gnu:/opt/ros/humble/lib:/usr/lib/x86_64-linux-gnu/gazebo-11/plugins /usr/bin/cmake --install /home/ros2/assignment/build/car_gazebo_plugin
