[0.022s] Invoking command in '/home/ros2/assignment/build/smart_car': CMAKE_PREFIX_PATH=${CMAKE_PREFIX_PATH}:/opt/ros/humble /usr/bin/cmake --build /home/ros2/assignment/build/smart_car -- -j8 -l8
[0.097s] Invoked command in '/home/ros2/assignment/build/smart_car' returned '0': CMAKE_PREFIX_PATH=${CMAKE_PREFIX_PATH}:/opt/ros/humble /usr/bin/cmake --build /home/ros2/assignment/build/smart_car -- -j8 -l8
[0.160s] Invoking command in '/home/ros2/assignment/build/smart_car': CMAKE_PREFIX_PATH=${CMAKE_PREFIX_PATH}:/opt/ros/humble /usr/bin/cmake --install /home/ros2/assignment/build/smart_car
[0.177s] -- Install configuration: ""
[0.177s] -- Up-to-date: /home/ros2/assignment/install/smart_car/share/smart_car/launch
[0.177s] -- Installing: /home/ros2/assignment/install/smart_car/share/smart_car/launch/gazebo.launch.py
[0.178s] -- Up-to-date: /home/ros2/assignment/install/smart_car/share/smart_car/launch/smartcar.launch.py
[0.178s] -- Up-to-date: /home/ros2/assignment/install/smart_car/share/smart_car/urdf
[0.178s] -- Up-to-date: /home/ros2/assignment/install/smart_car/share/smart_car/urdf/smartcar.urdf.xacro
[0.179s] -- Up-to-date: /home/ros2/assignment/install/smart_car/share/smart_car/urdf/smartcar.urdf
[0.179s] -- Up-to-date: /home/ros2/assignment/install/smart_car/share/smart_car/rviz
[0.179s] -- Up-to-date: /home/ros2/assignment/install/smart_car/share/smart_car/rviz/smartcar.rviz
[0.179s] -- Up-to-date: /home/ros2/assignment/install/smart_car/share/ament_index/resource_index/package_run_dependencies/smart_car
[0.179s] -- Up-to-date: /home/ros2/assignment/install/smart_car/share/ament_index/resource_index/parent_prefix_path/smart_car
[0.180s] -- Up-to-date: /home/ros2/assignment/install/smart_car/share/smart_car/environment/ament_prefix_path.sh
[0.180s] -- Up-to-date: /home/ros2/assignment/install/smart_car/share/smart_car/environment/ament_prefix_path.dsv
[0.180s] -- Up-to-date: /home/ros2/assignment/install/smart_car/share/smart_car/environment/path.sh
[0.180s] -- Up-to-date: /home/ros2/assignment/install/smart_car/share/smart_car/environment/path.dsv
[0.180s] -- Up-to-date: /home/ros2/assignment/install/smart_car/share/smart_car/local_setup.bash
[0.180s] -- Up-to-date: /home/ros2/assignment/install/smart_car/share/smart_car/local_setup.sh
[0.180s] -- Up-to-date: /home/ros2/assignment/install/smart_car/share/smart_car/local_setup.zsh
[0.180s] -- Up-to-date: /home/ros2/assignment/install/smart_car/share/smart_car/local_setup.dsv
[0.181s] -- Installing: /home/ros2/assignment/install/smart_car/share/smart_car/package.dsv
[0.181s] -- Up-to-date: /home/ros2/assignment/install/smart_car/share/ament_index/resource_index/packages/smart_car
[0.181s] -- Up-to-date: /home/ros2/assignment/install/smart_car/share/smart_car/cmake/smart_carConfig.cmake
[0.181s] -- Up-to-date: /home/ros2/assignment/install/smart_car/share/smart_car/cmake/smart_carConfig-version.cmake
[0.181s] -- Up-to-date: /home/ros2/assignment/install/smart_car/share/smart_car/package.xml
[0.185s] Invoked command in '/home/ros2/assignment/build/smart_car' returned '0': CMAKE_PREFIX_PATH=${CMAKE_PREFIX_PATH}:/opt/ros/humble /usr/bin/cmake --install /home/ros2/assignment/build/smart_car
