[0.020s] Invoking command in '/home/ros2/assignment/build/car_gazebo_plugin': CMAKE_PREFIX_PATH=/home/ros2/assignment/install/smartcar_msgs:/home/ros2/assignment/install/smart_car:/home/ros2/assignment/install/car_gazebo_plugin:/opt/ros/humble LD_LIBRARY_PATH=/home/ros2/assignment/install/smartcar_msgs/lib:/home/ros2/assignment/install/car_gazebo_plugin/lib:/usr/lib/x86_64-linux-gnu/gazebo-11/plugins:/opt/ros/humble/opt/rviz_ogre_vendor/lib:/opt/ros/humble/lib/x86_64-linux-gnu:/opt/ros/humble/lib:/usr/lib/x86_64-linux-gnu/gazebo-11/plugins:/usr/lib/x86_64-linux-gnu/gazebo-11/plugins:/usr/lib/x86_64-linux-gnu/gazebo-11/plugins /usr/bin/cmake /home/ros2/assignment/src/car_gazebo_plugin -DCMAKE_INSTALL_PREFIX=/home/ros2/assignment/install/car_gazebo_plugin
[0.041s] -- Found ament_cmake: 1.3.10 (/opt/ros/humble/share/ament_cmake/cmake)
[0.245s] -- Override CMake install command with custom implementation using symlinks instead of copying resources
[0.266s] [33mCMake Warning (dev) at /usr/share/cmake-3.22/Modules/FindPackageHandleStandardArgs.cmake:438 (message):
[0.266s]   The package name passed to `find_package_handle_standard_args` (PkgConfig)
[0.266s]   does not match the name of the calling package (gazebo).  This can lead to
[0.266s]   problems in calling code that expects `find_package` result variables
[0.266s]   (e.g., `_FOUND`) to follow a certain pattern.
[0.266s] Call Stack (most recent call first):
[0.266s]   /usr/share/cmake-3.22/Modules/FindPkgConfig.cmake:99 (find_package_handle_standard_args)
[0.266s]   /usr/lib/x86_64-linux-gnu/cmake/gazebo/gazebo-config.cmake:72 (include)
[0.267s]   CMakeLists.txt:16 (find_package)
[0.267s] This warning is for project developers.  Use -Wno-dev to suppress it.
[0.267s] [0m
[0.304s] -- Found DART: /usr/include (Required is at least version "6.6") found components: dart 
[0.358s] -- Found Protobuf: /usr/lib/x86_64-linux-gnu/libprotobuf.so (found version "3.12.4") 
[0.360s] -- Looking for ignition-math6 -- found version 6.15.1
[0.367s] -- Searching for dependencies of ignition-math6
[0.370s] -- Looking for OGRE...
[0.380s] -- Found Ogre Ghadamon (1.9.0)
[0.380s] -- Found OGRE: optimized;/usr/lib/x86_64-linux-gnu/libOgreMain.so;debug;/usr/lib/x86_64-linux-gnu/libOgreMain.so
[0.398s] -- Looking for OGRE_Paging...
[0.398s] -- Found OGRE_Paging: optimized;/usr/lib/x86_64-linux-gnu/libOgrePaging.so;debug;/usr/lib/x86_64-linux-gnu/libOgrePaging.so
[0.398s] -- Looking for OGRE_Terrain...
[0.399s] -- Found OGRE_Terrain: optimized;/usr/lib/x86_64-linux-gnu/libOgreTerrain.so;debug;/usr/lib/x86_64-linux-gnu/libOgreTerrain.so
[0.399s] -- Looking for OGRE_Property...
[0.399s] -- Found OGRE_Property: optimized;/usr/lib/x86_64-linux-gnu/libOgreProperty.so;debug;/usr/lib/x86_64-linux-gnu/libOgreProperty.so
[0.399s] -- Looking for OGRE_RTShaderSystem...
[0.399s] -- Found OGRE_RTShaderSystem: optimized;/usr/lib/x86_64-linux-gnu/libOgreRTShaderSystem.so;debug;/usr/lib/x86_64-linux-gnu/libOgreRTShaderSystem.so
[0.399s] -- Looking for OGRE_Volume...
[0.399s] -- Found OGRE_Volume: optimized;/usr/lib/x86_64-linux-gnu/libOgreVolume.so;debug;/usr/lib/x86_64-linux-gnu/libOgreVolume.so
[0.399s] -- Looking for OGRE_Overlay...
[0.400s] -- Found OGRE_Overlay: optimized;/usr/lib/x86_64-linux-gnu/libOgreOverlay.so;debug;/usr/lib/x86_64-linux-gnu/libOgreOverlay.so
[0.689s] -- Looking for ignition-math6 -- found version 6.15.1
[0.690s] -- Looking for ignition-transport8 -- found version 8.2.1
[0.691s] -- Searching for dependencies of ignition-transport8
[0.717s] -- Found Protobuf: /usr/lib/x86_64-linux-gnu/libprotobuf.so (found suitable version "3.12.4", minimum required is "3") 
[0.733s] -- Config-file not installed for ZeroMQ -- checking for pkg-config
[0.741s] -- Checking for module 'libzmq >= 4'
[0.761s] --   Found libzmq , version 4.3.4
[0.829s] -- Checking for module 'uuid'
[0.849s] --   Found uuid, version 2.37.2
[0.904s] -- Looking for ignition-msgs5 -- found version 5.8.1
[0.905s] -- Searching for dependencies of ignition-msgs5
[0.935s] -- Looking for ignition-math6 -- found version 6.15.1
[0.943s] -- Checking for module 'tinyxml2'
[0.966s] --   Found tinyxml2, version 9.0.0
[1.021s] -- Looking for ignition-msgs5 -- found version 5.8.1
[1.022s] -- Looking for ignition-common3 -- found version 3.14.0
[1.023s] -- Searching for dependencies of ignition-common3
[1.023s] -- Looking for dlfcn.h - found
[1.023s] -- Looking for libdl - found
[1.042s] -- Searching for <ignition-common3> component [graphics]
[1.042s] -- Looking for ignition-common3-graphics -- found version 3.14.0
[1.043s] -- Searching for dependencies of ignition-common3-graphics
[1.043s] -- Looking for ignition-math6 -- found version 6.15.1
[1.045s] -- Looking for ignition-fuel_tools4 -- found version 4.4.0
[1.046s] -- Searching for dependencies of ignition-fuel_tools4
[1.109s] -- Checking for module 'jsoncpp'
[1.130s] --   Found jsoncpp, version 1.9.5
[1.191s] -- Checking for module 'libzip'
[1.213s] --   Found libzip, version 1.7.3
[1.265s] -- Looking for ignition-common3 -- found version 3.14.0
[1.266s] -- Looking for ignition-math6 -- found version 6.15.1
[1.267s] -- Looking for ignition-msgs5 -- found version 5.8.1
[1.269s] -- Found gazebo_ros: 3.7.0 (/opt/ros/humble/share/gazebo_ros/cmake)
[1.311s] -- Found rosidl_generator_c: 3.1.5 (/opt/ros/humble/share/rosidl_generator_c/cmake)
[1.316s] -- Found rosidl_adapter: 3.1.5 (/opt/ros/humble/share/rosidl_adapter/cmake)
[1.326s] -- Found rosidl_generator_cpp: 3.1.5 (/opt/ros/humble/share/rosidl_generator_cpp/cmake)
[1.342s] -- Using all available rosidl_typesupport_c: rosidl_typesupport_fastrtps_c;rosidl_typesupport_introspection_c
[1.364s] -- Using all available rosidl_typesupport_cpp: rosidl_typesupport_fastrtps_cpp;rosidl_typesupport_introspection_cpp
[1.425s] -- Found rmw_implementation_cmake: 6.1.2 (/opt/ros/humble/share/rmw_implementation_cmake/cmake)
[1.427s] -- Found rmw_cyclonedds_cpp: 1.3.4 (/opt/ros/humble/share/rmw_cyclonedds_cpp/cmake)
[1.458s] -- Using RMW implementation 'rmw_cyclonedds_cpp' as default
[1.555s] -- Gazebo version: 11.10
[1.557s] -- Found sensor_msgs: 4.2.4 (/opt/ros/humble/share/sensor_msgs/cmake)
[1.617s] -- Found nav_msgs: 4.2.4 (/opt/ros/humble/share/nav_msgs/cmake)
[1.651s] -- Found ackermann_msgs: 2.0.2 (/opt/ros/humble/share/ackermann_msgs/cmake)
[1.675s] -- Found tf2: 0.25.7 (/opt/ros/humble/share/tf2/cmake)
[1.681s] -- Found tf2_ros: 0.25.7 (/opt/ros/humble/share/tf2_ros/cmake)
[1.836s] -- Found smartcar_msgs: 0.0.0 (/home/ros2/assignment/install/smartcar_msgs/share/smartcar_msgs/cmake)
[1.968s] -- Configuring done
[2.020s] -- Generating done
[2.024s] -- Build files have been written to: /home/ros2/assignment/build/car_gazebo_plugin
[2.042s] Invoked command in '/home/ros2/assignment/build/car_gazebo_plugin' returned '0': CMAKE_PREFIX_PATH=/home/ros2/assignment/install/smartcar_msgs:/home/ros2/assignment/install/smart_car:/home/ros2/assignment/install/car_gazebo_plugin:/opt/ros/humble LD_LIBRARY_PATH=/home/ros2/assignment/install/smartcar_msgs/lib:/home/ros2/assignment/install/car_gazebo_plugin/lib:/usr/lib/x86_64-linux-gnu/gazebo-11/plugins:/opt/ros/humble/opt/rviz_ogre_vendor/lib:/opt/ros/humble/lib/x86_64-linux-gnu:/opt/ros/humble/lib:/usr/lib/x86_64-linux-gnu/gazebo-11/plugins:/usr/lib/x86_64-linux-gnu/gazebo-11/plugins:/usr/lib/x86_64-linux-gnu/gazebo-11/plugins /usr/bin/cmake /home/ros2/assignment/src/car_gazebo_plugin -DCMAKE_INSTALL_PREFIX=/home/ros2/assignment/install/car_gazebo_plugin
[2.046s] Invoking command in '/home/ros2/assignment/build/car_gazebo_plugin': CMAKE_PREFIX_PATH=/home/ros2/assignment/install/smartcar_msgs:/home/ros2/assignment/install/smart_car:/home/ros2/assignment/install/car_gazebo_plugin:/opt/ros/humble LD_LIBRARY_PATH=/home/ros2/assignment/install/smartcar_msgs/lib:/home/ros2/assignment/install/car_gazebo_plugin/lib:/usr/lib/x86_64-linux-gnu/gazebo-11/plugins:/opt/ros/humble/opt/rviz_ogre_vendor/lib:/opt/ros/humble/lib/x86_64-linux-gnu:/opt/ros/humble/lib:/usr/lib/x86_64-linux-gnu/gazebo-11/plugins:/usr/lib/x86_64-linux-gnu/gazebo-11/plugins:/usr/lib/x86_64-linux-gnu/gazebo-11/plugins /usr/bin/cmake --build /home/ros2/assignment/build/car_gazebo_plugin -- -j8 -l8
[2.119s] [35m[1mConsolidate compiler generated dependencies of target car_gazebo_plugin[0m
[2.181s] [100%] Built target car_gazebo_plugin
[2.199s] Invoked command in '/home/ros2/assignment/build/car_gazebo_plugin' returned '0': CMAKE_PREFIX_PATH=/home/ros2/assignment/install/smartcar_msgs:/home/ros2/assignment/install/smart_car:/home/ros2/assignment/install/car_gazebo_plugin:/opt/ros/humble LD_LIBRARY_PATH=/home/ros2/assignment/install/smartcar_msgs/lib:/home/ros2/assignment/install/car_gazebo_plugin/lib:/usr/lib/x86_64-linux-gnu/gazebo-11/plugins:/opt/ros/humble/opt/rviz_ogre_vendor/lib:/opt/ros/humble/lib/x86_64-linux-gnu:/opt/ros/humble/lib:/usr/lib/x86_64-linux-gnu/gazebo-11/plugins:/usr/lib/x86_64-linux-gnu/gazebo-11/plugins:/usr/lib/x86_64-linux-gnu/gazebo-11/plugins /usr/bin/cmake --build /home/ros2/assignment/build/car_gazebo_plugin -- -j8 -l8
[2.248s] Invoking command in '/home/ros2/assignment/build/car_gazebo_plugin': CMAKE_PREFIX_PATH=/home/ros2/assignment/install/smartcar_msgs:/home/ros2/assignment/install/smart_car:/home/ros2/assignment/install/car_gazebo_plugin:/opt/ros/humble LD_LIBRARY_PATH=/home/ros2/assignment/install/smartcar_msgs/lib:/home/ros2/assignment/install/car_gazebo_plugin/lib:/usr/lib/x86_64-linux-gnu/gazebo-11/plugins:/opt/ros/humble/opt/rviz_ogre_vendor/lib:/opt/ros/humble/lib/x86_64-linux-gnu:/opt/ros/humble/lib:/usr/lib/x86_64-linux-gnu/gazebo-11/plugins:/usr/lib/x86_64-linux-gnu/gazebo-11/plugins:/usr/lib/x86_64-linux-gnu/gazebo-11/plugins /usr/bin/cmake --install /home/ros2/assignment/build/car_gazebo_plugin
[2.258s] -- Install configuration: ""
[2.259s] -- Execute custom install script
[2.260s] -- Up-to-date symlink: /home/ros2/assignment/install/car_gazebo_plugin/share/car_gazebo_plugin/environment/library_path.sh
[2.260s] -- Up-to-date symlink: /home/ros2/assignment/install/car_gazebo_plugin/share/car_gazebo_plugin/environment/library_path.dsv
[2.261s] -- Up-to-date symlink: /home/ros2/assignment/install/car_gazebo_plugin/lib/libcar_gazebo_plugin.so
[2.261s] -- Up-to-date symlink: /home/ros2/assignment/install/car_gazebo_plugin/share/car_gazebo_plugin//car_gazebo.launch.py
[2.262s] -- Up-to-date symlink: /home/ros2/assignment/install/car_gazebo_plugin/share/ament_index/resource_index/package_run_dependencies/car_gazebo_plugin
[2.262s] -- Up-to-date symlink: /home/ros2/assignment/install/car_gazebo_plugin/share/ament_index/resource_index/parent_prefix_path/car_gazebo_plugin
[2.262s] -- Up-to-date symlink: /home/ros2/assignment/install/car_gazebo_plugin/share/car_gazebo_plugin/environment/ament_prefix_path.sh
[2.263s] -- Up-to-date symlink: /home/ros2/assignment/install/car_gazebo_plugin/share/car_gazebo_plugin/environment/ament_prefix_path.dsv
[2.263s] -- Up-to-date symlink: /home/ros2/assignment/install/car_gazebo_plugin/share/car_gazebo_plugin/environment/path.sh
[2.263s] -- Up-to-date symlink: /home/ros2/assignment/install/car_gazebo_plugin/share/car_gazebo_plugin/environment/path.dsv
[2.264s] -- Up-to-date symlink: /home/ros2/assignment/install/car_gazebo_plugin/share/car_gazebo_plugin/local_setup.bash
[2.264s] -- Up-to-date symlink: /home/ros2/assignment/install/car_gazebo_plugin/share/car_gazebo_plugin/local_setup.sh
[2.264s] -- Up-to-date symlink: /home/ros2/assignment/install/car_gazebo_plugin/share/car_gazebo_plugin/local_setup.zsh
[2.264s] -- Up-to-date symlink: /home/ros2/assignment/install/car_gazebo_plugin/share/car_gazebo_plugin/local_setup.dsv
[2.265s] -- Symlinking: /home/ros2/assignment/install/car_gazebo_plugin/share/car_gazebo_plugin/package.dsv
[2.279s] -- Up-to-date symlink: /home/ros2/assignment/install/car_gazebo_plugin/share/ament_index/resource_index/packages/car_gazebo_plugin
[2.279s] -- Up-to-date symlink: /home/ros2/assignment/install/car_gazebo_plugin/share/car_gazebo_plugin/cmake/ament_cmake_export_libraries-extras.cmake
[2.279s] -- Up-to-date symlink: /home/ros2/assignment/install/car_gazebo_plugin/share/car_gazebo_plugin/cmake/ament_cmake_export_include_directories-extras.cmake
[2.280s] -- Up-to-date symlink: /home/ros2/assignment/install/car_gazebo_plugin/share/car_gazebo_plugin/cmake/ament_cmake_export_dependencies-extras.cmake
[2.280s] -- Up-to-date symlink: /home/ros2/assignment/install/car_gazebo_plugin/share/car_gazebo_plugin/cmake/car_gazebo_pluginConfig.cmake
[2.280s] -- Up-to-date symlink: /home/ros2/assignment/install/car_gazebo_plugin/share/car_gazebo_plugin/cmake/car_gazebo_pluginConfig-version.cmake
[2.280s] -- Up-to-date symlink: /home/ros2/assignment/install/car_gazebo_plugin/share/car_gazebo_plugin/package.xml
[2.285s] Invoked command in '/home/ros2/assignment/build/car_gazebo_plugin' returned '0': CMAKE_PREFIX_PATH=/home/ros2/assignment/install/smartcar_msgs:/home/ros2/assignment/install/smart_car:/home/ros2/assignment/install/car_gazebo_plugin:/opt/ros/humble LD_LIBRARY_PATH=/home/ros2/assignment/install/smartcar_msgs/lib:/home/ros2/assignment/install/car_gazebo_plugin/lib:/usr/lib/x86_64-linux-gnu/gazebo-11/plugins:/opt/ros/humble/opt/rviz_ogre_vendor/lib:/opt/ros/humble/lib/x86_64-linux-gnu:/opt/ros/humble/lib:/usr/lib/x86_64-linux-gnu/gazebo-11/plugins:/usr/lib/x86_64-linux-gnu/gazebo-11/plugins:/usr/lib/x86_64-linux-gnu/gazebo-11/plugins /usr/bin/cmake --install /home/ros2/assignment/build/car_gazebo_plugin
