[0.043s] Invoking command in '/home/ros2/assignment/build/smart_car': CMAKE_PREFIX_PATH=${CMAKE_PREFIX_PATH}:/opt/ros/humble /usr/bin/cmake --build /home/ros2/assignment/build/smart_car -- -j8 -l8
[0.130s] Invoked command in '/home/ros2/assignment/build/smart_car' returned '0': CMAKE_PREFIX_PATH=${CMAKE_PREFIX_PATH}:/opt/ros/humble /usr/bin/cmake --build /home/ros2/assignment/build/smart_car -- -j8 -l8
[0.206s] Invoking command in '/home/ros2/assignment/build/smart_car': CMAKE_PREFIX_PATH=${CMAKE_PREFIX_PATH}:/opt/ros/humble /usr/bin/cmake --install /home/ros2/assignment/build/smart_car
[0.229s] -- Install configuration: ""
[0.229s] -- Up-to-date: /home/ros2/assignment/install/smart_car/share/smart_car/launch
[0.230s] -- Up-to-date: /home/ros2/assignment/install/smart_car/share/smart_car/launch/gazebo.launch.py
[0.230s] -- Up-to-date: /home/ros2/assignment/install/smart_car/share/smart_car/launch/smartcar.launch.py
[0.232s] -- Up-to-date: /home/ros2/assignment/install/smart_car/share/smart_car/urdf
[0.233s] -- Up-to-date: /home/ros2/assignment/install/smart_car/share/smart_car/urdf/smartcar.urdf.xacro
[0.233s] -- Up-to-date: /home/ros2/assignment/install/smart_car/share/smart_car/urdf/smartcar.urdf
[0.233s] -- Up-to-date: /home/ros2/assignment/install/smart_car/share/smart_car/rviz
[0.234s] -- Up-to-date: /home/ros2/assignment/install/smart_car/share/smart_car/rviz/smartcar.rviz
[0.234s] -- Up-to-date: /home/ros2/assignment/install/smart_car/share/ament_index/resource_index/package_run_dependencies/smart_car
[0.234s] -- Up-to-date: /home/ros2/assignment/install/smart_car/share/ament_index/resource_index/parent_prefix_path/smart_car
[0.234s] -- Up-to-date: /home/ros2/assignment/install/smart_car/share/smart_car/environment/ament_prefix_path.sh
[0.234s] -- Up-to-date: /home/ros2/assignment/install/smart_car/share/smart_car/environment/ament_prefix_path.dsv
[0.234s] -- Up-to-date: /home/ros2/assignment/install/smart_car/share/smart_car/environment/path.sh
[0.235s] -- Up-to-date: /home/ros2/assignment/install/smart_car/share/smart_car/environment/path.dsv
[0.236s] -- Up-to-date: /home/ros2/assignment/install/smart_car/share/smart_car/local_setup.bash
[0.237s] -- Up-to-date: /home/ros2/assignment/install/smart_car/share/smart_car/local_setup.sh
[0.241s] -- Up-to-date: /home/ros2/assignment/install/smart_car/share/smart_car/local_setup.zsh
[0.243s] -- Up-to-date: /home/ros2/assignment/install/smart_car/share/smart_car/local_setup.dsv
[0.243s] -- Installing: /home/ros2/assignment/install/smart_car/share/smart_car/package.dsv
[0.243s] -- Up-to-date: /home/ros2/assignment/install/smart_car/share/ament_index/resource_index/packages/smart_car
[0.243s] -- Up-to-date: /home/ros2/assignment/install/smart_car/share/smart_car/cmake/smart_carConfig.cmake
[0.244s] -- Up-to-date: /home/ros2/assignment/install/smart_car/share/smart_car/cmake/smart_carConfig-version.cmake
[0.244s] -- Up-to-date: /home/ros2/assignment/install/smart_car/share/smart_car/package.xml
[0.247s] Invoked command in '/home/ros2/assignment/build/smart_car' returned '0': CMAKE_PREFIX_PATH=${CMAKE_PREFIX_PATH}:/opt/ros/humble /usr/bin/cmake --install /home/ros2/assignment/build/smart_car
