[0.023s] Invoking command in '/home/ros2/assignment/build/car_gazebo_plugin': CMAKE_PREFIX_PATH=/home/ros2/assignment/install/smartcar_msgs:/home/ros2/assignment/install/ackermann_msgs:/home/ros2/assignment/install/car_gazebo_plugin:/home/ros2/assignment/install/smart_car:/opt/ros/humble LD_LIBRARY_PATH=/home/ros2/assignment/install/smartcar_msgs/lib:/home/ros2/assignment/install/ackermann_msgs/lib:/home/ros2/assignment/install/car_gazebo_plugin/lib:/usr/lib/x86_64-linux-gnu/gazebo-11/plugins:/opt/ros/humble/opt/rviz_ogre_vendor/lib:/opt/ros/humble/lib/x86_64-linux-gnu:/opt/ros/humble/lib:/usr/lib/x86_64-linux-gnu/gazebo-11/plugins:/usr/lib/x86_64-linux-gnu/gazebo-11/plugins:/usr/lib/x86_64-linux-gnu/gazebo-11/plugins /usr/bin/cmake /home/ros2/assignment/src/ros2_gazebo_simulation/car_gazebo_plugin -DCMAKE_INSTALL_PREFIX=/home/ros2/assignment/install/car_gazebo_plugin
[0.119s] -- The C compiler identification is GNU 11.4.0
[0.225s] -- The CXX compiler identification is GNU 11.4.0
[0.241s] -- Detecting C compiler ABI info
[0.349s] -- Detecting C compiler ABI info - done
[0.365s] -- Check for working C compiler: /usr/lib/ccache/gcc - skipped
[0.366s] -- Detecting C compile features
[0.366s] -- Detecting C compile features - done
[0.373s] -- Detecting CXX compiler ABI info
[0.492s] -- Detecting CXX compiler ABI info - done
[0.508s] -- Check for working CXX compiler: /usr/lib/ccache/g++ - skipped
[0.509s] -- Detecting CXX compile features
[0.510s] -- Detecting CXX compile features - done
[0.514s] -- Found ament_cmake: 1.3.10 (/opt/ros/humble/share/ament_cmake/cmake)
[0.761s] -- Found Python3: /usr/bin/python3 (found version "3.10.12") found components: Interpreter 
[0.922s] [33mCMake Warning (dev) at /usr/share/cmake-3.22/Modules/FindPackageHandleStandardArgs.cmake:438 (message):
[0.922s]   The package name passed to `find_package_handle_standard_args` (PkgConfig)
[0.923s]   does not match the name of the calling package (gazebo).  This can lead to
[0.923s]   problems in calling code that expects `find_package` result variables
[0.923s]   (e.g., `_FOUND`) to follow a certain pattern.
[0.923s] Call Stack (most recent call first):
[0.923s]   /usr/share/cmake-3.22/Modules/FindPkgConfig.cmake:99 (find_package_handle_standard_args)
[0.923s]   /usr/lib/x86_64-linux-gnu/cmake/gazebo/gazebo-config.cmake:72 (include)
[0.923s]   CMakeLists.txt:16 (find_package)
[0.923s] This warning is for project developers.  Use -Wno-dev to suppress it.
[0.923s] [0m
[0.923s] -- Found PkgConfig: /usr/bin/pkg-config (found version "0.29.2") 
[0.929s] -- Checking for module 'bullet>=2.82'
[0.949s] --   Found bullet, version 3.05
[1.132s] -- Found fcl: /usr/include (found suitable version "0.7.0", minimum required is "0.5.0") 
[1.224s] -- Found assimp: /usr/include (found version "5.2.0") 
[1.255s] -- Found DART: /usr/include (Required is at least version "6.6") found components: dart 
[1.521s] -- Found Boost: /usr/lib/x86_64-linux-gnu/cmake/Boost-1.74.0/BoostConfig.cmake (found suitable version "1.74.0", minimum required is "1.40.0") found components: thread system filesystem program_options regex iostreams date_time 
[1.553s] -- Found Protobuf: /usr/lib/x86_64-linux-gnu/libprotobuf.so (found version "3.12.4") 
[1.561s] -- Looking for ignition-math6 -- found version 6.15.1
[1.572s] -- Searching for dependencies of ignition-math6
[1.574s] -- Looking for OGRE...
[1.575s] -- OGRE_PREFIX_WATCH changed.
[1.584s] -- Checking for module 'OGRE'
[1.611s] --   Found OGRE, version 1.9.0
[1.671s] -- Found Ogre Ghadamon (1.9.0)
[1.696s] -- Found OGRE: optimized;/usr/lib/x86_64-linux-gnu/libOgreMain.so;debug;/usr/lib/x86_64-linux-gnu/libOgreMain.so
[1.713s] -- Looking for OGRE_Paging...
[1.729s] -- Found OGRE_Paging: optimized;/usr/lib/x86_64-linux-gnu/libOgrePaging.so;debug;/usr/lib/x86_64-linux-gnu/libOgrePaging.so
[1.731s] -- Looking for OGRE_Terrain...
[1.742s] -- Found OGRE_Terrain: optimized;/usr/lib/x86_64-linux-gnu/libOgreTerrain.so;debug;/usr/lib/x86_64-linux-gnu/libOgreTerrain.so
[1.743s] -- Looking for OGRE_Property...
[1.756s] -- Found OGRE_Property: optimized;/usr/lib/x86_64-linux-gnu/libOgreProperty.so;debug;/usr/lib/x86_64-linux-gnu/libOgreProperty.so
[1.757s] -- Looking for OGRE_RTShaderSystem...
[1.771s] -- Found OGRE_RTShaderSystem: optimized;/usr/lib/x86_64-linux-gnu/libOgreRTShaderSystem.so;debug;/usr/lib/x86_64-linux-gnu/libOgreRTShaderSystem.so
[1.771s] -- Looking for OGRE_Volume...
[1.787s] -- Found OGRE_Volume: optimized;/usr/lib/x86_64-linux-gnu/libOgreVolume.so;debug;/usr/lib/x86_64-linux-gnu/libOgreVolume.so
[1.787s] -- Looking for OGRE_Overlay...
[1.804s] -- Found OGRE_Overlay: optimized;/usr/lib/x86_64-linux-gnu/libOgreOverlay.so;debug;/usr/lib/x86_64-linux-gnu/libOgreOverlay.so
[2.108s] -- Looking for ignition-math6 -- found version 6.15.1
[2.112s] -- Looking for ignition-transport8 -- found version 8.2.1
[2.112s] -- Searching for dependencies of ignition-transport8
[2.140s] -- Found Protobuf: /usr/lib/x86_64-linux-gnu/libprotobuf.so (found suitable version "3.12.4", minimum required is "3") 
[2.156s] -- Config-file not installed for ZeroMQ -- checking for pkg-config
[2.164s] -- Checking for module 'libzmq >= 4'
[2.186s] --   Found libzmq , version 4.3.4
[2.256s] -- Found ZeroMQ: TRUE (Required is at least version "4") 
[2.265s] -- Checking for module 'uuid'
[2.289s] --   Found uuid, version 2.37.2
[2.350s] -- Found UUID: TRUE  
[2.354s] -- Looking for ignition-msgs5 -- found version 5.8.1
[2.355s] -- Searching for dependencies of ignition-msgs5
[2.387s] -- Looking for ignition-math6 -- found version 6.15.1
[2.397s] -- Checking for module 'tinyxml2'
[2.422s] --   Found tinyxml2, version 9.0.0
[2.483s] -- Looking for ignition-msgs5 -- found version 5.8.1
[2.487s] -- Looking for ignition-common3 -- found version 3.14.0
[2.488s] -- Searching for dependencies of ignition-common3
[2.489s] -- Looking for dlfcn.h - found
[2.491s] -- Looking for libdl - found
[2.493s] -- Found DL: TRUE  
[2.515s] -- Found tinyobjloader: /usr/lib/x86_64-linux-gnu/cmake/tinyobjloader/tinyobjloader-config.cmake (found version "2.0.0") 
[2.516s] -- Searching for <ignition-common3> component [graphics]
[2.520s] -- Looking for ignition-common3-graphics -- found version 3.14.0
[2.520s] -- Searching for dependencies of ignition-common3-graphics
[2.521s] -- Looking for ignition-math6 -- found version 6.15.1
[2.525s] -- Looking for ignition-fuel_tools4 -- found version 4.4.0
[2.526s] -- Searching for dependencies of ignition-fuel_tools4
[2.666s] -- Found CURL: /usr/lib/x86_64-linux-gnu/libcurl.so (found version "7.81.0")  
[2.681s] -- Checking for module 'jsoncpp'
[2.705s] --   Found jsoncpp, version 1.9.5
[2.764s] -- Found JSONCPP: TRUE  
[2.775s] -- Checking for module 'libzip'
[2.800s] --   Found libzip, version 1.7.3
[2.864s] -- Found ZIP: TRUE  
[2.865s] -- Looking for ignition-common3 -- found version 3.14.0
[2.866s] -- Looking for ignition-math6 -- found version 6.15.1
[2.867s] -- Looking for ignition-msgs5 -- found version 5.8.1
[2.875s] -- Found gazebo_ros: 3.7.0 (/opt/ros/humble/share/gazebo_ros/cmake)
[2.944s] -- Found rosidl_generator_c: 3.1.5 (/opt/ros/humble/share/rosidl_generator_c/cmake)
[2.953s] -- Found rosidl_adapter: 3.1.5 (/opt/ros/humble/share/rosidl_adapter/cmake)
[2.968s] -- Found rosidl_generator_cpp: 3.1.5 (/opt/ros/humble/share/rosidl_generator_cpp/cmake)
[2.989s] -- Using all available rosidl_typesupport_c: rosidl_typesupport_fastrtps_c;rosidl_typesupport_introspection_c
[3.020s] -- Using all available rosidl_typesupport_cpp: rosidl_typesupport_fastrtps_cpp;rosidl_typesupport_introspection_cpp
[3.102s] -- Found rmw_implementation_cmake: 6.1.2 (/opt/ros/humble/share/rmw_implementation_cmake/cmake)
[3.105s] -- Found rmw_cyclonedds_cpp: 1.3.4 (/opt/ros/humble/share/rmw_cyclonedds_cpp/cmake)
[3.162s] -- Using RMW implementation 'rmw_cyclonedds_cpp' as default
[3.174s] -- Found Threads: TRUE  
[3.282s] -- Gazebo version: 11.10
[3.282s] -- Checking for module 'tbb'
[3.309s] --   Found tbb, version 2021.5.0
[3.373s] -- Found sensor_msgs: 4.2.4 (/opt/ros/humble/share/sensor_msgs/cmake)
[3.443s] -- Found nav_msgs: 4.2.4 (/opt/ros/humble/share/nav_msgs/cmake)
[3.480s] -- Found ackermann_msgs: 2.0.2 (/home/ros2/assignment/install/ackermann_msgs/share/ackermann_msgs/cmake)
[3.509s] -- Found tf2: 0.25.7 (/opt/ros/humble/share/tf2/cmake)
[3.528s] -- Found tf2_ros: 0.25.7 (/opt/ros/humble/share/tf2_ros/cmake)
[3.712s] -- Found smartcar_msgs: 0.0.0 (/home/ros2/assignment/install/smartcar_msgs/share/smartcar_msgs/cmake)
[3.858s] -- Configuring done
[3.913s] -- Generating done
[3.918s] -- Build files have been written to: /home/ros2/assignment/build/car_gazebo_plugin
[3.945s] Invoked command in '/home/ros2/assignment/build/car_gazebo_plugin' returned '0': CMAKE_PREFIX_PATH=/home/ros2/assignment/install/smartcar_msgs:/home/ros2/assignment/install/ackermann_msgs:/home/ros2/assignment/install/car_gazebo_plugin:/home/ros2/assignment/install/smart_car:/opt/ros/humble LD_LIBRARY_PATH=/home/ros2/assignment/install/smartcar_msgs/lib:/home/ros2/assignment/install/ackermann_msgs/lib:/home/ros2/assignment/install/car_gazebo_plugin/lib:/usr/lib/x86_64-linux-gnu/gazebo-11/plugins:/opt/ros/humble/opt/rviz_ogre_vendor/lib:/opt/ros/humble/lib/x86_64-linux-gnu:/opt/ros/humble/lib:/usr/lib/x86_64-linux-gnu/gazebo-11/plugins:/usr/lib/x86_64-linux-gnu/gazebo-11/plugins:/usr/lib/x86_64-linux-gnu/gazebo-11/plugins /usr/bin/cmake /home/ros2/assignment/src/ros2_gazebo_simulation/car_gazebo_plugin -DCMAKE_INSTALL_PREFIX=/home/ros2/assignment/install/car_gazebo_plugin
[3.949s] Invoking command in '/home/ros2/assignment/build/car_gazebo_plugin': CMAKE_PREFIX_PATH=/home/ros2/assignment/install/smartcar_msgs:/home/ros2/assignment/install/ackermann_msgs:/home/ros2/assignment/install/car_gazebo_plugin:/home/ros2/assignment/install/smart_car:/opt/ros/humble LD_LIBRARY_PATH=/home/ros2/assignment/install/smartcar_msgs/lib:/home/ros2/assignment/install/ackermann_msgs/lib:/home/ros2/assignment/install/car_gazebo_plugin/lib:/usr/lib/x86_64-linux-gnu/gazebo-11/plugins:/opt/ros/humble/opt/rviz_ogre_vendor/lib:/opt/ros/humble/lib/x86_64-linux-gnu:/opt/ros/humble/lib:/usr/lib/x86_64-linux-gnu/gazebo-11/plugins:/usr/lib/x86_64-linux-gnu/gazebo-11/plugins:/usr/lib/x86_64-linux-gnu/gazebo-11/plugins /usr/bin/cmake --build /home/ros2/assignment/build/car_gazebo_plugin -- -j8 -l8
[4.039s] [ 50%] [32mBuilding CXX object CMakeFiles/car_gazebo_plugin.dir/src/car_gazebo_plugin.cpp.o[0m
[4.130s] [100%] [32m[1mLinking CXX shared library libcar_gazebo_plugin.so[0m
[6.407s] [100%] Built target car_gazebo_plugin
[6.429s] Invoked command in '/home/ros2/assignment/build/car_gazebo_plugin' returned '0': CMAKE_PREFIX_PATH=/home/ros2/assignment/install/smartcar_msgs:/home/ros2/assignment/install/ackermann_msgs:/home/ros2/assignment/install/car_gazebo_plugin:/home/ros2/assignment/install/smart_car:/opt/ros/humble LD_LIBRARY_PATH=/home/ros2/assignment/install/smartcar_msgs/lib:/home/ros2/assignment/install/ackermann_msgs/lib:/home/ros2/assignment/install/car_gazebo_plugin/lib:/usr/lib/x86_64-linux-gnu/gazebo-11/plugins:/opt/ros/humble/opt/rviz_ogre_vendor/lib:/opt/ros/humble/lib/x86_64-linux-gnu:/opt/ros/humble/lib:/usr/lib/x86_64-linux-gnu/gazebo-11/plugins:/usr/lib/x86_64-linux-gnu/gazebo-11/plugins:/usr/lib/x86_64-linux-gnu/gazebo-11/plugins /usr/bin/cmake --build /home/ros2/assignment/build/car_gazebo_plugin -- -j8 -l8
[6.480s] Invoking command in '/home/ros2/assignment/build/car_gazebo_plugin': CMAKE_PREFIX_PATH=/home/ros2/assignment/install/smartcar_msgs:/home/ros2/assignment/install/ackermann_msgs:/home/ros2/assignment/install/car_gazebo_plugin:/home/ros2/assignment/install/smart_car:/opt/ros/humble LD_LIBRARY_PATH=/home/ros2/assignment/install/smartcar_msgs/lib:/home/ros2/assignment/install/ackermann_msgs/lib:/home/ros2/assignment/install/car_gazebo_plugin/lib:/usr/lib/x86_64-linux-gnu/gazebo-11/plugins:/opt/ros/humble/opt/rviz_ogre_vendor/lib:/opt/ros/humble/lib/x86_64-linux-gnu:/opt/ros/humble/lib:/usr/lib/x86_64-linux-gnu/gazebo-11/plugins:/usr/lib/x86_64-linux-gnu/gazebo-11/plugins:/usr/lib/x86_64-linux-gnu/gazebo-11/plugins /usr/bin/cmake --install /home/ros2/assignment/build/car_gazebo_plugin
[6.491s] -- Install configuration: ""
[6.491s] -- Installing: /home/ros2/assignment/install/car_gazebo_plugin/share/car_gazebo_plugin/environment/library_path.sh
[6.491s] -- Installing: /home/ros2/assignment/install/car_gazebo_plugin/share/car_gazebo_plugin/environment/library_path.dsv
[6.492s] -- Installing: /home/ros2/assignment/install/car_gazebo_plugin/lib/libcar_gazebo_plugin.so
[6.516s] -- Set runtime path of "/home/ros2/assignment/install/car_gazebo_plugin/lib/libcar_gazebo_plugin.so" to ""
[6.516s] -- Up-to-date: /home/ros2/assignment/install/car_gazebo_plugin/share/car_gazebo_plugin/
[6.517s] -- Installing: /home/ros2/assignment/install/car_gazebo_plugin/share/car_gazebo_plugin//car_gazebo.launch.py
[6.517s] -- Installing: /home/ros2/assignment/install/car_gazebo_plugin/share/ament_index/resource_index/package_run_dependencies/car_gazebo_plugin
[6.517s] -- Installing: /home/ros2/assignment/install/car_gazebo_plugin/share/ament_index/resource_index/parent_prefix_path/car_gazebo_plugin
[6.517s] -- Installing: /home/ros2/assignment/install/car_gazebo_plugin/share/car_gazebo_plugin/environment/ament_prefix_path.sh
[6.517s] -- Installing: /home/ros2/assignment/install/car_gazebo_plugin/share/car_gazebo_plugin/environment/ament_prefix_path.dsv
[6.518s] -- Installing: /home/ros2/assignment/install/car_gazebo_plugin/share/car_gazebo_plugin/environment/path.sh
[6.518s] -- Installing: /home/ros2/assignment/install/car_gazebo_plugin/share/car_gazebo_plugin/environment/path.dsv
[6.518s] -- Installing: /home/ros2/assignment/install/car_gazebo_plugin/share/car_gazebo_plugin/local_setup.bash
[6.519s] -- Installing: /home/ros2/assignment/install/car_gazebo_plugin/share/car_gazebo_plugin/local_setup.sh
[6.519s] -- Installing: /home/ros2/assignment/install/car_gazebo_plugin/share/car_gazebo_plugin/local_setup.zsh
[6.519s] -- Installing: /home/ros2/assignment/install/car_gazebo_plugin/share/car_gazebo_plugin/local_setup.dsv
[6.519s] -- Installing: /home/ros2/assignment/install/car_gazebo_plugin/share/car_gazebo_plugin/package.dsv
[6.520s] -- Installing: /home/ros2/assignment/install/car_gazebo_plugin/share/ament_index/resource_index/packages/car_gazebo_plugin
[6.520s] -- Installing: /home/ros2/assignment/install/car_gazebo_plugin/share/car_gazebo_plugin/cmake/ament_cmake_export_libraries-extras.cmake
[6.520s] -- Installing: /home/ros2/assignment/install/car_gazebo_plugin/share/car_gazebo_plugin/cmake/ament_cmake_export_include_directories-extras.cmake
[6.520s] -- Installing: /home/ros2/assignment/install/car_gazebo_plugin/share/car_gazebo_plugin/cmake/ament_cmake_export_dependencies-extras.cmake
[6.521s] -- Installing: /home/ros2/assignment/install/car_gazebo_plugin/share/car_gazebo_plugin/cmake/car_gazebo_pluginConfig.cmake
[6.521s] -- Installing: /home/ros2/assignment/install/car_gazebo_plugin/share/car_gazebo_plugin/cmake/car_gazebo_pluginConfig-version.cmake
[6.521s] -- Installing: /home/ros2/assignment/install/car_gazebo_plugin/share/car_gazebo_plugin/package.xml
[6.525s] Invoked command in '/home/ros2/assignment/build/car_gazebo_plugin' returned '0': CMAKE_PREFIX_PATH=/home/ros2/assignment/install/smartcar_msgs:/home/ros2/assignment/install/ackermann_msgs:/home/ros2/assignment/install/car_gazebo_plugin:/home/ros2/assignment/install/smart_car:/opt/ros/humble LD_LIBRARY_PATH=/home/ros2/assignment/install/smartcar_msgs/lib:/home/ros2/assignment/install/ackermann_msgs/lib:/home/ros2/assignment/install/car_gazebo_plugin/lib:/usr/lib/x86_64-linux-gnu/gazebo-11/plugins:/opt/ros/humble/opt/rviz_ogre_vendor/lib:/opt/ros/humble/lib/x86_64-linux-gnu:/opt/ros/humble/lib:/usr/lib/x86_64-linux-gnu/gazebo-11/plugins:/usr/lib/x86_64-linux-gnu/gazebo-11/plugins:/usr/lib/x86_64-linux-gnu/gazebo-11/plugins /usr/bin/cmake --install /home/ros2/assignment/build/car_gazebo_plugin
