[0.035s] Invoking command in '/home/ros2/assignment/build/smartcar_msgs': CMAKE_PREFIX_PATH=${CMAKE_PREFIX_PATH}:/opt/ros/humble /usr/bin/cmake --build /home/ros2/assignment/build/smartcar_msgs -- -j8 -l8
[0.127s] [  3%] Built target smartcar_msgs__cpp
[0.127s] [ 12%] Built target smartcar_msgs__rosidl_generator_c
[0.147s] [ 12%] Built target ament_cmake_python_copy_smartcar_msgs
[0.172s] [ 22%] Built target smartcar_msgs__rosidl_typesupport_fastrtps_c
[0.182s] [ 35%] Built target smartcar_msgs__rosidl_typesupport_c
[0.184s] [ 41%] Built target smartcar_msgs__rosidl_typesupport_fastrtps_cpp
[0.185s] [ 51%] Built target smartcar_msgs__rosidl_typesupport_introspection_c
[0.194s] [ 61%] Built target smartcar_msgs__rosidl_typesupport_introspection_cpp
[0.194s] [ 70%] Built target smartcar_msgs__rosidl_typesupport_cpp
[0.239s] [ 70%] Built target smartcar_msgs
[0.279s] [ 74%] Built target smartcar_msgs__py
[0.322s] [ 80%] Built target smartcar_msgs__rosidl_generator_py
[0.360s] [ 93%] Built target smartcar_msgs__rosidl_typesupport_introspection_c__pyext
[0.361s] [ 93%] Built target smartcar_msgs__rosidl_typesupport_fastrtps_c__pyext
[0.361s] [100%] Built target smartcar_msgs__rosidl_typesupport_c__pyext
[0.608s] running egg_info
[0.609s] writing smartcar_msgs.egg-info/PKG-INFO
[0.609s] writing dependency_links to smartcar_msgs.egg-info/dependency_links.txt
[0.609s] writing top-level names to smartcar_msgs.egg-info/top_level.txt
[0.613s] reading manifest file 'smartcar_msgs.egg-info/SOURCES.txt'
[0.614s] writing manifest file 'smartcar_msgs.egg-info/SOURCES.txt'
[0.662s] [100%] Built target ament_cmake_python_build_smartcar_msgs_egg
