[0.024s] Invoking command in '/home/ros2/assignment/build/car_gazebo_plugin': AMENT_PREFIX_PATH=/home/ros2/assignment/install/smartcar_msgs:${AMENT_PREFIX_PATH} CMAKE_PREFIX_PATH=/home/ros2/assignment/install/smartcar_msgs:/opt/ros/humble LD_LIBRARY_PATH=/home/ros2/assignment/install/smartcar_msgs/lib:/usr/lib/x86_64-linux-gnu/gazebo-11/plugins:/opt/ros/humble/opt/rviz_ogre_vendor/lib:/opt/ros/humble/lib/x86_64-linux-gnu:/opt/ros/humble/lib:/usr/lib/x86_64-linux-gnu/gazebo-11/plugins:/usr/lib/x86_64-linux-gnu/gazebo-11/plugins:/usr/lib/x86_64-linux-gnu/gazebo-11/plugins PYTHONPATH=/home/ros2/assignment/install/smartcar_msgs/local/lib/python3.10/dist-packages:${PYTHONPATH} /usr/bin/cmake /home/ros2/assignment/src/car_gazebo_plugin -DCMAKE_INSTALL_PREFIX=/home/ros2/assignment/install/car_gazebo_plugin
[0.043s] -- Found ament_cmake: 1.3.10 (/opt/ros/humble/share/ament_cmake/cmake)
[0.242s] -- Override CMake install command with custom implementation using symlinks instead of copying resources
[0.267s] [33mCMake Warning (dev) at /usr/share/cmake-3.22/Modules/FindPackageHandleStandardArgs.cmake:438 (message):
[0.267s]   The package name passed to `find_package_handle_standard_args` (PkgConfig)
[0.267s]   does not match the name of the calling package (gazebo).  This can lead to
[0.267s]   problems in calling code that expects `find_package` result variables
[0.267s]   (e.g., `_FOUND`) to follow a certain pattern.
[0.268s] Call Stack (most recent call first):
[0.268s]   /usr/share/cmake-3.22/Modules/FindPkgConfig.cmake:99 (find_package_handle_standard_args)
[0.268s]   /usr/lib/x86_64-linux-gnu/cmake/gazebo/gazebo-config.cmake:72 (include)
[0.268s]   CMakeLists.txt:16 (find_package)
[0.268s] This warning is for project developers.  Use -Wno-dev to suppress it.
[0.268s] [0m
[0.331s] -- Found DART: /usr/include (Required is at least version "6.6") found components: dart 
[0.412s] -- Found Protobuf: /usr/lib/x86_64-linux-gnu/libprotobuf.so (found version "3.12.4") 
[0.416s] -- Looking for ignition-math6 -- found version 6.15.1
[0.431s] -- Searching for dependencies of ignition-math6
[0.435s] -- Looking for OGRE...
[0.446s] -- Found Ogre Ghadamon (1.9.0)
[0.447s] -- Found OGRE: optimized;/usr/lib/x86_64-linux-gnu/libOgreMain.so;debug;/usr/lib/x86_64-linux-gnu/libOgreMain.so
[0.463s] -- Looking for OGRE_Paging...
[0.464s] -- Found OGRE_Paging: optimized;/usr/lib/x86_64-linux-gnu/libOgrePaging.so;debug;/usr/lib/x86_64-linux-gnu/libOgrePaging.so
[0.464s] -- Looking for OGRE_Terrain...
[0.464s] -- Found OGRE_Terrain: optimized;/usr/lib/x86_64-linux-gnu/libOgreTerrain.so;debug;/usr/lib/x86_64-linux-gnu/libOgreTerrain.so
[0.464s] -- Looking for OGRE_Property...
[0.464s] -- Found OGRE_Property: optimized;/usr/lib/x86_64-linux-gnu/libOgreProperty.so;debug;/usr/lib/x86_64-linux-gnu/libOgreProperty.so
[0.465s] -- Looking for OGRE_RTShaderSystem...
[0.465s] -- Found OGRE_RTShaderSystem: optimized;/usr/lib/x86_64-linux-gnu/libOgreRTShaderSystem.so;debug;/usr/lib/x86_64-linux-gnu/libOgreRTShaderSystem.so
[0.465s] -- Looking for OGRE_Volume...
[0.465s] -- Found OGRE_Volume: optimized;/usr/lib/x86_64-linux-gnu/libOgreVolume.so;debug;/usr/lib/x86_64-linux-gnu/libOgreVolume.so
[0.465s] -- Looking for OGRE_Overlay...
[0.465s] -- Found OGRE_Overlay: optimized;/usr/lib/x86_64-linux-gnu/libOgreOverlay.so;debug;/usr/lib/x86_64-linux-gnu/libOgreOverlay.so
[0.783s] -- Looking for ignition-math6 -- found version 6.15.1
[0.786s] -- Looking for ignition-transport8 -- found version 8.2.1
[0.787s] -- Searching for dependencies of ignition-transport8
[0.814s] -- Found Protobuf: /usr/lib/x86_64-linux-gnu/libprotobuf.so (found suitable version "3.12.4", minimum required is "3") 
[0.831s] -- Config-file not installed for ZeroMQ -- checking for pkg-config
[0.838s] -- Checking for module 'libzmq >= 4'
[0.866s] --   Found libzmq , version 4.3.4
[0.933s] -- Checking for module 'uuid'
[0.957s] --   Found uuid, version 2.37.2
[1.013s] -- Looking for ignition-msgs5 -- found version 5.8.1
[1.014s] -- Searching for dependencies of ignition-msgs5
[1.046s] -- Looking for ignition-math6 -- found version 6.15.1
[1.055s] -- Checking for module 'tinyxml2'
[1.076s] --   Found tinyxml2, version 9.0.0
[1.134s] -- Looking for ignition-msgs5 -- found version 5.8.1
[1.136s] -- Looking for ignition-common3 -- found version 3.14.0
[1.137s] -- Searching for dependencies of ignition-common3
[1.137s] -- Looking for dlfcn.h - found
[1.138s] -- Looking for libdl - found
[1.161s] -- Searching for <ignition-common3> component [graphics]
[1.163s] -- Looking for ignition-common3-graphics -- found version 3.14.0
[1.164s] -- Searching for dependencies of ignition-common3-graphics
[1.164s] -- Looking for ignition-math6 -- found version 6.15.1
[1.168s] -- Looking for ignition-fuel_tools4 -- found version 4.4.0
[1.168s] -- Searching for dependencies of ignition-fuel_tools4
[1.247s] -- Checking for module 'jsoncpp'
[1.273s] --   Found jsoncpp, version 1.9.5
[1.349s] -- Checking for module 'libzip'
[1.371s] --   Found libzip, version 1.7.3
[1.434s] -- Looking for ignition-common3 -- found version 3.14.0
[1.434s] -- Looking for ignition-math6 -- found version 6.15.1
[1.435s] -- Looking for ignition-msgs5 -- found version 5.8.1
[1.444s] -- Found gazebo_ros: 3.7.0 (/opt/ros/humble/share/gazebo_ros/cmake)
[1.489s] -- Found rosidl_generator_c: 3.1.5 (/opt/ros/humble/share/rosidl_generator_c/cmake)
[1.494s] -- Found rosidl_adapter: 3.1.5 (/opt/ros/humble/share/rosidl_adapter/cmake)
[1.505s] -- Found rosidl_generator_cpp: 3.1.5 (/opt/ros/humble/share/rosidl_generator_cpp/cmake)
[1.521s] -- Using all available rosidl_typesupport_c: rosidl_typesupport_fastrtps_c;rosidl_typesupport_introspection_c
[1.545s] -- Using all available rosidl_typesupport_cpp: rosidl_typesupport_fastrtps_cpp;rosidl_typesupport_introspection_cpp
[1.608s] -- Found rmw_implementation_cmake: 6.1.2 (/opt/ros/humble/share/rmw_implementation_cmake/cmake)
[1.611s] -- Found rmw_cyclonedds_cpp: 1.3.4 (/opt/ros/humble/share/rmw_cyclonedds_cpp/cmake)
[1.643s] -- Using RMW implementation 'rmw_cyclonedds_cpp' as default
[1.741s] -- Gazebo version: 11.10
[1.744s] -- Found sensor_msgs: 4.2.4 (/opt/ros/humble/share/sensor_msgs/cmake)
[1.826s] -- Found nav_msgs: 4.2.4 (/opt/ros/humble/share/nav_msgs/cmake)
[1.870s] -- Found ackermann_msgs: 2.0.2 (/opt/ros/humble/share/ackermann_msgs/cmake)
[1.907s] -- Found tf2: 0.25.7 (/opt/ros/humble/share/tf2/cmake)
[1.920s] -- Found tf2_ros: 0.25.7 (/opt/ros/humble/share/tf2_ros/cmake)
[2.140s] -- Found smartcar_msgs: 0.0.0 (/home/ros2/assignment/install/smartcar_msgs/share/smartcar_msgs/cmake)
[2.281s] -- Configuring done
[2.405s] -- Generating done
[2.410s] -- Build files have been written to: /home/ros2/assignment/build/car_gazebo_plugin
[2.435s] Invoked command in '/home/ros2/assignment/build/car_gazebo_plugin' returned '0': AMENT_PREFIX_PATH=/home/ros2/assignment/install/smartcar_msgs:${AMENT_PREFIX_PATH} CMAKE_PREFIX_PATH=/home/ros2/assignment/install/smartcar_msgs:/opt/ros/humble LD_LIBRARY_PATH=/home/ros2/assignment/install/smartcar_msgs/lib:/usr/lib/x86_64-linux-gnu/gazebo-11/plugins:/opt/ros/humble/opt/rviz_ogre_vendor/lib:/opt/ros/humble/lib/x86_64-linux-gnu:/opt/ros/humble/lib:/usr/lib/x86_64-linux-gnu/gazebo-11/plugins:/usr/lib/x86_64-linux-gnu/gazebo-11/plugins:/usr/lib/x86_64-linux-gnu/gazebo-11/plugins PYTHONPATH=/home/ros2/assignment/install/smartcar_msgs/local/lib/python3.10/dist-packages:${PYTHONPATH} /usr/bin/cmake /home/ros2/assignment/src/car_gazebo_plugin -DCMAKE_INSTALL_PREFIX=/home/ros2/assignment/install/car_gazebo_plugin
[2.439s] Invoking command in '/home/ros2/assignment/build/car_gazebo_plugin': AMENT_PREFIX_PATH=/home/ros2/assignment/install/smartcar_msgs:${AMENT_PREFIX_PATH} CMAKE_PREFIX_PATH=/home/ros2/assignment/install/smartcar_msgs:/opt/ros/humble LD_LIBRARY_PATH=/home/ros2/assignment/install/smartcar_msgs/lib:/usr/lib/x86_64-linux-gnu/gazebo-11/plugins:/opt/ros/humble/opt/rviz_ogre_vendor/lib:/opt/ros/humble/lib/x86_64-linux-gnu:/opt/ros/humble/lib:/usr/lib/x86_64-linux-gnu/gazebo-11/plugins:/usr/lib/x86_64-linux-gnu/gazebo-11/plugins:/usr/lib/x86_64-linux-gnu/gazebo-11/plugins PYTHONPATH=/home/ros2/assignment/install/smartcar_msgs/local/lib/python3.10/dist-packages:${PYTHONPATH} /usr/bin/cmake --build /home/ros2/assignment/build/car_gazebo_plugin -- -j8 -l8
[2.513s] [35m[1mConsolidate compiler generated dependencies of target car_gazebo_plugin[0m
[2.702s] [ 50%] [32mBuilding CXX object CMakeFiles/car_gazebo_plugin.dir/src/car_gazebo_plugin.cpp.o[0m
[43.253s] [100%] [32m[1mLinking CXX shared library libcar_gazebo_plugin.so[0m
[46.241s] [100%] Built target car_gazebo_plugin
[46.262s] Invoked command in '/home/ros2/assignment/build/car_gazebo_plugin' returned '0': AMENT_PREFIX_PATH=/home/ros2/assignment/install/smartcar_msgs:${AMENT_PREFIX_PATH} CMAKE_PREFIX_PATH=/home/ros2/assignment/install/smartcar_msgs:/opt/ros/humble LD_LIBRARY_PATH=/home/ros2/assignment/install/smartcar_msgs/lib:/usr/lib/x86_64-linux-gnu/gazebo-11/plugins:/opt/ros/humble/opt/rviz_ogre_vendor/lib:/opt/ros/humble/lib/x86_64-linux-gnu:/opt/ros/humble/lib:/usr/lib/x86_64-linux-gnu/gazebo-11/plugins:/usr/lib/x86_64-linux-gnu/gazebo-11/plugins:/usr/lib/x86_64-linux-gnu/gazebo-11/plugins PYTHONPATH=/home/ros2/assignment/install/smartcar_msgs/local/lib/python3.10/dist-packages:${PYTHONPATH} /usr/bin/cmake --build /home/ros2/assignment/build/car_gazebo_plugin -- -j8 -l8
[46.309s] Invoking command in '/home/ros2/assignment/build/car_gazebo_plugin': AMENT_PREFIX_PATH=/home/ros2/assignment/install/smartcar_msgs:${AMENT_PREFIX_PATH} CMAKE_PREFIX_PATH=/home/ros2/assignment/install/smartcar_msgs:/opt/ros/humble LD_LIBRARY_PATH=/home/ros2/assignment/install/smartcar_msgs/lib:/usr/lib/x86_64-linux-gnu/gazebo-11/plugins:/opt/ros/humble/opt/rviz_ogre_vendor/lib:/opt/ros/humble/lib/x86_64-linux-gnu:/opt/ros/humble/lib:/usr/lib/x86_64-linux-gnu/gazebo-11/plugins:/usr/lib/x86_64-linux-gnu/gazebo-11/plugins:/usr/lib/x86_64-linux-gnu/gazebo-11/plugins PYTHONPATH=/home/ros2/assignment/install/smartcar_msgs/local/lib/python3.10/dist-packages:${PYTHONPATH} /usr/bin/cmake --install /home/ros2/assignment/build/car_gazebo_plugin
[46.318s] -- Install configuration: ""
[46.319s] -- Execute custom install script
[46.320s] -- Up-to-date symlink: /home/ros2/assignment/install/car_gazebo_plugin/share/car_gazebo_plugin/environment/library_path.sh
[46.321s] -- Up-to-date symlink: /home/ros2/assignment/install/car_gazebo_plugin/share/car_gazebo_plugin/environment/library_path.dsv
[46.321s] -- Up-to-date symlink: /home/ros2/assignment/install/car_gazebo_plugin/lib/libcar_gazebo_plugin.so
[46.322s] -- Up-to-date symlink: /home/ros2/assignment/install/car_gazebo_plugin/share/car_gazebo_plugin//car_gazebo.launch.py
[46.323s] -- Up-to-date symlink: /home/ros2/assignment/install/car_gazebo_plugin/share/ament_index/resource_index/package_run_dependencies/car_gazebo_plugin
[46.324s] -- Up-to-date symlink: /home/ros2/assignment/install/car_gazebo_plugin/share/ament_index/resource_index/parent_prefix_path/car_gazebo_plugin
[46.324s] -- Up-to-date symlink: /home/ros2/assignment/install/car_gazebo_plugin/share/car_gazebo_plugin/environment/ament_prefix_path.sh
[46.325s] -- Up-to-date symlink: /home/ros2/assignment/install/car_gazebo_plugin/share/car_gazebo_plugin/environment/ament_prefix_path.dsv
[46.326s] -- Up-to-date symlink: /home/ros2/assignment/install/car_gazebo_plugin/share/car_gazebo_plugin/environment/path.sh
[46.326s] -- Up-to-date symlink: /home/ros2/assignment/install/car_gazebo_plugin/share/car_gazebo_plugin/environment/path.dsv
[46.327s] -- Up-to-date symlink: /home/ros2/assignment/install/car_gazebo_plugin/share/car_gazebo_plugin/local_setup.bash
[46.327s] -- Up-to-date symlink: /home/ros2/assignment/install/car_gazebo_plugin/share/car_gazebo_plugin/local_setup.sh
[46.328s] -- Up-to-date symlink: /home/ros2/assignment/install/car_gazebo_plugin/share/car_gazebo_plugin/local_setup.zsh
[46.328s] -- Up-to-date symlink: /home/ros2/assignment/install/car_gazebo_plugin/share/car_gazebo_plugin/local_setup.dsv
[46.329s] -- Symlinking: /home/ros2/assignment/install/car_gazebo_plugin/share/car_gazebo_plugin/package.dsv
[46.344s] -- Up-to-date symlink: /home/ros2/assignment/install/car_gazebo_plugin/share/ament_index/resource_index/packages/car_gazebo_plugin
[46.344s] -- Up-to-date symlink: /home/ros2/assignment/install/car_gazebo_plugin/share/car_gazebo_plugin/cmake/ament_cmake_export_libraries-extras.cmake
[46.345s] -- Up-to-date symlink: /home/ros2/assignment/install/car_gazebo_plugin/share/car_gazebo_plugin/cmake/ament_cmake_export_include_directories-extras.cmake
[46.345s] -- Up-to-date symlink: /home/ros2/assignment/install/car_gazebo_plugin/share/car_gazebo_plugin/cmake/ament_cmake_export_dependencies-extras.cmake
[46.346s] -- Up-to-date symlink: /home/ros2/assignment/install/car_gazebo_plugin/share/car_gazebo_plugin/cmake/car_gazebo_pluginConfig.cmake
[46.347s] -- Up-to-date symlink: /home/ros2/assignment/install/car_gazebo_plugin/share/car_gazebo_plugin/cmake/car_gazebo_pluginConfig-version.cmake
[46.347s] -- Up-to-date symlink: /home/ros2/assignment/install/car_gazebo_plugin/share/car_gazebo_plugin/package.xml
[46.351s] Invoked command in '/home/ros2/assignment/build/car_gazebo_plugin' returned '0': AMENT_PREFIX_PATH=/home/ros2/assignment/install/smartcar_msgs:${AMENT_PREFIX_PATH} CMAKE_PREFIX_PATH=/home/ros2/assignment/install/smartcar_msgs:/opt/ros/humble LD_LIBRARY_PATH=/home/ros2/assignment/install/smartcar_msgs/lib:/usr/lib/x86_64-linux-gnu/gazebo-11/plugins:/opt/ros/humble/opt/rviz_ogre_vendor/lib:/opt/ros/humble/lib/x86_64-linux-gnu:/opt/ros/humble/lib:/usr/lib/x86_64-linux-gnu/gazebo-11/plugins:/usr/lib/x86_64-linux-gnu/gazebo-11/plugins:/usr/lib/x86_64-linux-gnu/gazebo-11/plugins PYTHONPATH=/home/ros2/assignment/install/smartcar_msgs/local/lib/python3.10/dist-packages:${PYTHONPATH} /usr/bin/cmake --install /home/ros2/assignment/build/car_gazebo_plugin
