[0.040s] Invoking command in '/home/ros2/assignment/build/smartcar_msgs': CMAKE_PREFIX_PATH=${CMAKE_PREFIX_PATH}:/opt/ros/humble /usr/bin/cmake --build /home/ros2/assignment/build/smartcar_msgs -- -j8 -l8
[0.136s] [  3%] Built target smartcar_msgs__cpp
[0.142s] [ 12%] Built target smartcar_msgs__rosidl_generator_c
[0.163s] [ 12%] Built target ament_cmake_python_copy_smartcar_msgs
[0.185s] [ 32%] Built target smartcar_msgs__rosidl_typesupport_introspection_cpp
[0.186s] [ 32%] Built target smartcar_msgs__rosidl_typesupport_introspection_c
[0.189s] [ 41%] Built target smartcar_msgs__rosidl_typesupport_fastrtps_cpp
[0.192s] [ 51%] Built target smartcar_msgs__rosidl_typesupport_fastrtps_c
[0.194s] [ 61%] Built target smartcar_msgs__rosidl_typesupport_cpp
[0.199s] [ 70%] Built target smartcar_msgs__rosidl_typesupport_c
[0.241s] [ 70%] Built target smartcar_msgs
[0.278s] [ 74%] Built target smartcar_msgs__py
[0.325s] [ 80%] Built target smartcar_msgs__rosidl_generator_py
[0.364s] [ 90%] Built target smartcar_msgs__rosidl_typesupport_fastrtps_c__pyext
[0.365s] [100%] Built target smartcar_msgs__rosidl_typesupport_introspection_c__pyext
[0.365s] [100%] Built target smartcar_msgs__rosidl_typesupport_c__pyext
[0.628s] running egg_info
[0.630s] writing smartcar_msgs.egg-info/PKG-INFO
[0.630s] writing dependency_links to smartcar_msgs.egg-info/dependency_links.txt
[0.631s] writing top-level names to smartcar_msgs.egg-info/top_level.txt
[0.638s] reading manifest file 'smartcar_msgs.egg-info/SOURCES.txt'
[0.639s] writing manifest file 'smartcar_msgs.egg-info/SOURCES.txt'
[0.686s] [100%] Built target ament_cmake_python_build_smartcar_msgs_egg
