[0.028s] Invoking command in '/home/ros2/assignment/build/smart_car': CMAKE_PREFIX_PATH=${CMAKE_PREFIX_PATH}:/opt/ros/humble /usr/bin/cmake /home/ros2/assignment/src/smart_car -DCMAKE_INSTALL_PREFIX=/home/ros2/assignment/install/smart_car
[0.129s] -- The C compiler identification is GNU 11.4.0
[0.247s] -- The CXX compiler identification is GNU 11.4.0
[0.262s] -- Detecting C compiler ABI info
[0.367s] -- Detecting C compiler ABI info - done
[0.383s] -- Check for working C compiler: /usr/lib/ccache/gcc - skipped
[0.384s] -- Detecting C compile features
[0.384s] -- Detecting C compile features - done
[0.389s] -- Detecting CXX compiler ABI info
[0.516s] -- Detecting CXX compiler ABI info - done
[0.533s] -- Check for working CXX compiler: /usr/lib/ccache/g++ - skipped
[0.534s] -- Detecting CXX compile features
[0.534s] -- Detecting CXX compile features - done
[0.539s] -- Found ament_cmake: 1.3.10 (/opt/ros/humble/share/ament_cmake/cmake)
[0.788s] -- Found Python3: /usr/bin/python3 (found version "3.10.12") found components: Interpreter 
[0.934s] -- Found rclcpp: 16.0.10 (/opt/ros/humble/share/rclcpp/cmake)
[0.995s] -- Found rosidl_generator_c: 3.1.5 (/opt/ros/humble/share/rosidl_generator_c/cmake)
[1.002s] -- Found rosidl_adapter: 3.1.5 (/opt/ros/humble/share/rosidl_adapter/cmake)
[1.015s] -- Found rosidl_generator_cpp: 3.1.5 (/opt/ros/humble/share/rosidl_generator_cpp/cmake)
[1.035s] -- Using all available rosidl_typesupport_c: rosidl_typesupport_fastrtps_c;rosidl_typesupport_introspection_c
[1.063s] -- Using all available rosidl_typesupport_cpp: rosidl_typesupport_fastrtps_cpp;rosidl_typesupport_introspection_cpp
[1.140s] -- Found rmw_implementation_cmake: 6.1.2 (/opt/ros/humble/share/rmw_implementation_cmake/cmake)
[1.144s] -- Found rmw_cyclonedds_cpp: 1.3.4 (/opt/ros/humble/share/rmw_cyclonedds_cpp/cmake)
[1.183s] -- Using RMW implementation 'rmw_cyclonedds_cpp' as default
[1.196s] -- Looking for pthread.h
[1.304s] -- Looking for pthread.h - found
[1.304s] -- Performing Test CMAKE_HAVE_LIBC_PTHREAD
[1.418s] -- Performing Test CMAKE_HAVE_LIBC_PTHREAD - Success
[1.420s] -- Found Threads: TRUE  
[1.646s] -- Configuring done
[1.653s] -- Generating done
[1.656s] -- Build files have been written to: /home/ros2/assignment/build/smart_car
[1.670s] Invoked command in '/home/ros2/assignment/build/smart_car' returned '0': CMAKE_PREFIX_PATH=${CMAKE_PREFIX_PATH}:/opt/ros/humble /usr/bin/cmake /home/ros2/assignment/src/smart_car -DCMAKE_INSTALL_PREFIX=/home/ros2/assignment/install/smart_car
[1.674s] Invoking command in '/home/ros2/assignment/build/smart_car': CMAKE_PREFIX_PATH=${CMAKE_PREFIX_PATH}:/opt/ros/humble /usr/bin/cmake --build /home/ros2/assignment/build/smart_car -- -j8 -l8
[1.745s] Invoked command in '/home/ros2/assignment/build/smart_car' returned '0': CMAKE_PREFIX_PATH=${CMAKE_PREFIX_PATH}:/opt/ros/humble /usr/bin/cmake --build /home/ros2/assignment/build/smart_car -- -j8 -l8
[1.801s] Invoking command in '/home/ros2/assignment/build/smart_car': CMAKE_PREFIX_PATH=${CMAKE_PREFIX_PATH}:/opt/ros/humble /usr/bin/cmake --install /home/ros2/assignment/build/smart_car
[1.814s] -- Install configuration: ""
[1.814s] -- Installing: /home/ros2/assignment/install/smart_car/share/smart_car/launch
[1.814s] -- Installing: /home/ros2/assignment/install/smart_car/share/smart_car/launch/smartcar.launch.py
[1.814s] -- Installing: /home/ros2/assignment/install/smart_car/share/smart_car/launch/smartcar_gazebo.launch.py
[1.814s] -- Installing: /home/ros2/assignment/install/smart_car/share/smart_car/urdf
[1.815s] -- Installing: /home/ros2/assignment/install/smart_car/share/smart_car/urdf/smartcar.urdf.xacro
[1.815s] -- Installing: /home/ros2/assignment/install/smart_car/share/smart_car/urdf/smartcar.urdf
[1.815s] -- Installing: /home/ros2/assignment/install/smart_car/share/smart_car/rviz
[1.815s] -- Installing: /home/ros2/assignment/install/smart_car/share/smart_car/rviz/smartcar.rviz
[1.816s] -- Installing: /home/ros2/assignment/install/smart_car/share/ament_index/resource_index/package_run_dependencies/smart_car
[1.816s] -- Installing: /home/ros2/assignment/install/smart_car/share/ament_index/resource_index/parent_prefix_path/smart_car
[1.816s] -- Installing: /home/ros2/assignment/install/smart_car/share/smart_car/environment/ament_prefix_path.sh
[1.817s] -- Installing: /home/ros2/assignment/install/smart_car/share/smart_car/environment/ament_prefix_path.dsv
[1.817s] -- Installing: /home/ros2/assignment/install/smart_car/share/smart_car/environment/path.sh
[1.817s] -- Installing: /home/ros2/assignment/install/smart_car/share/smart_car/environment/path.dsv
[1.818s] -- Installing: /home/ros2/assignment/install/smart_car/share/smart_car/local_setup.bash
[1.818s] -- Installing: /home/ros2/assignment/install/smart_car/share/smart_car/local_setup.sh
[1.818s] -- Installing: /home/ros2/assignment/install/smart_car/share/smart_car/local_setup.zsh
[1.819s] -- Installing: /home/ros2/assignment/install/smart_car/share/smart_car/local_setup.dsv
[1.819s] -- Installing: /home/ros2/assignment/install/smart_car/share/smart_car/package.dsv
[1.819s] -- Installing: /home/ros2/assignment/install/smart_car/share/ament_index/resource_index/packages/smart_car
[1.820s] -- Installing: /home/ros2/assignment/install/smart_car/share/smart_car/cmake/smart_carConfig.cmake
[1.820s] -- Installing: /home/ros2/assignment/install/smart_car/share/smart_car/cmake/smart_carConfig-version.cmake
[1.820s] -- Installing: /home/ros2/assignment/install/smart_car/share/smart_car/package.xml
[1.825s] Invoked command in '/home/ros2/assignment/build/smart_car' returned '0': CMAKE_PREFIX_PATH=${CMAKE_PREFIX_PATH}:/opt/ros/humble /usr/bin/cmake --install /home/ros2/assignment/build/smart_car
